Start testing: Mar 22 16:07 CET
----------------------------------------------------------
1/2 Testing: tiny_run
1/2 Test: tiny_run
Command: "/home/dproksch/master_thesis/CronosCelerityBlock/build/proj" "/home/dproksch/master_thesis/CronosCelerityBlock/build/tests/SodToro5HllcRef_tiny" "SodToro5HllcRef"
Directory: /home/dproksch/master_thesis/CronosCelerityBlock/build
"tiny_run" start time: Mar 22 16:07 CET
Output:
----------------------------------------------------------
[2023-03-22 16:07:38.957] [0] [info] Celerity runtime version 0.3.2 59e7d61 running on hipSYCL 0.9.3. PID = 2808, build type = release
[2023-03-22 16:07:39.250] [0] [info] Using platform 'CUDA', device 'NVIDIA GeForce RTX 3060' (automatically selected platform 0, device 0)
 Writing Lines: /Lx
 Writing Nodes: /Xn
 Writing Cells: /Xc
 Writing Multi /Tx
 Done 
 Writing Lines: /Ly
 Writing Nodes: /Yn
 Writing Cells: /Yc
 Writing Multi /Ty
 Done 
 Writing Lines: /Lz
 Writing Nodes: /Zn
 Writing Cells: /Zc
 Writing Multi /Tz
 Done 
creating omSYCL buffer size 206, 7, 7
creating omSYCL buffer size 206, 7, 7
creating omSYCL buffer size 206, 7, 7
creating omSYCL buffer size 206, 7, 7
creating omSYCL buffer size 206, 7, 7
creating omSYCL buffer size 206, 7, 7
creating omSYCL buffer size 206, 7, 7
creating omSYCL buffer size 206, 7, 7
creating omSYCL buffer size 206, 7, 7
creating omSYCL buffer size 206, 7, 7
creating omSYCL buffer size 206, 7, 7
creating omSYCL buffer size 206, 7, 7
 My upper type: 0 2 2
======================================================
 Writing info on... 
  ... Runge Kutta Stepping 
  ... value of cfl number 
  ... I/O of data 
  ... Energetics 
  ... divergence of B 
  ... Timing 
======================================================
 Using the HLLC solver 
calling init (type=99)...
 Shock Tube problem (HD) 1D 
199 0 0
all ICs set.
 Storing values for fixed boundaries 
------- Field ids-------------------------------------
Add0      ->  5
Add1      ->  6
Etherm    ->  4
rho       ->  0
v_x       ->  1
v_y       ->  2
v_z       ->  3
dV: 0.005
1 1 1 1 1 1 1 1 1 1 1 1 1 1 1 1 1 1 1 1 1 1 1 1 1 1 1 1 1 1 1 1 1 1 1 1 1 1 1 1 1 1 1 1 1 1 1 1 1 1 1 1 1 1 1 1 1 1 1 1 1 1 1 1 1 1 1 1 1 1 1 1 1 1 1 1 1 1 1 1 1 1 1 1 1 1 1 1 1 1 1 1 1 1 1 1 1 1 1 1 1 1 1 1 1 1 1 1 1 1 1 1 1 1 1 1 1 1 1 1 1 1 1 1 1 1 1 1 1 1 1 1 1 1 1 1 1 1 1 1 1 1 1 1 1 1 1 1 1 1 1 1 1 1 1 1 1 1 1 1 1 1 1 1 1 1 1 1 1 1 1 1 1 1 1 1 1 1 1 1 1 1 1 1 1 1 1 1 1 1 1 1 1 1 1 1 1 1 1 1 




-------Fluctuations-----------------------------------
 E_kin:  0.000e+00 E_dyn:  0.000e+00
-------Energertics:-----------------------------------
 E_ges:  1.442e+03 E_th:   0.000e+00
-------Dynamics:--------------------------------------
 Vorti.: 0.000e+00 Enstr.: 0.000e+00 M_rms:       -nan
-------Conserved quantities:--------------------------
 Mass: 1.000e+00 err: 0.000e+00
 p_x:  -1.960e+01 err: 0.000e+00
 p_y:  0.000e+00 err: 0.000e+00
 p_z:  0.000e+00 err: 0.000e+00
 Eges: 1.442e+03 err: 0.000e+00
......................................................
    Movie Output triggered 
......................................................
......................................................
   Output (flt)  triggered at time: 0
......................................................
======================================================
Integrating: time = 0 with dt = 2e-06 at step 0
  RKSTEP = 1
  Using Reconst:  - rho - dir 0 - substep -1
  Using Reconst:  - v_x - dir 0 - substep -1
  Using Reconst:  - v_y - dir 0 - substep -1
  Using Reconst:  - v_z - dir 0 - substep -1
  Using Reconst:  - Etherm - dir 0 - substep -1
rangeEnd[0]: 203
cfl: 11402.8
qch: 0
3,3,3 4,3,3 5,3,3 6,3,3 7,3,3 8,3,3 9,3,3 10,3,3 11,3,3 12,3,3 13,3,3 14,3,3 15,3,3 16,3,3 17,3,3 18,3,3 19,3,3 20,3,3 21,3,3 22,3,3 23,3,3 24,3,3 25,3,3 26,3,3 27,3,3 28,3,3 29,3,3 30,3,3 31,3,3 32,3,3 33,3,3 34,3,3 35,3,3 36,3,3 37,3,3 38,3,3 39,3,3 40,3,3 41,3,3 42,3,3 43,3,3 44,3,3 45,3,3 46,3,3 47,3,3 48,3,3 49,3,3 50,3,3 51,3,3 52,3,3 53,3,3 54,3,3 55,3,3 56,3,3 57,3,3 58,3,3 59,3,3 60,3,3 61,3,3 62,3,3 63,3,3 64,3,3 65,3,3 66,3,3 67,3,3 68,3,3 69,3,3 70,3,3 71,3,3 72,3,3 73,3,3 74,3,3 75,3,3 76,3,3 77,3,3 78,3,3 79,3,3 80,3,3 81,3,3 82,3,3 83,3,3 84,3,3 85,3,3 86,3,3 87,3,3 88,3,3 89,3,3 90,3,3 91,3,3 92,3,3 93,3,3 94,3,3 95,3,3 96,3,3 97,3,3 98,3,3 99,3,3 100,3,3 101,3,3 102,3,3 103,3,3 104,3,3 105,3,3 106,3,3 107,3,3 108,3,3 109,3,3 110,3,3 111,3,3 112,3,3 113,3,3 114,3,3 115,3,3 116,3,3 117,3,3 118,3,3 119,3,3 120,3,3 121,3,3 122,3,3 123,3,3 124,3,3 125,3,3 126,3,3 127,3,3 128,3,3 129,3,3 130,3,3 131,3,3 132,3,3 133,3,3 134,3,3 135,3,3 136,3,3 137,3,3 138,3,3 139,3,3 140,3,3 141,3,3 142,3,3 143,3,3 144,3,3 145,3,3 146,3,3 147,3,3 148,3,3 149,3,3 150,3,3 151,3,3 152,3,3 153,3,3 154,3,3 155,3,3 156,3,3 157,3,3 158,3,3 159,3,3 160,3,3 161,3,3 162,3,3 163,3,3 164,3,3 165,3,3 166,3,3 167,3,3 168,3,3 169,3,3 170,3,3 171,3,3 172,3,3 173,3,3 174,3,3 175,3,3 176,3,3 177,3,3 178,3,3 179,3,3 180,3,3 181,3,3 182,3,3 183,3,3 184,3,3 185,3,3 186,3,3 187,3,3 188,3,3 189,3,3 190,3,3 191,3,3 192,3,3 193,3,3 194,3,3 195,3,3 196,3,3 197,3,3 198,3,3 199,3,3 200,3,3 201,3,3 202,3,3 
qch: 1
3,3,3 4,3,3 5,3,3 6,3,3 7,3,3 8,3,3 9,3,3 10,3,3 11,3,3 12,3,3 13,3,3 14,3,3 15,3,3 16,3,3 17,3,3 18,3,3 19,3,3 20,3,3 21,3,3 22,3,3 23,3,3 24,3,3 25,3,3 26,3,3 27,3,3 28,3,3 29,3,3 30,3,3 31,3,3 32,3,3 33,3,3 34,3,3 35,3,3 36,3,3 37,3,3 38,3,3 39,3,3 40,3,3 41,3,3 42,3,3 43,3,3 44,3,3 45,3,3 46,3,3 47,3,3 48,3,3 49,3,3 50,3,3 51,3,3 52,3,3 53,3,3 54,3,3 55,3,3 56,3,3 57,3,3 58,3,3 59,3,3 60,3,3 61,3,3 62,3,3 63,3,3 64,3,3 65,3,3 66,3,3 67,3,3 68,3,3 69,3,3 70,3,3 71,3,3 72,3,3 73,3,3 74,3,3 75,3,3 76,3,3 77,3,3 78,3,3 79,3,3 80,3,3 81,3,3 82,3,3 83,3,3 84,3,3 85,3,3 86,3,3 87,3,3 88,3,3 89,3,3 90,3,3 91,3,3 92,3,3 93,3,3 94,3,3 95,3,3 96,3,3 97,3,3 98,3,3 99,3,3 100,3,3 101,3,3 102,3,3 103,3,3 104,3,3 105,3,3 106,3,3 107,3,3 108,3,3 109,3,3 110,3,3 111,3,3 112,3,3 113,3,3 114,3,3 115,3,3 116,3,3 117,3,3 118,3,3 119,3,3 120,3,3 121,3,3 122,3,3 123,3,3 124,3,3 125,3,3 126,3,3 127,3,3 128,3,3 129,3,3 130,3,3 131,3,3 132,3,3 133,3,3 134,3,3 135,3,3 136,3,3 137,3,3 138,3,3 139,3,3 140,3,3 141,3,3 142,3,3 143,3,3 144,3,3 145,3,3 146,3,3 147,3,3 148,3,3 149,3,3 150,3,3 151,3,3 152,3,3 153,3,3 154,3,3 155,3,3 156,3,3 157,3,3 158,3,3 159,3,3 160,3,3 161,3,3 162,3,3 163,3,3 164,3,3 165,3,3 166,3,3 167,3,3 168,3,3 169,3,3 170,3,3 171,3,3 172,3,3 173,3,3 174,3,3 175,3,3 176,3,3 177,3,3 178,3,3 179,3,3 180,3,3 181,3,3 182,3,3 183,3,3 184,3,3 185,3,3 186,3,3 187,3,3 188,3,3 189,3,3 190,3,3 191,3,3 192,3,3 193,3,3 194,3,3 195,3,3 196,3,3 197,3,3 198,3,3 199,3,3 200,3,3 201,3,3 202,3,3 
qch: 2
3,3,3 4,3,3 5,3,3 6,3,3 7,3,3 8,3,3 9,3,3 10,3,3 11,3,3 12,3,3 13,3,3 14,3,3 15,3,3 16,3,3 17,3,3 18,3,3 19,3,3 20,3,3 21,3,3 22,3,3 23,3,3 24,3,3 25,3,3 26,3,3 27,3,3 28,3,3 29,3,3 30,3,3 31,3,3 32,3,3 33,3,3 34,3,3 35,3,3 36,3,3 37,3,3 38,3,3 39,3,3 40,3,3 41,3,3 42,3,3 43,3,3 44,3,3 45,3,3 46,3,3 47,3,3 48,3,3 49,3,3 50,3,3 51,3,3 52,3,3 53,3,3 54,3,3 55,3,3 56,3,3 57,3,3 58,3,3 59,3,3 60,3,3 61,3,3 62,3,3 63,3,3 64,3,3 65,3,3 66,3,3 67,3,3 68,3,3 69,3,3 70,3,3 71,3,3 72,3,3 73,3,3 74,3,3 75,3,3 76,3,3 77,3,3 78,3,3 79,3,3 80,3,3 81,3,3 82,3,3 83,3,3 84,3,3 85,3,3 86,3,3 87,3,3 88,3,3 89,3,3 90,3,3 91,3,3 92,3,3 93,3,3 94,3,3 95,3,3 96,3,3 97,3,3 98,3,3 99,3,3 100,3,3 101,3,3 102,3,3 103,3,3 104,3,3 105,3,3 106,3,3 107,3,3 108,3,3 109,3,3 110,3,3 111,3,3 112,3,3 113,3,3 114,3,3 115,3,3 116,3,3 117,3,3 118,3,3 119,3,3 120,3,3 121,3,3 122,3,3 123,3,3 124,3,3 125,3,3 126,3,3 127,3,3 128,3,3 129,3,3 130,3,3 131,3,3 132,3,3 133,3,3 134,3,3 135,3,3 136,3,3 137,3,3 138,3,3 139,3,3 140,3,3 141,3,3 142,3,3 143,3,3 144,3,3 145,3,3 146,3,3 147,3,3 148,3,3 149,3,3 150,3,3 151,3,3 152,3,3 153,3,3 154,3,3 155,3,3 156,3,3 157,3,3 158,3,3 159,3,3 160,3,3 161,3,3 162,3,3 163,3,3 164,3,3 165,3,3 166,3,3 167,3,3 168,3,3 169,3,3 170,3,3 171,3,3 172,3,3 173,3,3 174,3,3 175,3,3 176,3,3 177,3,3 178,3,3 179,3,3 180,3,3 181,3,3 182,3,3 183,3,3 184,3,3 185,3,3 186,3,3 187,3,3 188,3,3 189,3,3 190,3,3 191,3,3 192,3,3 193,3,3 194,3,3 195,3,3 196,3,3 197,3,3 198,3,3 199,3,3 200,3,3 201,3,3 202,3,3 
qch: 3
3,3,3 4,3,3 5,3,3 6,3,3 7,3,3 8,3,3 9,3,3 10,3,3 11,3,3 12,3,3 13,3,3 14,3,3 15,3,3 16,3,3 17,3,3 18,3,3 19,3,3 20,3,3 21,3,3 22,3,3 23,3,3 24,3,3 25,3,3 26,3,3 27,3,3 28,3,3 29,3,3 30,3,3 31,3,3 32,3,3 33,3,3 34,3,3 35,3,3 36,3,3 37,3,3 38,3,3 39,3,3 40,3,3 41,3,3 42,3,3 43,3,3 44,3,3 45,3,3 46,3,3 47,3,3 48,3,3 49,3,3 50,3,3 51,3,3 52,3,3 53,3,3 54,3,3 55,3,3 56,3,3 57,3,3 58,3,3 59,3,3 60,3,3 61,3,3 62,3,3 63,3,3 64,3,3 65,3,3 66,3,3 67,3,3 68,3,3 69,3,3 70,3,3 71,3,3 72,3,3 73,3,3 74,3,3 75,3,3 76,3,3 77,3,3 78,3,3 79,3,3 80,3,3 81,3,3 82,3,3 83,3,3 84,3,3 85,3,3 86,3,3 87,3,3 88,3,3 89,3,3 90,3,3 91,3,3 92,3,3 93,3,3 94,3,3 95,3,3 96,3,3 97,3,3 98,3,3 99,3,3 100,3,3 101,3,3 102,3,3 103,3,3 104,3,3 105,3,3 106,3,3 107,3,3 108,3,3 109,3,3 110,3,3 111,3,3 112,3,3 113,3,3 114,3,3 115,3,3 116,3,3 117,3,3 118,3,3 119,3,3 120,3,3 121,3,3 122,3,3 123,3,3 124,3,3 125,3,3 126,3,3 127,3,3 128,3,3 129,3,3 130,3,3 131,3,3 132,3,3 133,3,3 134,3,3 135,3,3 136,3,3 137,3,3 138,3,3 139,3,3 140,3,3 141,3,3 142,3,3 143,3,3 144,3,3 145,3,3 146,3,3 147,3,3 148,3,3 149,3,3 150,3,3 151,3,3 152,3,3 153,3,3 154,3,3 155,3,3 156,3,3 157,3,3 158,3,3 159,3,3 160,3,3 161,3,3 162,3,3 163,3,3 164,3,3 165,3,3 166,3,3 167,3,3 168,3,3 169,3,3 170,3,3 171,3,3 172,3,3 173,3,3 174,3,3 175,3,3 176,3,3 177,3,3 178,3,3 179,3,3 180,3,3 181,3,3 182,3,3 183,3,3 184,3,3 185,3,3 186,3,3 187,3,3 188,3,3 189,3,3 190,3,3 191,3,3 192,3,3 193,3,3 194,3,3 195,3,3 196,3,3 197,3,3 198,3,3 199,3,3 200,3,3 201,3,3 202,3,3 
qch: 4
3,3,3 4,3,3 5,3,3 6,3,3 7,3,3 8,3,3 9,3,3 10,3,3 11,3,3 12,3,3 13,3,3 14,3,3 15,3,3 16,3,3 17,3,3 18,3,3 19,3,3 20,3,3 21,3,3 22,3,3 23,3,3 24,3,3 25,3,3 26,3,3 27,3,3 28,3,3 29,3,3 30,3,3 31,3,3 32,3,3 33,3,3 34,3,3 35,3,3 36,3,3 37,3,3 38,3,3 39,3,3 40,3,3 41,3,3 42,3,3 43,3,3 44,3,3 45,3,3 46,3,3 47,3,3 48,3,3 49,3,3 50,3,3 51,3,3 52,3,3 53,3,3 54,3,3 55,3,3 56,3,3 57,3,3 58,3,3 59,3,3 60,3,3 61,3,3 62,3,3 63,3,3 64,3,3 65,3,3 66,3,3 67,3,3 68,3,3 69,3,3 70,3,3 71,3,3 72,3,3 73,3,3 74,3,3 75,3,3 76,3,3 77,3,3 78,3,3 79,3,3 80,3,3 81,3,3 82,3,3 83,3,3 84,3,3 85,3,3 86,3,3 87,3,3 88,3,3 89,3,3 90,3,3 91,3,3 92,3,3 93,3,3 94,3,3 95,3,3 96,3,3 97,3,3 98,3,3 99,3,3 100,3,3 101,3,3 102,3,3 103,3,3 104,3,3 105,3,3 106,3,3 107,3,3 108,3,3 109,3,3 110,3,3 111,3,3 112,3,3 113,3,3 114,3,3 115,3,3 116,3,3 117,3,3 118,3,3 119,3,3 120,3,3 121,3,3 122,3,3 123,3,3 124,3,3 125,3,3 126,3,3 127,3,3 128,3,3 129,3,3 130,3,3 131,3,3 132,3,3 133,3,3 134,3,3 135,3,3 136,3,3 137,3,3 138,3,3 139,3,3 140,3,3 141,3,3 142,3,3 143,3,3 144,3,3 145,3,3 146,3,3 147,3,3 148,3,3 149,3,3 150,3,3 151,3,3 152,3,3 153,3,3 154,3,3 155,3,3 156,3,3 157,3,3 158,3,3 159,3,3 160,3,3 161,3,3 162,3,3 163,3,3 164,3,3 165,3,3 166,3,3 167,3,3 168,3,3 169,3,3 170,3,3 171,3,3 172,3,3 173,3,3 174,3,3 175,3,3 176,3,3 177,3,3 178,3,3 179,3,3 180,3,3 181,3,3 182,3,3 183,3,3 184,3,3 185,3,3 186,3,3 187,3,3 188,3,3 189,3,3 190,3,3 191,3,3 192,3,3 193,3,3 194,3,3 195,3,3 196,3,3 197,3,3 198,3,3 199,3,3 200,3,3 201,3,3 202,3,3 
dV: 0.005
1 1 1 1 1 1 1 1 1 1 1 1 1 1 1 1 1 1 1 1 1 1 1 1 1 1 1 1 1 1 1 1 1 1 1 1 1 1 1 1 1 1 1 1 1 1 1 1 1 1 1 1 1 1 1 1 1 1 1 1 1 1 1 1 1 1 1 1 1 1 1 1 1 1 1 1 1 1 1 1 1 1 1 1 1 1 1 1 1 1 1 1 1 1 1 1 1 1 1 0.99604 1.00396 1 1 1 1 1 1 1 1 1 1 1 1 1 1 1 1 1 1 1 1 1 1 1 1 1 1 1 1 1 1 1 1 1 1 1 1 1 1 1 1 1 1 1 1 1 1 1 1 1 1 1 1 1 1 1 1 1 1 1 1 1 1 1 1 1 1 1 1 1 1 1 1 1 1 1 1 1 1 1 1 1 1 1 1 1 1 1 1 1 1 1 1 1 1 1 1 1 1 1 




  RKSTEP = 2
  Using Reconst:  - rho - dir 0 - substep -1
  Using Reconst:  - v_x - dir 0 - substep -1
  Using Reconst:  - v_y - dir 0 - substep -1
  Using Reconst:  - v_z - dir 0 - substep -1
  Using Reconst:  - Etherm - dir 0 - substep -1
rangeEnd[0]: 203
cfl: 11402.8
qch: 0
3,3,3 4,3,3 5,3,3 6,3,3 7,3,3 8,3,3 9,3,3 10,3,3 11,3,3 12,3,3 13,3,3 14,3,3 15,3,3 16,3,3 17,3,3 18,3,3 19,3,3 20,3,3 21,3,3 22,3,3 23,3,3 24,3,3 25,3,3 26,3,3 27,3,3 28,3,3 29,3,3 30,3,3 31,3,3 32,3,3 33,3,3 34,3,3 35,3,3 36,3,3 37,3,3 38,3,3 39,3,3 40,3,3 41,3,3 42,3,3 43,3,3 44,3,3 45,3,3 46,3,3 47,3,3 48,3,3 49,3,3 50,3,3 51,3,3 52,3,3 53,3,3 54,3,3 55,3,3 56,3,3 57,3,3 58,3,3 59,3,3 60,3,3 61,3,3 62,3,3 63,3,3 64,3,3 65,3,3 66,3,3 67,3,3 68,3,3 69,3,3 70,3,3 71,3,3 72,3,3 73,3,3 74,3,3 75,3,3 76,3,3 77,3,3 78,3,3 79,3,3 80,3,3 81,3,3 82,3,3 83,3,3 84,3,3 85,3,3 86,3,3 87,3,3 88,3,3 89,3,3 90,3,3 91,3,3 92,3,3 93,3,3 94,3,3 95,3,3 96,3,3 97,3,3 98,3,3 99,3,3 100,3,3 101,3,3 102,3,3 103,3,3 104,3,3 105,3,3 106,3,3 107,3,3 108,3,3 109,3,3 110,3,3 111,3,3 112,3,3 113,3,3 114,3,3 115,3,3 116,3,3 117,3,3 118,3,3 119,3,3 120,3,3 121,3,3 122,3,3 123,3,3 124,3,3 125,3,3 126,3,3 127,3,3 128,3,3 129,3,3 130,3,3 131,3,3 132,3,3 133,3,3 134,3,3 135,3,3 136,3,3 137,3,3 138,3,3 139,3,3 140,3,3 141,3,3 142,3,3 143,3,3 144,3,3 145,3,3 146,3,3 147,3,3 148,3,3 149,3,3 150,3,3 151,3,3 152,3,3 153,3,3 154,3,3 155,3,3 156,3,3 157,3,3 158,3,3 159,3,3 160,3,3 161,3,3 162,3,3 163,3,3 164,3,3 165,3,3 166,3,3 167,3,3 168,3,3 169,3,3 170,3,3 171,3,3 172,3,3 173,3,3 174,3,3 175,3,3 176,3,3 177,3,3 178,3,3 179,3,3 180,3,3 181,3,3 182,3,3 183,3,3 184,3,3 185,3,3 186,3,3 187,3,3 188,3,3 189,3,3 190,3,3 191,3,3 192,3,3 193,3,3 194,3,3 195,3,3 196,3,3 197,3,3 198,3,3 199,3,3 200,3,3 201,3,3 202,3,3 
qch: 1
3,3,3 4,3,3 5,3,3 6,3,3 7,3,3 8,3,3 9,3,3 10,3,3 11,3,3 12,3,3 13,3,3 14,3,3 15,3,3 16,3,3 17,3,3 18,3,3 19,3,3 20,3,3 21,3,3 22,3,3 23,3,3 24,3,3 25,3,3 26,3,3 27,3,3 28,3,3 29,3,3 30,3,3 31,3,3 32,3,3 33,3,3 34,3,3 35,3,3 36,3,3 37,3,3 38,3,3 39,3,3 40,3,3 41,3,3 42,3,3 43,3,3 44,3,3 45,3,3 46,3,3 47,3,3 48,3,3 49,3,3 50,3,3 51,3,3 52,3,3 53,3,3 54,3,3 55,3,3 56,3,3 57,3,3 58,3,3 59,3,3 60,3,3 61,3,3 62,3,3 63,3,3 64,3,3 65,3,3 66,3,3 67,3,3 68,3,3 69,3,3 70,3,3 71,3,3 72,3,3 73,3,3 74,3,3 75,3,3 76,3,3 77,3,3 78,3,3 79,3,3 80,3,3 81,3,3 82,3,3 83,3,3 84,3,3 85,3,3 86,3,3 87,3,3 88,3,3 89,3,3 90,3,3 91,3,3 92,3,3 93,3,3 94,3,3 95,3,3 96,3,3 97,3,3 98,3,3 99,3,3 100,3,3 101,3,3 102,3,3 103,3,3 104,3,3 105,3,3 106,3,3 107,3,3 108,3,3 109,3,3 110,3,3 111,3,3 112,3,3 113,3,3 114,3,3 115,3,3 116,3,3 117,3,3 118,3,3 119,3,3 120,3,3 121,3,3 122,3,3 123,3,3 124,3,3 125,3,3 126,3,3 127,3,3 128,3,3 129,3,3 130,3,3 131,3,3 132,3,3 133,3,3 134,3,3 135,3,3 136,3,3 137,3,3 138,3,3 139,3,3 140,3,3 141,3,3 142,3,3 143,3,3 144,3,3 145,3,3 146,3,3 147,3,3 148,3,3 149,3,3 150,3,3 151,3,3 152,3,3 153,3,3 154,3,3 155,3,3 156,3,3 157,3,3 158,3,3 159,3,3 160,3,3 161,3,3 162,3,3 163,3,3 164,3,3 165,3,3 166,3,3 167,3,3 168,3,3 169,3,3 170,3,3 171,3,3 172,3,3 173,3,3 174,3,3 175,3,3 176,3,3 177,3,3 178,3,3 179,3,3 180,3,3 181,3,3 182,3,3 183,3,3 184,3,3 185,3,3 186,3,3 187,3,3 188,3,3 189,3,3 190,3,3 191,3,3 192,3,3 193,3,3 194,3,3 195,3,3 196,3,3 197,3,3 198,3,3 199,3,3 200,3,3 201,3,3 202,3,3 
qch: 2
3,3,3 4,3,3 5,3,3 6,3,3 7,3,3 8,3,3 9,3,3 10,3,3 11,3,3 12,3,3 13,3,3 14,3,3 15,3,3 16,3,3 17,3,3 18,3,3 19,3,3 20,3,3 21,3,3 22,3,3 23,3,3 24,3,3 25,3,3 26,3,3 27,3,3 28,3,3 29,3,3 30,3,3 31,3,3 32,3,3 33,3,3 34,3,3 35,3,3 36,3,3 37,3,3 38,3,3 39,3,3 40,3,3 41,3,3 42,3,3 43,3,3 44,3,3 45,3,3 46,3,3 47,3,3 48,3,3 49,3,3 50,3,3 51,3,3 52,3,3 53,3,3 54,3,3 55,3,3 56,3,3 57,3,3 58,3,3 59,3,3 60,3,3 61,3,3 62,3,3 63,3,3 64,3,3 65,3,3 66,3,3 67,3,3 68,3,3 69,3,3 70,3,3 71,3,3 72,3,3 73,3,3 74,3,3 75,3,3 76,3,3 77,3,3 78,3,3 79,3,3 80,3,3 81,3,3 82,3,3 83,3,3 84,3,3 85,3,3 86,3,3 87,3,3 88,3,3 89,3,3 90,3,3 91,3,3 92,3,3 93,3,3 94,3,3 95,3,3 96,3,3 97,3,3 98,3,3 99,3,3 100,3,3 101,3,3 102,3,3 103,3,3 104,3,3 105,3,3 106,3,3 107,3,3 108,3,3 109,3,3 110,3,3 111,3,3 112,3,3 113,3,3 114,3,3 115,3,3 116,3,3 117,3,3 118,3,3 119,3,3 120,3,3 121,3,3 122,3,3 123,3,3 124,3,3 125,3,3 126,3,3 127,3,3 128,3,3 129,3,3 130,3,3 131,3,3 132,3,3 133,3,3 134,3,3 135,3,3 136,3,3 137,3,3 138,3,3 139,3,3 140,3,3 141,3,3 142,3,3 143,3,3 144,3,3 145,3,3 146,3,3 147,3,3 148,3,3 149,3,3 150,3,3 151,3,3 152,3,3 153,3,3 154,3,3 155,3,3 156,3,3 157,3,3 158,3,3 159,3,3 160,3,3 161,3,3 162,3,3 163,3,3 164,3,3 165,3,3 166,3,3 167,3,3 168,3,3 169,3,3 170,3,3 171,3,3 172,3,3 173,3,3 174,3,3 175,3,3 176,3,3 177,3,3 178,3,3 179,3,3 180,3,3 181,3,3 182,3,3 183,3,3 184,3,3 185,3,3 186,3,3 187,3,3 188,3,3 189,3,3 190,3,3 191,3,3 192,3,3 193,3,3 194,3,3 195,3,3 196,3,3 197,3,3 198,3,3 199,3,3 200,3,3 201,3,3 202,3,3 
qch: 3
3,3,3 4,3,3 5,3,3 6,3,3 7,3,3 8,3,3 9,3,3 10,3,3 11,3,3 12,3,3 13,3,3 14,3,3 15,3,3 16,3,3 17,3,3 18,3,3 19,3,3 20,3,3 21,3,3 22,3,3 23,3,3 24,3,3 25,3,3 26,3,3 27,3,3 28,3,3 29,3,3 30,3,3 31,3,3 32,3,3 33,3,3 34,3,3 35,3,3 36,3,3 37,3,3 38,3,3 39,3,3 40,3,3 41,3,3 42,3,3 43,3,3 44,3,3 45,3,3 46,3,3 47,3,3 48,3,3 49,3,3 50,3,3 51,3,3 52,3,3 53,3,3 54,3,3 55,3,3 56,3,3 57,3,3 58,3,3 59,3,3 60,3,3 61,3,3 62,3,3 63,3,3 64,3,3 65,3,3 66,3,3 67,3,3 68,3,3 69,3,3 70,3,3 71,3,3 72,3,3 73,3,3 74,3,3 75,3,3 76,3,3 77,3,3 78,3,3 79,3,3 80,3,3 81,3,3 82,3,3 83,3,3 84,3,3 85,3,3 86,3,3 87,3,3 88,3,3 89,3,3 90,3,3 91,3,3 92,3,3 93,3,3 94,3,3 95,3,3 96,3,3 97,3,3 98,3,3 99,3,3 100,3,3 101,3,3 102,3,3 103,3,3 104,3,3 105,3,3 106,3,3 107,3,3 108,3,3 109,3,3 110,3,3 111,3,3 112,3,3 113,3,3 114,3,3 115,3,3 116,3,3 117,3,3 118,3,3 119,3,3 120,3,3 121,3,3 122,3,3 123,3,3 124,3,3 125,3,3 126,3,3 127,3,3 128,3,3 129,3,3 130,3,3 131,3,3 132,3,3 133,3,3 134,3,3 135,3,3 136,3,3 137,3,3 138,3,3 139,3,3 140,3,3 141,3,3 142,3,3 143,3,3 144,3,3 145,3,3 146,3,3 147,3,3 148,3,3 149,3,3 150,3,3 151,3,3 152,3,3 153,3,3 154,3,3 155,3,3 156,3,3 157,3,3 158,3,3 159,3,3 160,3,3 161,3,3 162,3,3 163,3,3 164,3,3 165,3,3 166,3,3 167,3,3 168,3,3 169,3,3 170,3,3 171,3,3 172,3,3 173,3,3 174,3,3 175,3,3 176,3,3 177,3,3 178,3,3 179,3,3 180,3,3 181,3,3 182,3,3 183,3,3 184,3,3 185,3,3 186,3,3 187,3,3 188,3,3 189,3,3 190,3,3 191,3,3 192,3,3 193,3,3 194,3,3 195,3,3 196,3,3 197,3,3 198,3,3 199,3,3 200,3,3 201,3,3 202,3,3 
qch: 4
3,3,3 4,3,3 5,3,3 6,3,3 7,3,3 8,3,3 9,3,3 10,3,3 11,3,3 12,3,3 13,3,3 14,3,3 15,3,3 16,3,3 17,3,3 18,3,3 19,3,3 20,3,3 21,3,3 22,3,3 23,3,3 24,3,3 25,3,3 26,3,3 27,3,3 28,3,3 29,3,3 30,3,3 31,3,3 32,3,3 33,3,3 34,3,3 35,3,3 36,3,3 37,3,3 38,3,3 39,3,3 40,3,3 41,3,3 42,3,3 43,3,3 44,3,3 45,3,3 46,3,3 47,3,3 48,3,3 49,3,3 50,3,3 51,3,3 52,3,3 53,3,3 54,3,3 55,3,3 56,3,3 57,3,3 58,3,3 59,3,3 60,3,3 61,3,3 62,3,3 63,3,3 64,3,3 65,3,3 66,3,3 67,3,3 68,3,3 69,3,3 70,3,3 71,3,3 72,3,3 73,3,3 74,3,3 75,3,3 76,3,3 77,3,3 78,3,3 79,3,3 80,3,3 81,3,3 82,3,3 83,3,3 84,3,3 85,3,3 86,3,3 87,3,3 88,3,3 89,3,3 90,3,3 91,3,3 92,3,3 93,3,3 94,3,3 95,3,3 96,3,3 97,3,3 98,3,3 99,3,3 100,3,3 101,3,3 102,3,3 103,3,3 104,3,3 105,3,3 106,3,3 107,3,3 108,3,3 109,3,3 110,3,3 111,3,3 112,3,3 113,3,3 114,3,3 115,3,3 116,3,3 117,3,3 118,3,3 119,3,3 120,3,3 121,3,3 122,3,3 123,3,3 124,3,3 125,3,3 126,3,3 127,3,3 128,3,3 129,3,3 130,3,3 131,3,3 132,3,3 133,3,3 134,3,3 135,3,3 136,3,3 137,3,3 138,3,3 139,3,3 140,3,3 141,3,3 142,3,3 143,3,3 144,3,3 145,3,3 146,3,3 147,3,3 148,3,3 149,3,3 150,3,3 151,3,3 152,3,3 153,3,3 154,3,3 155,3,3 156,3,3 157,3,3 158,3,3 159,3,3 160,3,3 161,3,3 162,3,3 163,3,3 164,3,3 165,3,3 166,3,3 167,3,3 168,3,3 169,3,3 170,3,3 171,3,3 172,3,3 173,3,3 174,3,3 175,3,3 176,3,3 177,3,3 178,3,3 179,3,3 180,3,3 181,3,3 182,3,3 183,3,3 184,3,3 185,3,3 186,3,3 187,3,3 188,3,3 189,3,3 190,3,3 191,3,3 192,3,3 193,3,3 194,3,3 195,3,3 196,3,3 197,3,3 198,3,3 199,3,3 200,3,3 201,3,3 202,3,3 
------------------------------------------------------
 Time needed for substeps:  0.00356913 8.4877e-05
             for full step: 0.0214031
dV: 0.005
1 1 1 1 1 1 1 1 1 1 1 1 1 1 1 1 1 1 1 1 1 1 1 1 1 1 1 1 1 1 1 1 1 1 1 1 1 1 1 1 1 1 1 1 1 1 1 1 1 1 1 1 1 1 1 1 1 1 1 1 1 1 1 1 1 1 1 1 1 1 1 1 1 1 1 1 1 1 1 1 1 1 1 1 1 1 1 1 1 1 1 1 1 1 1 1 1 1 0.999941 0.996074 1.00399 1 1 1 1 1 1 1 1 1 1 1 1 1 1 1 1 1 1 1 1 1 1 1 1 1 1 1 1 1 1 1 1 1 1 1 1 1 1 1 1 1 1 1 1 1 1 1 1 1 1 1 1 1 1 1 1 1 1 1 1 1 1 1 1 1 1 1 1 1 1 1 1 1 1 1 1 1 1 1 1 1 1 1 1 1 1 1 1 1 1 1 1 1 1 1 1 1 1 1 




-------Fluctuations-----------------------------------
 E_kin:  0.000e+00 E_dyn:  0.000e+00
-------Energertics:-----------------------------------
 E_ges:  1.442e+03 E_th:   0.000e+00
-------Dynamics:--------------------------------------
 Vorti.: 0.000e+00 Enstr.: 0.000e+00 M_rms:       -nan
-------Conserved quantities:--------------------------
 Mass: 1.000e+00 err: 0.000e+00
 p_x:  -1.960e+01 err: 1.021e-04
 p_y:  0.000e+00 err: 0.000e+00
 p_z:  0.000e+00 err: 0.000e+00
 Eges: 1.442e+03 err: -1.372e-01
......................................................
   Output (dbl)  triggered at time: 2e-06
......................................................
======================================================
Integrating: time = 2e-06 with dt = 3.50791e-05 at step 1
  RKSTEP = 1
  Using Reconst:  - rho - dir 0 - substep -1
  Using Reconst:  - v_x - dir 0 - substep -1
  Using Reconst:  - v_y - dir 0 - substep -1
  Using Reconst:  - v_z - dir 0 - substep -1
  Using Reconst:  - Etherm - dir 0 - substep -1
rangeEnd[0]: 203
cfl: 11402.8
qch: 0
3,3,3 4,3,3 5,3,3 6,3,3 7,3,3 8,3,3 9,3,3 10,3,3 11,3,3 12,3,3 13,3,3 14,3,3 15,3,3 16,3,3 17,3,3 18,3,3 19,3,3 20,3,3 21,3,3 22,3,3 23,3,3 24,3,3 25,3,3 26,3,3 27,3,3 28,3,3 29,3,3 30,3,3 31,3,3 32,3,3 33,3,3 34,3,3 35,3,3 36,3,3 37,3,3 38,3,3 39,3,3 40,3,3 41,3,3 42,3,3 43,3,3 44,3,3 45,3,3 46,3,3 47,3,3 48,3,3 49,3,3 50,3,3 51,3,3 52,3,3 53,3,3 54,3,3 55,3,3 56,3,3 57,3,3 58,3,3 59,3,3 60,3,3 61,3,3 62,3,3 63,3,3 64,3,3 65,3,3 66,3,3 67,3,3 68,3,3 69,3,3 70,3,3 71,3,3 72,3,3 73,3,3 74,3,3 75,3,3 76,3,3 77,3,3 78,3,3 79,3,3 80,3,3 81,3,3 82,3,3 83,3,3 84,3,3 85,3,3 86,3,3 87,3,3 88,3,3 89,3,3 90,3,3 91,3,3 92,3,3 93,3,3 94,3,3 95,3,3 96,3,3 97,3,3 98,3,3 99,3,3 100,3,3 101,3,3 102,3,3 103,3,3 104,3,3 105,3,3 106,3,3 107,3,3 108,3,3 109,3,3 110,3,3 111,3,3 112,3,3 113,3,3 114,3,3 115,3,3 116,3,3 117,3,3 118,3,3 119,3,3 120,3,3 121,3,3 122,3,3 123,3,3 124,3,3 125,3,3 126,3,3 127,3,3 128,3,3 129,3,3 130,3,3 131,3,3 132,3,3 133,3,3 134,3,3 135,3,3 136,3,3 137,3,3 138,3,3 139,3,3 140,3,3 141,3,3 142,3,3 143,3,3 144,3,3 145,3,3 146,3,3 147,3,3 148,3,3 149,3,3 150,3,3 151,3,3 152,3,3 153,3,3 154,3,3 155,3,3 156,3,3 157,3,3 158,3,3 159,3,3 160,3,3 161,3,3 162,3,3 163,3,3 164,3,3 165,3,3 166,3,3 167,3,3 168,3,3 169,3,3 170,3,3 171,3,3 172,3,3 173,3,3 174,3,3 175,3,3 176,3,3 177,3,3 178,3,3 179,3,3 180,3,3 181,3,3 182,3,3 183,3,3 184,3,3 185,3,3 186,3,3 187,3,3 188,3,3 189,3,3 190,3,3 191,3,3 192,3,3 193,3,3 194,3,3 195,3,3 196,3,3 197,3,3 198,3,3 199,3,3 200,3,3 201,3,3 202,3,3 
qch: 1
3,3,3 4,3,3 5,3,3 6,3,3 7,3,3 8,3,3 9,3,3 10,3,3 11,3,3 12,3,3 13,3,3 14,3,3 15,3,3 16,3,3 17,3,3 18,3,3 19,3,3 20,3,3 21,3,3 22,3,3 23,3,3 24,3,3 25,3,3 26,3,3 27,3,3 28,3,3 29,3,3 30,3,3 31,3,3 32,3,3 33,3,3 34,3,3 35,3,3 36,3,3 37,3,3 38,3,3 39,3,3 40,3,3 41,3,3 42,3,3 43,3,3 44,3,3 45,3,3 46,3,3 47,3,3 48,3,3 49,3,3 50,3,3 51,3,3 52,3,3 53,3,3 54,3,3 55,3,3 56,3,3 57,3,3 58,3,3 59,3,3 60,3,3 61,3,3 62,3,3 63,3,3 64,3,3 65,3,3 66,3,3 67,3,3 68,3,3 69,3,3 70,3,3 71,3,3 72,3,3 73,3,3 74,3,3 75,3,3 76,3,3 77,3,3 78,3,3 79,3,3 80,3,3 81,3,3 82,3,3 83,3,3 84,3,3 85,3,3 86,3,3 87,3,3 88,3,3 89,3,3 90,3,3 91,3,3 92,3,3 93,3,3 94,3,3 95,3,3 96,3,3 97,3,3 98,3,3 99,3,3 100,3,3 101,3,3 102,3,3 103,3,3 104,3,3 105,3,3 106,3,3 107,3,3 108,3,3 109,3,3 110,3,3 111,3,3 112,3,3 113,3,3 114,3,3 115,3,3 116,3,3 117,3,3 118,3,3 119,3,3 120,3,3 121,3,3 122,3,3 123,3,3 124,3,3 125,3,3 126,3,3 127,3,3 128,3,3 129,3,3 130,3,3 131,3,3 132,3,3 133,3,3 134,3,3 135,3,3 136,3,3 137,3,3 138,3,3 139,3,3 140,3,3 141,3,3 142,3,3 143,3,3 144,3,3 145,3,3 146,3,3 147,3,3 148,3,3 149,3,3 150,3,3 151,3,3 152,3,3 153,3,3 154,3,3 155,3,3 156,3,3 157,3,3 158,3,3 159,3,3 160,3,3 161,3,3 162,3,3 163,3,3 164,3,3 165,3,3 166,3,3 167,3,3 168,3,3 169,3,3 170,3,3 171,3,3 172,3,3 173,3,3 174,3,3 175,3,3 176,3,3 177,3,3 178,3,3 179,3,3 180,3,3 181,3,3 182,3,3 183,3,3 184,3,3 185,3,3 186,3,3 187,3,3 188,3,3 189,3,3 190,3,3 191,3,3 192,3,3 193,3,3 194,3,3 195,3,3 196,3,3 197,3,3 198,3,3 199,3,3 200,3,3 201,3,3 202,3,3 
qch: 2
3,3,3 4,3,3 5,3,3 6,3,3 7,3,3 8,3,3 9,3,3 10,3,3 11,3,3 12,3,3 13,3,3 14,3,3 15,3,3 16,3,3 17,3,3 18,3,3 19,3,3 20,3,3 21,3,3 22,3,3 23,3,3 24,3,3 25,3,3 26,3,3 27,3,3 28,3,3 29,3,3 30,3,3 31,3,3 32,3,3 33,3,3 34,3,3 35,3,3 36,3,3 37,3,3 38,3,3 39,3,3 40,3,3 41,3,3 42,3,3 43,3,3 44,3,3 45,3,3 46,3,3 47,3,3 48,3,3 49,3,3 50,3,3 51,3,3 52,3,3 53,3,3 54,3,3 55,3,3 56,3,3 57,3,3 58,3,3 59,3,3 60,3,3 61,3,3 62,3,3 63,3,3 64,3,3 65,3,3 66,3,3 67,3,3 68,3,3 69,3,3 70,3,3 71,3,3 72,3,3 73,3,3 74,3,3 75,3,3 76,3,3 77,3,3 78,3,3 79,3,3 80,3,3 81,3,3 82,3,3 83,3,3 84,3,3 85,3,3 86,3,3 87,3,3 88,3,3 89,3,3 90,3,3 91,3,3 92,3,3 93,3,3 94,3,3 95,3,3 96,3,3 97,3,3 98,3,3 99,3,3 100,3,3 101,3,3 102,3,3 103,3,3 104,3,3 105,3,3 106,3,3 107,3,3 108,3,3 109,3,3 110,3,3 111,3,3 112,3,3 113,3,3 114,3,3 115,3,3 116,3,3 117,3,3 118,3,3 119,3,3 120,3,3 121,3,3 122,3,3 123,3,3 124,3,3 125,3,3 126,3,3 127,3,3 128,3,3 129,3,3 130,3,3 131,3,3 132,3,3 133,3,3 134,3,3 135,3,3 136,3,3 137,3,3 138,3,3 139,3,3 140,3,3 141,3,3 142,3,3 143,3,3 144,3,3 145,3,3 146,3,3 147,3,3 148,3,3 149,3,3 150,3,3 151,3,3 152,3,3 153,3,3 154,3,3 155,3,3 156,3,3 157,3,3 158,3,3 159,3,3 160,3,3 161,3,3 162,3,3 163,3,3 164,3,3 165,3,3 166,3,3 167,3,3 168,3,3 169,3,3 170,3,3 171,3,3 172,3,3 173,3,3 174,3,3 175,3,3 176,3,3 177,3,3 178,3,3 179,3,3 180,3,3 181,3,3 182,3,3 183,3,3 184,3,3 185,3,3 186,3,3 187,3,3 188,3,3 189,3,3 190,3,3 191,3,3 192,3,3 193,3,3 194,3,3 195,3,3 196,3,3 197,3,3 198,3,3 199,3,3 200,3,3 201,3,3 202,3,3 
qch: 3
3,3,3 4,3,3 5,3,3 6,3,3 7,3,3 8,3,3 9,3,3 10,3,3 11,3,3 12,3,3 13,3,3 14,3,3 15,3,3 16,3,3 17,3,3 18,3,3 19,3,3 20,3,3 21,3,3 22,3,3 23,3,3 24,3,3 25,3,3 26,3,3 27,3,3 28,3,3 29,3,3 30,3,3 31,3,3 32,3,3 33,3,3 34,3,3 35,3,3 36,3,3 37,3,3 38,3,3 39,3,3 40,3,3 41,3,3 42,3,3 43,3,3 44,3,3 45,3,3 46,3,3 47,3,3 48,3,3 49,3,3 50,3,3 51,3,3 52,3,3 53,3,3 54,3,3 55,3,3 56,3,3 57,3,3 58,3,3 59,3,3 60,3,3 61,3,3 62,3,3 63,3,3 64,3,3 65,3,3 66,3,3 67,3,3 68,3,3 69,3,3 70,3,3 71,3,3 72,3,3 73,3,3 74,3,3 75,3,3 76,3,3 77,3,3 78,3,3 79,3,3 80,3,3 81,3,3 82,3,3 83,3,3 84,3,3 85,3,3 86,3,3 87,3,3 88,3,3 89,3,3 90,3,3 91,3,3 92,3,3 93,3,3 94,3,3 95,3,3 96,3,3 97,3,3 98,3,3 99,3,3 100,3,3 101,3,3 102,3,3 103,3,3 104,3,3 105,3,3 106,3,3 107,3,3 108,3,3 109,3,3 110,3,3 111,3,3 112,3,3 113,3,3 114,3,3 115,3,3 116,3,3 117,3,3 118,3,3 119,3,3 120,3,3 121,3,3 122,3,3 123,3,3 124,3,3 125,3,3 126,3,3 127,3,3 128,3,3 129,3,3 130,3,3 131,3,3 132,3,3 133,3,3 134,3,3 135,3,3 136,3,3 137,3,3 138,3,3 139,3,3 140,3,3 141,3,3 142,3,3 143,3,3 144,3,3 145,3,3 146,3,3 147,3,3 148,3,3 149,3,3 150,3,3 151,3,3 152,3,3 153,3,3 154,3,3 155,3,3 156,3,3 157,3,3 158,3,3 159,3,3 160,3,3 161,3,3 162,3,3 163,3,3 164,3,3 165,3,3 166,3,3 167,3,3 168,3,3 169,3,3 170,3,3 171,3,3 172,3,3 173,3,3 174,3,3 175,3,3 176,3,3 177,3,3 178,3,3 179,3,3 180,3,3 181,3,3 182,3,3 183,3,3 184,3,3 185,3,3 186,3,3 187,3,3 188,3,3 189,3,3 190,3,3 191,3,3 192,3,3 193,3,3 194,3,3 195,3,3 196,3,3 197,3,3 198,3,3 199,3,3 200,3,3 201,3,3 202,3,3 
qch: 4
3,3,3 4,3,3 5,3,3 6,3,3 7,3,3 8,3,3 9,3,3 10,3,3 11,3,3 12,3,3 13,3,3 14,3,3 15,3,3 16,3,3 17,3,3 18,3,3 19,3,3 20,3,3 21,3,3 22,3,3 23,3,3 24,3,3 25,3,3 26,3,3 27,3,3 28,3,3 29,3,3 30,3,3 31,3,3 32,3,3 33,3,3 34,3,3 35,3,3 36,3,3 37,3,3 38,3,3 39,3,3 40,3,3 41,3,3 42,3,3 43,3,3 44,3,3 45,3,3 46,3,3 47,3,3 48,3,3 49,3,3 50,3,3 51,3,3 52,3,3 53,3,3 54,3,3 55,3,3 56,3,3 57,3,3 58,3,3 59,3,3 60,3,3 61,3,3 62,3,3 63,3,3 64,3,3 65,3,3 66,3,3 67,3,3 68,3,3 69,3,3 70,3,3 71,3,3 72,3,3 73,3,3 74,3,3 75,3,3 76,3,3 77,3,3 78,3,3 79,3,3 80,3,3 81,3,3 82,3,3 83,3,3 84,3,3 85,3,3 86,3,3 87,3,3 88,3,3 89,3,3 90,3,3 91,3,3 92,3,3 93,3,3 94,3,3 95,3,3 96,3,3 97,3,3 98,3,3 99,3,3 100,3,3 101,3,3 102,3,3 103,3,3 104,3,3 105,3,3 106,3,3 107,3,3 108,3,3 109,3,3 110,3,3 111,3,3 112,3,3 113,3,3 114,3,3 115,3,3 116,3,3 117,3,3 118,3,3 119,3,3 120,3,3 121,3,3 122,3,3 123,3,3 124,3,3 125,3,3 126,3,3 127,3,3 128,3,3 129,3,3 130,3,3 131,3,3 132,3,3 133,3,3 134,3,3 135,3,3 136,3,3 137,3,3 138,3,3 139,3,3 140,3,3 141,3,3 142,3,3 143,3,3 144,3,3 145,3,3 146,3,3 147,3,3 148,3,3 149,3,3 150,3,3 151,3,3 152,3,3 153,3,3 154,3,3 155,3,3 156,3,3 157,3,3 158,3,3 159,3,3 160,3,3 161,3,3 162,3,3 163,3,3 164,3,3 165,3,3 166,3,3 167,3,3 168,3,3 169,3,3 170,3,3 171,3,3 172,3,3 173,3,3 174,3,3 175,3,3 176,3,3 177,3,3 178,3,3 179,3,3 180,3,3 181,3,3 182,3,3 183,3,3 184,3,3 185,3,3 186,3,3 187,3,3 188,3,3 189,3,3 190,3,3 191,3,3 192,3,3 193,3,3 194,3,3 195,3,3 196,3,3 197,3,3 198,3,3 199,3,3 200,3,3 201,3,3 202,3,3 
dV: 0.005
1 1 1 1 1 1 1 1 1 1 1 1 1 1 1 1 1 1 1 1 1 1 1 1 1 1 1 1 1 1 1 1 1 1 1 1 1 1 1 1 1 1 1 1 1 1 1 1 1 1 1 1 1 1 1 1 1 1 1 1 1 1 1 1 1 1 1 1 1 1 1 1 1 1 1 1 1 1 1 1 1 1 1 1 1 1 1 1 1 1 1 1 1 1 1 1 1 0.999989 0.997886 0.927802 1.07432 1 1 1 1 1 1 1 1 1 1 1 1 1 1 1 1 1 1 1 1 1 1 1 1 1 1 1 1 1 1 1 1 1 1 1 1 1 1 1 1 1 1 1 1 1 1 1 1 1 1 1 1 1 1 1 1 1 1 1 1 1 1 1 1 1 1 1 1 1 1 1 1 1 1 1 1 1 1 1 1 1 1 1 1 1 1 1 1 1 1 1 1 1 1 1 1 1 1 1 




  RKSTEP = 2
  Using Reconst:  - rho - dir 0 - substep -1
  Using Reconst:  - v_x - dir 0 - substep -1
  Using Reconst:  - v_y - dir 0 - substep -1
  Using Reconst:  - v_z - dir 0 - substep -1
  Using Reconst:  - Etherm - dir 0 - substep -1
rangeEnd[0]: 203
cfl: 11402.8
qch: 0
3,3,3 4,3,3 5,3,3 6,3,3 7,3,3 8,3,3 9,3,3 10,3,3 11,3,3 12,3,3 13,3,3 14,3,3 15,3,3 16,3,3 17,3,3 18,3,3 19,3,3 20,3,3 21,3,3 22,3,3 23,3,3 24,3,3 25,3,3 26,3,3 27,3,3 28,3,3 29,3,3 30,3,3 31,3,3 32,3,3 33,3,3 34,3,3 35,3,3 36,3,3 37,3,3 38,3,3 39,3,3 40,3,3 41,3,3 42,3,3 43,3,3 44,3,3 45,3,3 46,3,3 47,3,3 48,3,3 49,3,3 50,3,3 51,3,3 52,3,3 53,3,3 54,3,3 55,3,3 56,3,3 57,3,3 58,3,3 59,3,3 60,3,3 61,3,3 62,3,3 63,3,3 64,3,3 65,3,3 66,3,3 67,3,3 68,3,3 69,3,3 70,3,3 71,3,3 72,3,3 73,3,3 74,3,3 75,3,3 76,3,3 77,3,3 78,3,3 79,3,3 80,3,3 81,3,3 82,3,3 83,3,3 84,3,3 85,3,3 86,3,3 87,3,3 88,3,3 89,3,3 90,3,3 91,3,3 92,3,3 93,3,3 94,3,3 95,3,3 96,3,3 97,3,3 98,3,3 99,3,3 100,3,3 101,3,3 102,3,3 103,3,3 104,3,3 105,3,3 106,3,3 107,3,3 108,3,3 109,3,3 110,3,3 111,3,3 112,3,3 113,3,3 114,3,3 115,3,3 116,3,3 117,3,3 118,3,3 119,3,3 120,3,3 121,3,3 122,3,3 123,3,3 124,3,3 125,3,3 126,3,3 127,3,3 128,3,3 129,3,3 130,3,3 131,3,3 132,3,3 133,3,3 134,3,3 135,3,3 136,3,3 137,3,3 138,3,3 139,3,3 140,3,3 141,3,3 142,3,3 143,3,3 144,3,3 145,3,3 146,3,3 147,3,3 148,3,3 149,3,3 150,3,3 151,3,3 152,3,3 153,3,3 154,3,3 155,3,3 156,3,3 157,3,3 158,3,3 159,3,3 160,3,3 161,3,3 162,3,3 163,3,3 164,3,3 165,3,3 166,3,3 167,3,3 168,3,3 169,3,3 170,3,3 171,3,3 172,3,3 173,3,3 174,3,3 175,3,3 176,3,3 177,3,3 178,3,3 179,3,3 180,3,3 181,3,3 182,3,3 183,3,3 184,3,3 185,3,3 186,3,3 187,3,3 188,3,3 189,3,3 190,3,3 191,3,3 192,3,3 193,3,3 194,3,3 195,3,3 196,3,3 197,3,3 198,3,3 199,3,3 200,3,3 201,3,3 202,3,3 
qch: 1
3,3,3 4,3,3 5,3,3 6,3,3 7,3,3 8,3,3 9,3,3 10,3,3 11,3,3 12,3,3 13,3,3 14,3,3 15,3,3 16,3,3 17,3,3 18,3,3 19,3,3 20,3,3 21,3,3 22,3,3 23,3,3 24,3,3 25,3,3 26,3,3 27,3,3 28,3,3 29,3,3 30,3,3 31,3,3 32,3,3 33,3,3 34,3,3 35,3,3 36,3,3 37,3,3 38,3,3 39,3,3 40,3,3 41,3,3 42,3,3 43,3,3 44,3,3 45,3,3 46,3,3 47,3,3 48,3,3 49,3,3 50,3,3 51,3,3 52,3,3 53,3,3 54,3,3 55,3,3 56,3,3 57,3,3 58,3,3 59,3,3 60,3,3 61,3,3 62,3,3 63,3,3 64,3,3 65,3,3 66,3,3 67,3,3 68,3,3 69,3,3 70,3,3 71,3,3 72,3,3 73,3,3 74,3,3 75,3,3 76,3,3 77,3,3 78,3,3 79,3,3 80,3,3 81,3,3 82,3,3 83,3,3 84,3,3 85,3,3 86,3,3 87,3,3 88,3,3 89,3,3 90,3,3 91,3,3 92,3,3 93,3,3 94,3,3 95,3,3 96,3,3 97,3,3 98,3,3 99,3,3 100,3,3 101,3,3 102,3,3 103,3,3 104,3,3 105,3,3 106,3,3 107,3,3 108,3,3 109,3,3 110,3,3 111,3,3 112,3,3 113,3,3 114,3,3 115,3,3 116,3,3 117,3,3 118,3,3 119,3,3 120,3,3 121,3,3 122,3,3 123,3,3 124,3,3 125,3,3 126,3,3 127,3,3 128,3,3 129,3,3 130,3,3 131,3,3 132,3,3 133,3,3 134,3,3 135,3,3 136,3,3 137,3,3 138,3,3 139,3,3 140,3,3 141,3,3 142,3,3 143,3,3 144,3,3 145,3,3 146,3,3 147,3,3 148,3,3 149,3,3 150,3,3 151,3,3 152,3,3 153,3,3 154,3,3 155,3,3 156,3,3 157,3,3 158,3,3 159,3,3 160,3,3 161,3,3 162,3,3 163,3,3 164,3,3 165,3,3 166,3,3 167,3,3 168,3,3 169,3,3 170,3,3 171,3,3 172,3,3 173,3,3 174,3,3 175,3,3 176,3,3 177,3,3 178,3,3 179,3,3 180,3,3 181,3,3 182,3,3 183,3,3 184,3,3 185,3,3 186,3,3 187,3,3 188,3,3 189,3,3 190,3,3 191,3,3 192,3,3 193,3,3 194,3,3 195,3,3 196,3,3 197,3,3 198,3,3 199,3,3 200,3,3 201,3,3 202,3,3 
qch: 2
3,3,3 4,3,3 5,3,3 6,3,3 7,3,3 8,3,3 9,3,3 10,3,3 11,3,3 12,3,3 13,3,3 14,3,3 15,3,3 16,3,3 17,3,3 18,3,3 19,3,3 20,3,3 21,3,3 22,3,3 23,3,3 24,3,3 25,3,3 26,3,3 27,3,3 28,3,3 29,3,3 30,3,3 31,3,3 32,3,3 33,3,3 34,3,3 35,3,3 36,3,3 37,3,3 38,3,3 39,3,3 40,3,3 41,3,3 42,3,3 43,3,3 44,3,3 45,3,3 46,3,3 47,3,3 48,3,3 49,3,3 50,3,3 51,3,3 52,3,3 53,3,3 54,3,3 55,3,3 56,3,3 57,3,3 58,3,3 59,3,3 60,3,3 61,3,3 62,3,3 63,3,3 64,3,3 65,3,3 66,3,3 67,3,3 68,3,3 69,3,3 70,3,3 71,3,3 72,3,3 73,3,3 74,3,3 75,3,3 76,3,3 77,3,3 78,3,3 79,3,3 80,3,3 81,3,3 82,3,3 83,3,3 84,3,3 85,3,3 86,3,3 87,3,3 88,3,3 89,3,3 90,3,3 91,3,3 92,3,3 93,3,3 94,3,3 95,3,3 96,3,3 97,3,3 98,3,3 99,3,3 100,3,3 101,3,3 102,3,3 103,3,3 104,3,3 105,3,3 106,3,3 107,3,3 108,3,3 109,3,3 110,3,3 111,3,3 112,3,3 113,3,3 114,3,3 115,3,3 116,3,3 117,3,3 118,3,3 119,3,3 120,3,3 121,3,3 122,3,3 123,3,3 124,3,3 125,3,3 126,3,3 127,3,3 128,3,3 129,3,3 130,3,3 131,3,3 132,3,3 133,3,3 134,3,3 135,3,3 136,3,3 137,3,3 138,3,3 139,3,3 140,3,3 141,3,3 142,3,3 143,3,3 144,3,3 145,3,3 146,3,3 147,3,3 148,3,3 149,3,3 150,3,3 151,3,3 152,3,3 153,3,3 154,3,3 155,3,3 156,3,3 157,3,3 158,3,3 159,3,3 160,3,3 161,3,3 162,3,3 163,3,3 164,3,3 165,3,3 166,3,3 167,3,3 168,3,3 169,3,3 170,3,3 171,3,3 172,3,3 173,3,3 174,3,3 175,3,3 176,3,3 177,3,3 178,3,3 179,3,3 180,3,3 181,3,3 182,3,3 183,3,3 184,3,3 185,3,3 186,3,3 187,3,3 188,3,3 189,3,3 190,3,3 191,3,3 192,3,3 193,3,3 194,3,3 195,3,3 196,3,3 197,3,3 198,3,3 199,3,3 200,3,3 201,3,3 202,3,3 
qch: 3
3,3,3 4,3,3 5,3,3 6,3,3 7,3,3 8,3,3 9,3,3 10,3,3 11,3,3 12,3,3 13,3,3 14,3,3 15,3,3 16,3,3 17,3,3 18,3,3 19,3,3 20,3,3 21,3,3 22,3,3 23,3,3 24,3,3 25,3,3 26,3,3 27,3,3 28,3,3 29,3,3 30,3,3 31,3,3 32,3,3 33,3,3 34,3,3 35,3,3 36,3,3 37,3,3 38,3,3 39,3,3 40,3,3 41,3,3 42,3,3 43,3,3 44,3,3 45,3,3 46,3,3 47,3,3 48,3,3 49,3,3 50,3,3 51,3,3 52,3,3 53,3,3 54,3,3 55,3,3 56,3,3 57,3,3 58,3,3 59,3,3 60,3,3 61,3,3 62,3,3 63,3,3 64,3,3 65,3,3 66,3,3 67,3,3 68,3,3 69,3,3 70,3,3 71,3,3 72,3,3 73,3,3 74,3,3 75,3,3 76,3,3 77,3,3 78,3,3 79,3,3 80,3,3 81,3,3 82,3,3 83,3,3 84,3,3 85,3,3 86,3,3 87,3,3 88,3,3 89,3,3 90,3,3 91,3,3 92,3,3 93,3,3 94,3,3 95,3,3 96,3,3 97,3,3 98,3,3 99,3,3 100,3,3 101,3,3 102,3,3 103,3,3 104,3,3 105,3,3 106,3,3 107,3,3 108,3,3 109,3,3 110,3,3 111,3,3 112,3,3 113,3,3 114,3,3 115,3,3 116,3,3 117,3,3 118,3,3 119,3,3 120,3,3 121,3,3 122,3,3 123,3,3 124,3,3 125,3,3 126,3,3 127,3,3 128,3,3 129,3,3 130,3,3 131,3,3 132,3,3 133,3,3 134,3,3 135,3,3 136,3,3 137,3,3 138,3,3 139,3,3 140,3,3 141,3,3 142,3,3 143,3,3 144,3,3 145,3,3 146,3,3 147,3,3 148,3,3 149,3,3 150,3,3 151,3,3 152,3,3 153,3,3 154,3,3 155,3,3 156,3,3 157,3,3 158,3,3 159,3,3 160,3,3 161,3,3 162,3,3 163,3,3 164,3,3 165,3,3 166,3,3 167,3,3 168,3,3 169,3,3 170,3,3 171,3,3 172,3,3 173,3,3 174,3,3 175,3,3 176,3,3 177,3,3 178,3,3 179,3,3 180,3,3 181,3,3 182,3,3 183,3,3 184,3,3 185,3,3 186,3,3 187,3,3 188,3,3 189,3,3 190,3,3 191,3,3 192,3,3 193,3,3 194,3,3 195,3,3 196,3,3 197,3,3 198,3,3 199,3,3 200,3,3 201,3,3 202,3,3 
qch: 4
3,3,3 4,3,3 5,3,3 6,3,3 7,3,3 8,3,3 9,3,3 10,3,3 11,3,3 12,3,3 13,3,3 14,3,3 15,3,3 16,3,3 17,3,3 18,3,3 19,3,3 20,3,3 21,3,3 22,3,3 23,3,3 24,3,3 25,3,3 26,3,3 27,3,3 28,3,3 29,3,3 30,3,3 31,3,3 32,3,3 33,3,3 34,3,3 35,3,3 36,3,3 37,3,3 38,3,3 39,3,3 40,3,3 41,3,3 42,3,3 43,3,3 44,3,3 45,3,3 46,3,3 47,3,3 48,3,3 49,3,3 50,3,3 51,3,3 52,3,3 53,3,3 54,3,3 55,3,3 56,3,3 57,3,3 58,3,3 59,3,3 60,3,3 61,3,3 62,3,3 63,3,3 64,3,3 65,3,3 66,3,3 67,3,3 68,3,3 69,3,3 70,3,3 71,3,3 72,3,3 73,3,3 74,3,3 75,3,3 76,3,3 77,3,3 78,3,3 79,3,3 80,3,3 81,3,3 82,3,3 83,3,3 84,3,3 85,3,3 86,3,3 87,3,3 88,3,3 89,3,3 90,3,3 91,3,3 92,3,3 93,3,3 94,3,3 95,3,3 96,3,3 97,3,3 98,3,3 99,3,3 100,3,3 101,3,3 102,3,3 103,3,3 104,3,3 105,3,3 106,3,3 107,3,3 108,3,3 109,3,3 110,3,3 111,3,3 112,3,3 113,3,3 114,3,3 115,3,3 116,3,3 117,3,3 118,3,3 119,3,3 120,3,3 121,3,3 122,3,3 123,3,3 124,3,3 125,3,3 126,3,3 127,3,3 128,3,3 129,3,3 130,3,3 131,3,3 132,3,3 133,3,3 134,3,3 135,3,3 136,3,3 137,3,3 138,3,3 139,3,3 140,3,3 141,3,3 142,3,3 143,3,3 144,3,3 145,3,3 146,3,3 147,3,3 148,3,3 149,3,3 150,3,3 151,3,3 152,3,3 153,3,3 154,3,3 155,3,3 156,3,3 157,3,3 158,3,3 159,3,3 160,3,3 161,3,3 162,3,3 163,3,3 164,3,3 165,3,3 166,3,3 167,3,3 168,3,3 169,3,3 170,3,3 171,3,3 172,3,3 173,3,3 174,3,3 175,3,3 176,3,3 177,3,3 178,3,3 179,3,3 180,3,3 181,3,3 182,3,3 183,3,3 184,3,3 185,3,3 186,3,3 187,3,3 188,3,3 189,3,3 190,3,3 191,3,3 192,3,3 193,3,3 194,3,3 195,3,3 196,3,3 197,3,3 198,3,3 199,3,3 200,3,3 201,3,3 202,3,3 
------------------------------------------------------
 Time needed for substeps:  0.00363898 8.51154e-05
             for full step: 0.00928187
dV: 0.005
1 1 1 1 1 1 1 1 1 1 1 1 1 1 1 1 1 1 1 1 1 1 1 1 1 1 1 1 1 1 1 1 1 1 1 1 1 1 1 1 1 1 1 1 1 1 1 1 1 1 1 1 1 1 1 1 1 1 1 1 1 1 1 1 1 1 1 1 1 1 1 1 1 1 1 1 1 1 1 1 1 1 1 1 1 1 1 1 1 1 1 1 1 1 1 1 0.999999 0.999791 0.980719 0.937081 1.08241 1 1 1 1 1 1 1 1 1 1 1 1 1 1 1 1 1 1 1 1 1 1 1 1 1 1 1 1 1 1 1 1 1 1 1 1 1 1 1 1 1 1 1 1 1 1 1 1 1 1 1 1 1 1 1 1 1 1 1 1 1 1 1 1 1 1 1 1 1 1 1 1 1 1 1 1 1 1 1 1 1 1 1 1 1 1 1 1 1 1 1 1 1 1 1 1 1 1 1 




-------Fluctuations-----------------------------------
 E_kin:  0.000e+00 E_dyn:  0.000e+00
-------Energertics:-----------------------------------
 E_ges:  1.439e+03 E_th:   0.000e+00
-------Dynamics:--------------------------------------
 Vorti.: 0.000e+00 Enstr.: 0.000e+00 M_rms:       -nan
-------Conserved quantities:--------------------------
 Mass: 1.000e+00 err: 0.000e+00
 p_x:  -1.956e+01 err: 1.895e-03
 p_y:  0.000e+00 err: 0.000e+00
 p_z:  0.000e+00 err: 0.000e+00
 Eges: 1.439e+03 err: -2.543e+00
======================================================
Integrating: time = 3.70791e-05 with dt = 3.50791e-05 at step 2
  RKSTEP = 1
  Using Reconst:  - rho - dir 0 - substep -1
  Using Reconst:  - v_x - dir 0 - substep -1
  Using Reconst:  - v_y - dir 0 - substep -1
  Using Reconst:  - v_z - dir 0 - substep -1
  Using Reconst:  - Etherm - dir 0 - substep -1
rangeEnd[0]: 203
cfl: 11402.8
qch: 0
3,3,3 4,3,3 5,3,3 6,3,3 7,3,3 8,3,3 9,3,3 10,3,3 11,3,3 12,3,3 13,3,3 14,3,3 15,3,3 16,3,3 17,3,3 18,3,3 19,3,3 20,3,3 21,3,3 22,3,3 23,3,3 24,3,3 25,3,3 26,3,3 27,3,3 28,3,3 29,3,3 30,3,3 31,3,3 32,3,3 33,3,3 34,3,3 35,3,3 36,3,3 37,3,3 38,3,3 39,3,3 40,3,3 41,3,3 42,3,3 43,3,3 44,3,3 45,3,3 46,3,3 47,3,3 48,3,3 49,3,3 50,3,3 51,3,3 52,3,3 53,3,3 54,3,3 55,3,3 56,3,3 57,3,3 58,3,3 59,3,3 60,3,3 61,3,3 62,3,3 63,3,3 64,3,3 65,3,3 66,3,3 67,3,3 68,3,3 69,3,3 70,3,3 71,3,3 72,3,3 73,3,3 74,3,3 75,3,3 76,3,3 77,3,3 78,3,3 79,3,3 80,3,3 81,3,3 82,3,3 83,3,3 84,3,3 85,3,3 86,3,3 87,3,3 88,3,3 89,3,3 90,3,3 91,3,3 92,3,3 93,3,3 94,3,3 95,3,3 96,3,3 97,3,3 98,3,3 99,3,3 100,3,3 101,3,3 102,3,3 103,3,3 104,3,3 105,3,3 106,3,3 107,3,3 108,3,3 109,3,3 110,3,3 111,3,3 112,3,3 113,3,3 114,3,3 115,3,3 116,3,3 117,3,3 118,3,3 119,3,3 120,3,3 121,3,3 122,3,3 123,3,3 124,3,3 125,3,3 126,3,3 127,3,3 128,3,3 129,3,3 130,3,3 131,3,3 132,3,3 133,3,3 134,3,3 135,3,3 136,3,3 137,3,3 138,3,3 139,3,3 140,3,3 141,3,3 142,3,3 143,3,3 144,3,3 145,3,3 146,3,3 147,3,3 148,3,3 149,3,3 150,3,3 151,3,3 152,3,3 153,3,3 154,3,3 155,3,3 156,3,3 157,3,3 158,3,3 159,3,3 160,3,3 161,3,3 162,3,3 163,3,3 164,3,3 165,3,3 166,3,3 167,3,3 168,3,3 169,3,3 170,3,3 171,3,3 172,3,3 173,3,3 174,3,3 175,3,3 176,3,3 177,3,3 178,3,3 179,3,3 180,3,3 181,3,3 182,3,3 183,3,3 184,3,3 185,3,3 186,3,3 187,3,3 188,3,3 189,3,3 190,3,3 191,3,3 192,3,3 193,3,3 194,3,3 195,3,3 196,3,3 197,3,3 198,3,3 199,3,3 200,3,3 201,3,3 202,3,3 
qch: 1
3,3,3 4,3,3 5,3,3 6,3,3 7,3,3 8,3,3 9,3,3 10,3,3 11,3,3 12,3,3 13,3,3 14,3,3 15,3,3 16,3,3 17,3,3 18,3,3 19,3,3 20,3,3 21,3,3 22,3,3 23,3,3 24,3,3 25,3,3 26,3,3 27,3,3 28,3,3 29,3,3 30,3,3 31,3,3 32,3,3 33,3,3 34,3,3 35,3,3 36,3,3 37,3,3 38,3,3 39,3,3 40,3,3 41,3,3 42,3,3 43,3,3 44,3,3 45,3,3 46,3,3 47,3,3 48,3,3 49,3,3 50,3,3 51,3,3 52,3,3 53,3,3 54,3,3 55,3,3 56,3,3 57,3,3 58,3,3 59,3,3 60,3,3 61,3,3 62,3,3 63,3,3 64,3,3 65,3,3 66,3,3 67,3,3 68,3,3 69,3,3 70,3,3 71,3,3 72,3,3 73,3,3 74,3,3 75,3,3 76,3,3 77,3,3 78,3,3 79,3,3 80,3,3 81,3,3 82,3,3 83,3,3 84,3,3 85,3,3 86,3,3 87,3,3 88,3,3 89,3,3 90,3,3 91,3,3 92,3,3 93,3,3 94,3,3 95,3,3 96,3,3 97,3,3 98,3,3 99,3,3 100,3,3 101,3,3 102,3,3 103,3,3 104,3,3 105,3,3 106,3,3 107,3,3 108,3,3 109,3,3 110,3,3 111,3,3 112,3,3 113,3,3 114,3,3 115,3,3 116,3,3 117,3,3 118,3,3 119,3,3 120,3,3 121,3,3 122,3,3 123,3,3 124,3,3 125,3,3 126,3,3 127,3,3 128,3,3 129,3,3 130,3,3 131,3,3 132,3,3 133,3,3 134,3,3 135,3,3 136,3,3 137,3,3 138,3,3 139,3,3 140,3,3 141,3,3 142,3,3 143,3,3 144,3,3 145,3,3 146,3,3 147,3,3 148,3,3 149,3,3 150,3,3 151,3,3 152,3,3 153,3,3 154,3,3 155,3,3 156,3,3 157,3,3 158,3,3 159,3,3 160,3,3 161,3,3 162,3,3 163,3,3 164,3,3 165,3,3 166,3,3 167,3,3 168,3,3 169,3,3 170,3,3 171,3,3 172,3,3 173,3,3 174,3,3 175,3,3 176,3,3 177,3,3 178,3,3 179,3,3 180,3,3 181,3,3 182,3,3 183,3,3 184,3,3 185,3,3 186,3,3 187,3,3 188,3,3 189,3,3 190,3,3 191,3,3 192,3,3 193,3,3 194,3,3 195,3,3 196,3,3 197,3,3 198,3,3 199,3,3 200,3,3 201,3,3 202,3,3 
qch: 2
3,3,3 4,3,3 5,3,3 6,3,3 7,3,3 8,3,3 9,3,3 10,3,3 11,3,3 12,3,3 13,3,3 14,3,3 15,3,3 16,3,3 17,3,3 18,3,3 19,3,3 20,3,3 21,3,3 22,3,3 23,3,3 24,3,3 25,3,3 26,3,3 27,3,3 28,3,3 29,3,3 30,3,3 31,3,3 32,3,3 33,3,3 34,3,3 35,3,3 36,3,3 37,3,3 38,3,3 39,3,3 40,3,3 41,3,3 42,3,3 43,3,3 44,3,3 45,3,3 46,3,3 47,3,3 48,3,3 49,3,3 50,3,3 51,3,3 52,3,3 53,3,3 54,3,3 55,3,3 56,3,3 57,3,3 58,3,3 59,3,3 60,3,3 61,3,3 62,3,3 63,3,3 64,3,3 65,3,3 66,3,3 67,3,3 68,3,3 69,3,3 70,3,3 71,3,3 72,3,3 73,3,3 74,3,3 75,3,3 76,3,3 77,3,3 78,3,3 79,3,3 80,3,3 81,3,3 82,3,3 83,3,3 84,3,3 85,3,3 86,3,3 87,3,3 88,3,3 89,3,3 90,3,3 91,3,3 92,3,3 93,3,3 94,3,3 95,3,3 96,3,3 97,3,3 98,3,3 99,3,3 100,3,3 101,3,3 102,3,3 103,3,3 104,3,3 105,3,3 106,3,3 107,3,3 108,3,3 109,3,3 110,3,3 111,3,3 112,3,3 113,3,3 114,3,3 115,3,3 116,3,3 117,3,3 118,3,3 119,3,3 120,3,3 121,3,3 122,3,3 123,3,3 124,3,3 125,3,3 126,3,3 127,3,3 128,3,3 129,3,3 130,3,3 131,3,3 132,3,3 133,3,3 134,3,3 135,3,3 136,3,3 137,3,3 138,3,3 139,3,3 140,3,3 141,3,3 142,3,3 143,3,3 144,3,3 145,3,3 146,3,3 147,3,3 148,3,3 149,3,3 150,3,3 151,3,3 152,3,3 153,3,3 154,3,3 155,3,3 156,3,3 157,3,3 158,3,3 159,3,3 160,3,3 161,3,3 162,3,3 163,3,3 164,3,3 165,3,3 166,3,3 167,3,3 168,3,3 169,3,3 170,3,3 171,3,3 172,3,3 173,3,3 174,3,3 175,3,3 176,3,3 177,3,3 178,3,3 179,3,3 180,3,3 181,3,3 182,3,3 183,3,3 184,3,3 185,3,3 186,3,3 187,3,3 188,3,3 189,3,3 190,3,3 191,3,3 192,3,3 193,3,3 194,3,3 195,3,3 196,3,3 197,3,3 198,3,3 199,3,3 200,3,3 201,3,3 202,3,3 
qch: 3
3,3,3 4,3,3 5,3,3 6,3,3 7,3,3 8,3,3 9,3,3 10,3,3 11,3,3 12,3,3 13,3,3 14,3,3 15,3,3 16,3,3 17,3,3 18,3,3 19,3,3 20,3,3 21,3,3 22,3,3 23,3,3 24,3,3 25,3,3 26,3,3 27,3,3 28,3,3 29,3,3 30,3,3 31,3,3 32,3,3 33,3,3 34,3,3 35,3,3 36,3,3 37,3,3 38,3,3 39,3,3 40,3,3 41,3,3 42,3,3 43,3,3 44,3,3 45,3,3 46,3,3 47,3,3 48,3,3 49,3,3 50,3,3 51,3,3 52,3,3 53,3,3 54,3,3 55,3,3 56,3,3 57,3,3 58,3,3 59,3,3 60,3,3 61,3,3 62,3,3 63,3,3 64,3,3 65,3,3 66,3,3 67,3,3 68,3,3 69,3,3 70,3,3 71,3,3 72,3,3 73,3,3 74,3,3 75,3,3 76,3,3 77,3,3 78,3,3 79,3,3 80,3,3 81,3,3 82,3,3 83,3,3 84,3,3 85,3,3 86,3,3 87,3,3 88,3,3 89,3,3 90,3,3 91,3,3 92,3,3 93,3,3 94,3,3 95,3,3 96,3,3 97,3,3 98,3,3 99,3,3 100,3,3 101,3,3 102,3,3 103,3,3 104,3,3 105,3,3 106,3,3 107,3,3 108,3,3 109,3,3 110,3,3 111,3,3 112,3,3 113,3,3 114,3,3 115,3,3 116,3,3 117,3,3 118,3,3 119,3,3 120,3,3 121,3,3 122,3,3 123,3,3 124,3,3 125,3,3 126,3,3 127,3,3 128,3,3 129,3,3 130,3,3 131,3,3 132,3,3 133,3,3 134,3,3 135,3,3 136,3,3 137,3,3 138,3,3 139,3,3 140,3,3 141,3,3 142,3,3 143,3,3 144,3,3 145,3,3 146,3,3 147,3,3 148,3,3 149,3,3 150,3,3 151,3,3 152,3,3 153,3,3 154,3,3 155,3,3 156,3,3 157,3,3 158,3,3 159,3,3 160,3,3 161,3,3 162,3,3 163,3,3 164,3,3 165,3,3 166,3,3 167,3,3 168,3,3 169,3,3 170,3,3 171,3,3 172,3,3 173,3,3 174,3,3 175,3,3 176,3,3 177,3,3 178,3,3 179,3,3 180,3,3 181,3,3 182,3,3 183,3,3 184,3,3 185,3,3 186,3,3 187,3,3 188,3,3 189,3,3 190,3,3 191,3,3 192,3,3 193,3,3 194,3,3 195,3,3 196,3,3 197,3,3 198,3,3 199,3,3 200,3,3 201,3,3 202,3,3 
qch: 4
3,3,3 4,3,3 5,3,3 6,3,3 7,3,3 8,3,3 9,3,3 10,3,3 11,3,3 12,3,3 13,3,3 14,3,3 15,3,3 16,3,3 17,3,3 18,3,3 19,3,3 20,3,3 21,3,3 22,3,3 23,3,3 24,3,3 25,3,3 26,3,3 27,3,3 28,3,3 29,3,3 30,3,3 31,3,3 32,3,3 33,3,3 34,3,3 35,3,3 36,3,3 37,3,3 38,3,3 39,3,3 40,3,3 41,3,3 42,3,3 43,3,3 44,3,3 45,3,3 46,3,3 47,3,3 48,3,3 49,3,3 50,3,3 51,3,3 52,3,3 53,3,3 54,3,3 55,3,3 56,3,3 57,3,3 58,3,3 59,3,3 60,3,3 61,3,3 62,3,3 63,3,3 64,3,3 65,3,3 66,3,3 67,3,3 68,3,3 69,3,3 70,3,3 71,3,3 72,3,3 73,3,3 74,3,3 75,3,3 76,3,3 77,3,3 78,3,3 79,3,3 80,3,3 81,3,3 82,3,3 83,3,3 84,3,3 85,3,3 86,3,3 87,3,3 88,3,3 89,3,3 90,3,3 91,3,3 92,3,3 93,3,3 94,3,3 95,3,3 96,3,3 97,3,3 98,3,3 99,3,3 100,3,3 101,3,3 102,3,3 103,3,3 104,3,3 105,3,3 106,3,3 107,3,3 108,3,3 109,3,3 110,3,3 111,3,3 112,3,3 113,3,3 114,3,3 115,3,3 116,3,3 117,3,3 118,3,3 119,3,3 120,3,3 121,3,3 122,3,3 123,3,3 124,3,3 125,3,3 126,3,3 127,3,3 128,3,3 129,3,3 130,3,3 131,3,3 132,3,3 133,3,3 134,3,3 135,3,3 136,3,3 137,3,3 138,3,3 139,3,3 140,3,3 141,3,3 142,3,3 143,3,3 144,3,3 145,3,3 146,3,3 147,3,3 148,3,3 149,3,3 150,3,3 151,3,3 152,3,3 153,3,3 154,3,3 155,3,3 156,3,3 157,3,3 158,3,3 159,3,3 160,3,3 161,3,3 162,3,3 163,3,3 164,3,3 165,3,3 166,3,3 167,3,3 168,3,3 169,3,3 170,3,3 171,3,3 172,3,3 173,3,3 174,3,3 175,3,3 176,3,3 177,3,3 178,3,3 179,3,3 180,3,3 181,3,3 182,3,3 183,3,3 184,3,3 185,3,3 186,3,3 187,3,3 188,3,3 189,3,3 190,3,3 191,3,3 192,3,3 193,3,3 194,3,3 195,3,3 196,3,3 197,3,3 198,3,3 199,3,3 200,3,3 201,3,3 202,3,3 
dV: 0.005
1 1 1 1 1 1 1 1 1 1 1 1 1 1 1 1 1 1 1 1 1 1 1 1 1 1 1 1 1 1 1 1 1 1 1 1 1 1 1 1 1 1 1 1 1 1 1 1 1 1 1 1 1 1 1 1 1 1 1 1 1 1 1 1 1 1 1 1 1 1 1 1 1 1 1 1 1 1 1 1 1 1 1 1 1 1 1 1 1 1 1 1 1 1 1 1 0.999958 0.9961 0.951016 0.885683 1.16724 1 1 1 1 1 1 1 1 1 1 1 1 1 1 1 1 1 1 1 1 1 1 1 1 1 1 1 1 1 1 1 1 1 1 1 1 1 1 1 1 1 1 1 1 1 1 1 1 1 1 1 1 1 1 1 1 1 1 1 1 1 1 1 1 1 1 1 1 1 1 1 1 1 1 1 1 1 1 1 1 1 1 1 1 1 1 1 1 1 1 1 1 1 1 1 1 1 1 1 




  RKSTEP = 2
  Using Reconst:  - rho - dir 0 - substep -1
  Using Reconst:  - v_x - dir 0 - substep -1
  Using Reconst:  - v_y - dir 0 - substep -1
  Using Reconst:  - v_z - dir 0 - substep -1
  Using Reconst:  - Etherm - dir 0 - substep -1
rangeEnd[0]: 203
cfl: 11402.8
qch: 0
3,3,3 4,3,3 5,3,3 6,3,3 7,3,3 8,3,3 9,3,3 10,3,3 11,3,3 12,3,3 13,3,3 14,3,3 15,3,3 16,3,3 17,3,3 18,3,3 19,3,3 20,3,3 21,3,3 22,3,3 23,3,3 24,3,3 25,3,3 26,3,3 27,3,3 28,3,3 29,3,3 30,3,3 31,3,3 32,3,3 33,3,3 34,3,3 35,3,3 36,3,3 37,3,3 38,3,3 39,3,3 40,3,3 41,3,3 42,3,3 43,3,3 44,3,3 45,3,3 46,3,3 47,3,3 48,3,3 49,3,3 50,3,3 51,3,3 52,3,3 53,3,3 54,3,3 55,3,3 56,3,3 57,3,3 58,3,3 59,3,3 60,3,3 61,3,3 62,3,3 63,3,3 64,3,3 65,3,3 66,3,3 67,3,3 68,3,3 69,3,3 70,3,3 71,3,3 72,3,3 73,3,3 74,3,3 75,3,3 76,3,3 77,3,3 78,3,3 79,3,3 80,3,3 81,3,3 82,3,3 83,3,3 84,3,3 85,3,3 86,3,3 87,3,3 88,3,3 89,3,3 90,3,3 91,3,3 92,3,3 93,3,3 94,3,3 95,3,3 96,3,3 97,3,3 98,3,3 99,3,3 100,3,3 101,3,3 102,3,3 103,3,3 104,3,3 105,3,3 106,3,3 107,3,3 108,3,3 109,3,3 110,3,3 111,3,3 112,3,3 113,3,3 114,3,3 115,3,3 116,3,3 117,3,3 118,3,3 119,3,3 120,3,3 121,3,3 122,3,3 123,3,3 124,3,3 125,3,3 126,3,3 127,3,3 128,3,3 129,3,3 130,3,3 131,3,3 132,3,3 133,3,3 134,3,3 135,3,3 136,3,3 137,3,3 138,3,3 139,3,3 140,3,3 141,3,3 142,3,3 143,3,3 144,3,3 145,3,3 146,3,3 147,3,3 148,3,3 149,3,3 150,3,3 151,3,3 152,3,3 153,3,3 154,3,3 155,3,3 156,3,3 157,3,3 158,3,3 159,3,3 160,3,3 161,3,3 162,3,3 163,3,3 164,3,3 165,3,3 166,3,3 167,3,3 168,3,3 169,3,3 170,3,3 171,3,3 172,3,3 173,3,3 174,3,3 175,3,3 176,3,3 177,3,3 178,3,3 179,3,3 180,3,3 181,3,3 182,3,3 183,3,3 184,3,3 185,3,3 186,3,3 187,3,3 188,3,3 189,3,3 190,3,3 191,3,3 192,3,3 193,3,3 194,3,3 195,3,3 196,3,3 197,3,3 198,3,3 199,3,3 200,3,3 201,3,3 202,3,3 
qch: 1
3,3,3 4,3,3 5,3,3 6,3,3 7,3,3 8,3,3 9,3,3 10,3,3 11,3,3 12,3,3 13,3,3 14,3,3 15,3,3 16,3,3 17,3,3 18,3,3 19,3,3 20,3,3 21,3,3 22,3,3 23,3,3 24,3,3 25,3,3 26,3,3 27,3,3 28,3,3 29,3,3 30,3,3 31,3,3 32,3,3 33,3,3 34,3,3 35,3,3 36,3,3 37,3,3 38,3,3 39,3,3 40,3,3 41,3,3 42,3,3 43,3,3 44,3,3 45,3,3 46,3,3 47,3,3 48,3,3 49,3,3 50,3,3 51,3,3 52,3,3 53,3,3 54,3,3 55,3,3 56,3,3 57,3,3 58,3,3 59,3,3 60,3,3 61,3,3 62,3,3 63,3,3 64,3,3 65,3,3 66,3,3 67,3,3 68,3,3 69,3,3 70,3,3 71,3,3 72,3,3 73,3,3 74,3,3 75,3,3 76,3,3 77,3,3 78,3,3 79,3,3 80,3,3 81,3,3 82,3,3 83,3,3 84,3,3 85,3,3 86,3,3 87,3,3 88,3,3 89,3,3 90,3,3 91,3,3 92,3,3 93,3,3 94,3,3 95,3,3 96,3,3 97,3,3 98,3,3 99,3,3 100,3,3 101,3,3 102,3,3 103,3,3 104,3,3 105,3,3 106,3,3 107,3,3 108,3,3 109,3,3 110,3,3 111,3,3 112,3,3 113,3,3 114,3,3 115,3,3 116,3,3 117,3,3 118,3,3 119,3,3 120,3,3 121,3,3 122,3,3 123,3,3 124,3,3 125,3,3 126,3,3 127,3,3 128,3,3 129,3,3 130,3,3 131,3,3 132,3,3 133,3,3 134,3,3 135,3,3 136,3,3 137,3,3 138,3,3 139,3,3 140,3,3 141,3,3 142,3,3 143,3,3 144,3,3 145,3,3 146,3,3 147,3,3 148,3,3 149,3,3 150,3,3 151,3,3 152,3,3 153,3,3 154,3,3 155,3,3 156,3,3 157,3,3 158,3,3 159,3,3 160,3,3 161,3,3 162,3,3 163,3,3 164,3,3 165,3,3 166,3,3 167,3,3 168,3,3 169,3,3 170,3,3 171,3,3 172,3,3 173,3,3 174,3,3 175,3,3 176,3,3 177,3,3 178,3,3 179,3,3 180,3,3 181,3,3 182,3,3 183,3,3 184,3,3 185,3,3 186,3,3 187,3,3 188,3,3 189,3,3 190,3,3 191,3,3 192,3,3 193,3,3 194,3,3 195,3,3 196,3,3 197,3,3 198,3,3 199,3,3 200,3,3 201,3,3 202,3,3 
qch: 2
3,3,3 4,3,3 5,3,3 6,3,3 7,3,3 8,3,3 9,3,3 10,3,3 11,3,3 12,3,3 13,3,3 14,3,3 15,3,3 16,3,3 17,3,3 18,3,3 19,3,3 20,3,3 21,3,3 22,3,3 23,3,3 24,3,3 25,3,3 26,3,3 27,3,3 28,3,3 29,3,3 30,3,3 31,3,3 32,3,3 33,3,3 34,3,3 35,3,3 36,3,3 37,3,3 38,3,3 39,3,3 40,3,3 41,3,3 42,3,3 43,3,3 44,3,3 45,3,3 46,3,3 47,3,3 48,3,3 49,3,3 50,3,3 51,3,3 52,3,3 53,3,3 54,3,3 55,3,3 56,3,3 57,3,3 58,3,3 59,3,3 60,3,3 61,3,3 62,3,3 63,3,3 64,3,3 65,3,3 66,3,3 67,3,3 68,3,3 69,3,3 70,3,3 71,3,3 72,3,3 73,3,3 74,3,3 75,3,3 76,3,3 77,3,3 78,3,3 79,3,3 80,3,3 81,3,3 82,3,3 83,3,3 84,3,3 85,3,3 86,3,3 87,3,3 88,3,3 89,3,3 90,3,3 91,3,3 92,3,3 93,3,3 94,3,3 95,3,3 96,3,3 97,3,3 98,3,3 99,3,3 100,3,3 101,3,3 102,3,3 103,3,3 104,3,3 105,3,3 106,3,3 107,3,3 108,3,3 109,3,3 110,3,3 111,3,3 112,3,3 113,3,3 114,3,3 115,3,3 116,3,3 117,3,3 118,3,3 119,3,3 120,3,3 121,3,3 122,3,3 123,3,3 124,3,3 125,3,3 126,3,3 127,3,3 128,3,3 129,3,3 130,3,3 131,3,3 132,3,3 133,3,3 134,3,3 135,3,3 136,3,3 137,3,3 138,3,3 139,3,3 140,3,3 141,3,3 142,3,3 143,3,3 144,3,3 145,3,3 146,3,3 147,3,3 148,3,3 149,3,3 150,3,3 151,3,3 152,3,3 153,3,3 154,3,3 155,3,3 156,3,3 157,3,3 158,3,3 159,3,3 160,3,3 161,3,3 162,3,3 163,3,3 164,3,3 165,3,3 166,3,3 167,3,3 168,3,3 169,3,3 170,3,3 171,3,3 172,3,3 173,3,3 174,3,3 175,3,3 176,3,3 177,3,3 178,3,3 179,3,3 180,3,3 181,3,3 182,3,3 183,3,3 184,3,3 185,3,3 186,3,3 187,3,3 188,3,3 189,3,3 190,3,3 191,3,3 192,3,3 193,3,3 194,3,3 195,3,3 196,3,3 197,3,3 198,3,3 199,3,3 200,3,3 201,3,3 202,3,3 
qch: 3
3,3,3 4,3,3 5,3,3 6,3,3 7,3,3 8,3,3 9,3,3 10,3,3 11,3,3 12,3,3 13,3,3 14,3,3 15,3,3 16,3,3 17,3,3 18,3,3 19,3,3 20,3,3 21,3,3 22,3,3 23,3,3 24,3,3 25,3,3 26,3,3 27,3,3 28,3,3 29,3,3 30,3,3 31,3,3 32,3,3 33,3,3 34,3,3 35,3,3 36,3,3 37,3,3 38,3,3 39,3,3 40,3,3 41,3,3 42,3,3 43,3,3 44,3,3 45,3,3 46,3,3 47,3,3 48,3,3 49,3,3 50,3,3 51,3,3 52,3,3 53,3,3 54,3,3 55,3,3 56,3,3 57,3,3 58,3,3 59,3,3 60,3,3 61,3,3 62,3,3 63,3,3 64,3,3 65,3,3 66,3,3 67,3,3 68,3,3 69,3,3 70,3,3 71,3,3 72,3,3 73,3,3 74,3,3 75,3,3 76,3,3 77,3,3 78,3,3 79,3,3 80,3,3 81,3,3 82,3,3 83,3,3 84,3,3 85,3,3 86,3,3 87,3,3 88,3,3 89,3,3 90,3,3 91,3,3 92,3,3 93,3,3 94,3,3 95,3,3 96,3,3 97,3,3 98,3,3 99,3,3 100,3,3 101,3,3 102,3,3 103,3,3 104,3,3 105,3,3 106,3,3 107,3,3 108,3,3 109,3,3 110,3,3 111,3,3 112,3,3 113,3,3 114,3,3 115,3,3 116,3,3 117,3,3 118,3,3 119,3,3 120,3,3 121,3,3 122,3,3 123,3,3 124,3,3 125,3,3 126,3,3 127,3,3 128,3,3 129,3,3 130,3,3 131,3,3 132,3,3 133,3,3 134,3,3 135,3,3 136,3,3 137,3,3 138,3,3 139,3,3 140,3,3 141,3,3 142,3,3 143,3,3 144,3,3 145,3,3 146,3,3 147,3,3 148,3,3 149,3,3 150,3,3 151,3,3 152,3,3 153,3,3 154,3,3 155,3,3 156,3,3 157,3,3 158,3,3 159,3,3 160,3,3 161,3,3 162,3,3 163,3,3 164,3,3 165,3,3 166,3,3 167,3,3 168,3,3 169,3,3 170,3,3 171,3,3 172,3,3 173,3,3 174,3,3 175,3,3 176,3,3 177,3,3 178,3,3 179,3,3 180,3,3 181,3,3 182,3,3 183,3,3 184,3,3 185,3,3 186,3,3 187,3,3 188,3,3 189,3,3 190,3,3 191,3,3 192,3,3 193,3,3 194,3,3 195,3,3 196,3,3 197,3,3 198,3,3 199,3,3 200,3,3 201,3,3 202,3,3 
qch: 4
3,3,3 4,3,3 5,3,3 6,3,3 7,3,3 8,3,3 9,3,3 10,3,3 11,3,3 12,3,3 13,3,3 14,3,3 15,3,3 16,3,3 17,3,3 18,3,3 19,3,3 20,3,3 21,3,3 22,3,3 23,3,3 24,3,3 25,3,3 26,3,3 27,3,3 28,3,3 29,3,3 30,3,3 31,3,3 32,3,3 33,3,3 34,3,3 35,3,3 36,3,3 37,3,3 38,3,3 39,3,3 40,3,3 41,3,3 42,3,3 43,3,3 44,3,3 45,3,3 46,3,3 47,3,3 48,3,3 49,3,3 50,3,3 51,3,3 52,3,3 53,3,3 54,3,3 55,3,3 56,3,3 57,3,3 58,3,3 59,3,3 60,3,3 61,3,3 62,3,3 63,3,3 64,3,3 65,3,3 66,3,3 67,3,3 68,3,3 69,3,3 70,3,3 71,3,3 72,3,3 73,3,3 74,3,3 75,3,3 76,3,3 77,3,3 78,3,3 79,3,3 80,3,3 81,3,3 82,3,3 83,3,3 84,3,3 85,3,3 86,3,3 87,3,3 88,3,3 89,3,3 90,3,3 91,3,3 92,3,3 93,3,3 94,3,3 95,3,3 96,3,3 97,3,3 98,3,3 99,3,3 100,3,3 101,3,3 102,3,3 103,3,3 104,3,3 105,3,3 106,3,3 107,3,3 108,3,3 109,3,3 110,3,3 111,3,3 112,3,3 113,3,3 114,3,3 115,3,3 116,3,3 117,3,3 118,3,3 119,3,3 120,3,3 121,3,3 122,3,3 123,3,3 124,3,3 125,3,3 126,3,3 127,3,3 128,3,3 129,3,3 130,3,3 131,3,3 132,3,3 133,3,3 134,3,3 135,3,3 136,3,3 137,3,3 138,3,3 139,3,3 140,3,3 141,3,3 142,3,3 143,3,3 144,3,3 145,3,3 146,3,3 147,3,3 148,3,3 149,3,3 150,3,3 151,3,3 152,3,3 153,3,3 154,3,3 155,3,3 156,3,3 157,3,3 158,3,3 159,3,3 160,3,3 161,3,3 162,3,3 163,3,3 164,3,3 165,3,3 166,3,3 167,3,3 168,3,3 169,3,3 170,3,3 171,3,3 172,3,3 173,3,3 174,3,3 175,3,3 176,3,3 177,3,3 178,3,3 179,3,3 180,3,3 181,3,3 182,3,3 183,3,3 184,3,3 185,3,3 186,3,3 187,3,3 188,3,3 189,3,3 190,3,3 191,3,3 192,3,3 193,3,3 194,3,3 195,3,3 196,3,3 197,3,3 198,3,3 199,3,3 200,3,3 201,3,3 202,3,3 
dV: 0.005
1 1 1 1 1 1 1 1 1 1 1 1 1 1 1 1 1 1 1 1 1 1 1 1 1 1 1 1 1 1 1 1 1 1 1 1 1 1 1 1 1 1 1 1 1 1 1 1 1 1 1 1 1 1 1 1 1 1 1 1 1 1 1 1 1 1 1 1 1 1 1 1 1 1 1 1 1 1 1 1 1 1 1 1 1 1 1 1 1 1 1 1 1 1 1 0.999996 0.999595 0.993208 0.941004 0.891932 1.17427 1 1 1 1 1 1 1 1 1 1 1 1 1 1 1 1 1 1 1 1 1 1 1 1 1 1 1 1 1 1 1 1 1 1 1 1 1 1 1 1 1 1 1 1 1 1 1 1 1 1 1 1 1 1 1 1 1 1 1 1 1 1 1 1 1 1 1 1 1 1 1 1 1 1 1 1 1 1 1 1 1 1 1 1 1 1 1 1 1 1 1 1 1 1 1 1 1 1 1 




Hit Completed
 Program exiting normally: 
 ------ Time integration completed ------ 
......................................................
   Output (flt)  triggered at time: 7.21582e-05
......................................................
======================================================
 Total run time               0.0406199s
 Average time step duration   0.01354s
======================================================
<end of output>
Test time =   0.60 sec
----------------------------------------------------------
Test Passed.
"tiny_run" end time: Mar 22 16:07 CET
"tiny_run" time elapsed: 00:00:00
----------------------------------------------------------

2/2 Testing: tiny_compare
2/2 Test: tiny_compare
Command: "/usr/bin/h5diff" "-v" "-d" "1.5e-11" "--exclude-path" "/Data/version" "/home/dproksch/master_thesis/CronosCelerityBlock/build/tests/SodToro5HllcRef_tiny/SodToro5HllcRef_float/SodToro5HllcRef_flt_step3.h5" "/home/dproksch/master_thesis/CronosCelerityBlock/tests/SodToro5HllcRef_tiny/SodToro5HllcRef_float/SodToro5HllcRef_flt_step3.h5"
Directory: /home/dproksch/master_thesis/CronosCelerityBlock/build
"tiny_compare" start time: Mar 22 16:07 CET
Output:
----------------------------------------------------------

file1     file2
---------------------------------------
    x      x    /              
    x      x    /Data          
    x      x    /Data/SodPars  
    x      x    /fluid00       
    x      x    /fluid00/Etherm
    x      x    /fluid00/rho   
    x      x    /fluid00/v_x   
    x      x    /fluid00/v_y   
    x      x    /fluid00/v_z   

group  : </> and </>
0 differences found
group  : </Data> and </Data>
0 differences found
attribute: <CflNumber of </Data>> and <CflNumber of </Data>>
0 differences found
attribute: <Entries of </Data>> and <Entries of </Data>>
0 differences found
attribute: <HyperbolicSolver_Gamma of </Data>> and <HyperbolicSolver_Gamma of </Data>>
0 differences found
attribute: <HyperbolicSolver_Initial_density of </Data>> and <HyperbolicSolver_Initial_density of </Data>>
0 differences found
attribute: <HyperbolicSolver_IntegrateA of </Data>> and <HyperbolicSolver_IntegrateA of </Data>>
0 differences found
attribute: <HyperbolicSolver_Isothermal_Soundspeed of </Data>> and <HyperbolicSolver_Isothermal_Soundspeed of </Data>>
0 differences found
attribute: <HyperbolicSolver_SQR_Soundspeed of </Data>> and <HyperbolicSolver_SQR_Soundspeed of </Data>>
0 differences found
attribute: <HyperbolicSolver_pmin of </Data>> and <HyperbolicSolver_pmin of </Data>>
0 differences found
attribute: <HyperbolicSolver_rhomin of </Data>> and <HyperbolicSolver_rhomin of </Data>>
0 differences found
attribute: <HyperbolicSolver_vmax of </Data>> and <HyperbolicSolver_vmax of </Data>>
0 differences found
attribute: <Name_om00 of </Data>> and <Name_om00 of </Data>>
0 differences found
attribute: <Name_om01 of </Data>> and <Name_om01 of </Data>>
0 differences found
attribute: <Name_om02 of </Data>> and <Name_om02 of </Data>>
0 differences found
attribute: <Name_om03 of </Data>> and <Name_om03 of </Data>>
0 differences found
attribute: <Name_om04 of </Data>> and <Name_om04 of </Data>>
0 differences found
attribute: <TestCase of </Data>> and <TestCase of </Data>>
0 differences found
attribute: <coords of </Data>> and <coords of </Data>>
0 differences found
attribute: <dt of </Data>> and <dt of </Data>>
0 differences found
attribute: <dx of </Data>> and <dx of </Data>>
0 differences found
attribute: <fluid_type of </Data>> and <fluid_type of </Data>>
0 differences found
attribute: <geometry of </Data>> and <geometry of </Data>>
0 differences found
attribute: <itime of </Data>> and <itime of </Data>>
0 differences found
attribute: <procs of </Data>> and <procs of </Data>>
0 differences found
attribute: <rank of </Data>> and <rank of </Data>>
0 differences found
attribute: <rim of </Data>> and <rim of </Data>>
0 differences found
attribute: <time of </Data>> and <time of </Data>>
0 differences found
attribute: <timestep of </Data>> and <timestep of </Data>>
0 differences found
attribute: <using_cbase of </Data>> and <using_cbase of </Data>>
0 differences found
attribute: <xmin of </Data>> and <xmin of </Data>>
0 differences found
group  : </Data/SodPars> and </Data/SodPars>
0 differences found
attribute: <gamma of </Data/SodPars>> and <gamma of </Data/SodPars>>
0 differences found
attribute: <pL of </Data/SodPars>> and <pL of </Data/SodPars>>
0 differences found
attribute: <pR of </Data/SodPars>> and <pR of </Data/SodPars>>
0 differences found
attribute: <rhoL of </Data/SodPars>> and <rhoL of </Data/SodPars>>
0 differences found
attribute: <rhoR of </Data/SodPars>> and <rhoR of </Data/SodPars>>
0 differences found
attribute: <uL of </Data/SodPars>> and <uL of </Data/SodPars>>
0 differences found
attribute: <uR of </Data/SodPars>> and <uR of </Data/SodPars>>
0 differences found
group  : </fluid00> and </fluid00>
0 differences found
attribute: <Entries of </fluid00>> and <Entries of </fluid00>>
0 differences found
attribute: <Name_om00 of </fluid00>> and <Name_om00 of </fluid00>>
0 differences found
attribute: <Name_om01 of </fluid00>> and <Name_om01 of </fluid00>>
0 differences found
attribute: <Name_om02 of </fluid00>> and <Name_om02 of </fluid00>>
0 differences found
attribute: <Name_om03 of </fluid00>> and <Name_om03 of </fluid00>>
0 differences found
attribute: <Name_om04 of </fluid00>> and <Name_om04 of </fluid00>>
0 differences found
dataset: </fluid00/Etherm> and </fluid00/Etherm>
0 differences found
attribute: <delta of </fluid00/Etherm>> and <delta of </fluid00/Etherm>>
0 differences found
attribute: <origin of </fluid00/Etherm>> and <origin of </fluid00/Etherm>>
0 differences found
dataset: </fluid00/rho> and </fluid00/rho>
0 differences found
attribute: <delta of </fluid00/rho>> and <delta of </fluid00/rho>>
0 differences found
attribute: <origin of </fluid00/rho>> and <origin of </fluid00/rho>>
0 differences found
dataset: </fluid00/v_x> and </fluid00/v_x>
0 differences found
attribute: <delta of </fluid00/v_x>> and <delta of </fluid00/v_x>>
0 differences found
attribute: <origin of </fluid00/v_x>> and <origin of </fluid00/v_x>>
0 differences found
dataset: </fluid00/v_y> and </fluid00/v_y>
0 differences found
attribute: <delta of </fluid00/v_y>> and <delta of </fluid00/v_y>>
0 differences found
attribute: <origin of </fluid00/v_y>> and <origin of </fluid00/v_y>>
0 differences found
dataset: </fluid00/v_z> and </fluid00/v_z>
0 differences found
attribute: <delta of </fluid00/v_z>> and <delta of </fluid00/v_z>>
0 differences found
attribute: <origin of </fluid00/v_z>> and <origin of </fluid00/v_z>>
0 differences found
<end of output>
Test time =   0.00 sec
----------------------------------------------------------
Test Passed.
"tiny_compare" end time: Mar 22 16:07 CET
"tiny_compare" time elapsed: 00:00:00
----------------------------------------------------------

End testing: Mar 22 16:07 CET
