Start testing: Dec 17 22:21 CET
----------------------------------------------------------
1/4 Testing: tiny_run
1/4 Test: tiny_run
Command: "/home/dproksch/master_thesis/CronosCelerityBlock/build/proj" "/home/dproksch/master_thesis/CronosCelerityBlock/build/tests/SodToro5HllcRef_tiny" "SodToro5HllcRef"
Directory: /home/dproksch/master_thesis/CronosCelerityBlock/build
"tiny_run" start time: Dec 17 22:21 CET
Output:
----------------------------------------------------------
[2022-12-17 22:21:14.871] [0] [info] Celerity runtime version 0.3.2 59e7d61 running on hipSYCL 0.9.3. PID = 2189, build type = release
[2022-12-17 22:21:15.471] [0] [info] Using platform 'CUDA', device 'NVIDIA GeForce RTX 3060' (automatically selected platform 0, device 0)
 Writing Lines: /Lx
 Writing Nodes: /Xn
 Writing Cells: /Xc
 Writing Multi /Tx
 Done 
 Writing Lines: /Ly
 Writing Nodes: /Yn
 Writing Cells: /Yc
 Writing Multi /Ty
 Done 
 Writing Lines: /Lz
 Writing Nodes: /Zn
 Writing Cells: /Zc
 Writing Multi /Tz
 Done 
creating omSYCL buffer size 206, 7, 7
creating omSYCL buffer size 206, 7, 7
creating omSYCL buffer size 206, 7, 7
creating omSYCL buffer size 206, 7, 7
creating omSYCL buffer size 206, 7, 7
creating omSYCL buffer size 206, 7, 7
creating omSYCL buffer size 206, 7, 7
creating omSYCL buffer size 206, 7, 7
creating omSYCL buffer size 206, 7, 7
creating omSYCL buffer size 206, 7, 7
creating omSYCL buffer size 206, 7, 7
creating omSYCL buffer size 206, 7, 7
 My upper type: 0 2 2
======================================================
 Writing info on... 
  ... Runge Kutta Stepping 
  ... value of cfl number 
  ... I/O of data 
  ... Energetics 
  ... divergence of B 
  ... Timing 
======================================================
 Using the HLLC solver 
calling init (type=99)...
 Shock Tube problem (HD) 1D 
199 0 0
all ICs set.
 Storing values for fixed boundaries 
------- Field ids-------------------------------------
Add0      ->  5
Add1      ->  6
Etherm    ->  4
rho       ->  0
v_x       ->  1
v_y       ->  2
v_z       ->  3
-------Fluctuations-----------------------------------
 E_kin:  0.000e+00 E_dyn:  0.000e+00
-------Energertics:-----------------------------------
 E_ges:  1.442e+03 E_th:   0.000e+00
-------Dynamics:--------------------------------------
 Vorti.: 0.000e+00 Enstr.: 0.000e+00 M_rms:       -nan
-------Conserved quantities:--------------------------
 Mass: 1.000e+00 err: 0.000e+00
 p_x:  -1.960e+01 err: 0.000e+00
 p_y:  0.000e+00 err: 0.000e+00
 p_z:  0.000e+00 err: 0.000e+00
 Eges: 1.442e+03 err: 0.000e+00
......................................................
    Movie Output triggered 
......................................................
......................................................
   Output (flt)  triggered at time: 0
......................................................
======================================================
Integrating: time = 0 with dt = 2e-06 at step 0
  RKSTEP = 1
  Using Reconst:  - rho - dir 0 - substep -1
  Using Reconst:  - v_x - dir 0 - substep -1
  Using Reconst:  - v_y - dir 0 - substep -1
  Using Reconst:  - v_z - dir 0 - substep -1
  Using Reconst:  - Etherm - dir 0 - substep -1
reach limit: 201.2.2
om_result: 11402.8
start integrator
  RKSTEP = 2
0_1_2500.000000_sycl 1_1_0.000000_sycl 2_1_0.000000_sycl 3_1_2500.000000_sycl 4_1_0.000000_sycl 5_1_0.000000_sycl
  Using Reconst:  - rho - dir 0 - substep -1
  Using Reconst:  - v_x - dir 0 - substep -1
  Using Reconst:  - v_y - dir 0 - substep -1
  Using Reconst:  - v_z - dir 0 - substep -1
  Using Reconst:  - Etherm - dir 0 - substep -1
reach limit: 201.2.2
om_result: 11402.8
start integrator
------------------------------------------------------
 Time needed for substeps:  1.00338 0.000128984
             for full step: 2.01688
-------Fluctuations-----------------------------------
 E_kin:  0.000e+00 E_dyn:  0.000e+00
-------Energertics:-----------------------------------
 E_ges:  1.442e+03 E_th:   0.000e+00
-------Dynamics:--------------------------------------
 Vorti.: 0.000e+00 Enstr.: 0.000e+00 M_rms:       -nan
-------Conserved quantities:--------------------------
 Mass: 1.000e+00 err: 0.000e+00
 p_x:  -1.960e+01 err: 1.021e-04
 p_y:  0.000e+00 err: 0.000e+00
 p_z:  0.000e+00 err: 0.000e+00
 Eges: 1.442e+03 err: -1.372e-01
......................................................
   Output (dbl)  triggered at time: 0_1_2500.000000_sycl 1_1_0.000000_sycl 2e-062_1_0.000000_sycl 3_1_2500.000000_sycl 4_1_0.000000_sycl 5_1_0.000000_sycl

......................................................
======================================================
Integrating: time = 2e-06 with dt = 3.50791e-05 at step 1
  RKSTEP = 1
  Using Reconst:  - rho - dir 0 - substep -1
  Using Reconst:  - v_x - dir 0 - substep -1
  Using Reconst:  - v_y - dir 0 - substep -1
  Using Reconst:  - v_z - dir 0 - substep -1
  Using Reconst:  - Etherm - dir 0 - substep -1
reach limit: 201.2.2
om_result: 11402.8
start integrator
  RKSTEP = 2
0_1_2500.000000_sycl 1_1_0.000000_sycl 2_1_0.000000_sycl 3_1_2500.000000_sycl 4_1_0.000000_sycl 5_1_0.000000_sycl
  Using Reconst:  - rho - dir 0 - substep -1
  Using Reconst:  - v_x - dir 0 - substep -1
  Using Reconst:  - v_y - dir 0 - substep -1
  Using Reconst:  - v_z - dir 0 - substep -1
  Using Reconst:  - Etherm - dir 0 - substep -1
reach limit: 201.2.2
om_result: 11402.8
start integrator
------------------------------------------------------
 Time needed for substeps:  1.00288 0.000111818
             for full step: 2.00957
-------Fluctuations-----------------------------------
 E_kin:  0.000e+00 E_dyn:  0.000e+00
-------Energertics:-----------------------------------
 E_ges:  1.439e+03 E_th:   0.000e+00
-------Dynamics:--------------------------------------
 Vorti.: 0.000e+00 Enstr.: 0.000e+00 M_rms:       -nan
-------Conserved quantities:--------------------------
 Mass: 1.000e+00 err: 0.000e+00
 p_x:  -1.956e+01 err: 1.895e-03
 p_y:  0.000e+00 err: 0.000e+00
 p_z:  0.000e+00 err: 0.000e+00
 Eges: 1.439e+03 err: -2.543e+00
======================================================
Integrating: time = 3.70791e-05 with dt = 3.50791e-05 at step 0_1_2500.000000_sycl 1_1_0.000000_sycl 2_1_0.000000_sycl 3_1_2500.000000_sycl 4_1_0.000000_sycl 5_1_0.000000_sycl
2
  RKSTEP = 1
  Using Reconst:  - rho - dir 0 - substep -1
  Using Reconst:  - v_x - dir 0 - substep -1
  Using Reconst:  - v_y - dir 0 - substep -1
  Using Reconst:  - v_z - dir 0 - substep -1
  Using Reconst:  - Etherm - dir 0 - substep -1
reach limit: 201.2.2
om_result: 11402.8
start integrator
  RKSTEP = 2
0_1_2500.000000_sycl 1_1_0.000000_sycl 2_1_0.000000_sycl 3_1_2500.000000_sycl 4_1_0.000000_sycl 5_1_0.000000_sycl
  Using Reconst:  - rho - dir 0 - substep -1
  Using Reconst:  - v_x - dir 0 - substep -1
  Using Reconst:  - v_y - dir 0 - substep -1
  Using Reconst:  - v_z - dir 0 - substep -1
  Using Reconst:  - Etherm - dir 0 - substep -1
reach limit: 201.2.2
om_result: 11402.8
start integrator
Hit Completed
 Program exiting normally: 
 ------ Time integration completed ------ 
......................................................
   Output (flt)  triggered at time: 0_1_2500.000000_sycl 1_1_0.000000_sycl 2_1_0.000000_sycl 3_1_2500.000000_sycl 4_1_0.000000_sycl 5_1_0.000000_sycl
7.21582e-05
......................................................
======================================================
 Total run time               6.03868s
 Average time step duration   2.01289s
======================================================
<end of output>
Test time =   7.03 sec
----------------------------------------------------------
Test Passed.
"tiny_run" end time: Dec 17 22:21 CET
"tiny_run" time elapsed: 00:00:07
----------------------------------------------------------

2/4 Testing: tiny_compare
2/4 Test: tiny_compare
Command: "/usr/bin/h5diff" "--exclude-path" "/Data/version" "/home/dproksch/master_thesis/CronosCelerityBlock/build/tests/SodToro5HllcRef_tiny/SodToro5HllcRef_float/SodToro5HllcRef_flt_step3.h5" "/home/dproksch/master_thesis/CronosCelerityBlock/tests/SodToro5HllcRef_tiny/SodToro5HllcRef_float/SodToro5HllcRef_flt_step3.h5"
Directory: /home/dproksch/master_thesis/CronosCelerityBlock/build
"tiny_compare" start time: Dec 17 22:21 CET
Output:
----------------------------------------------------------
<end of output>
Test time =   0.01 sec
----------------------------------------------------------
Test Passed.
"tiny_compare" end time: Dec 17 22:21 CET
"tiny_compare" time elapsed: 00:00:00
----------------------------------------------------------

3/4 Testing: small_run
3/4 Test: small_run
Command: "/home/dproksch/master_thesis/CronosCelerityBlock/build/proj" "/home/dproksch/master_thesis/CronosCelerityBlock/build/tests/SodToro5HllcRef_small" "SodToro5HllcRef"
Directory: /home/dproksch/master_thesis/CronosCelerityBlock/build
"small_run" start time: Dec 17 22:21 CET
Output:
----------------------------------------------------------
[2022-12-17 22:21:21.808] [0] [info] Celerity runtime version 0.3.2 59e7d61 running on hipSYCL 0.9.3. PID = 2234, build type = release
[2022-12-17 22:21:22.084] [0] [info] Using platform 'CUDA', device 'NVIDIA GeForce RTX 3060' (automatically selected platform 0, device 0)
 Writing Lines: /Lx
 Writing Nodes: /Xn
 Writing Cells: /Xc
 Writing Multi /Tx
 Done 
 Writing Lines: /Ly
 Writing Nodes: /Yn
 Writing Cells: /Yc
 Writing Multi /Ty
 Done 
 Writing Lines: /Lz
 Writing Nodes: /Zn
 Writing Cells: /Zc
 Writing Multi /Tz
 Done 
creating omSYCL buffer size 206, 7, 7
creating omSYCL buffer size 206, 7, 7
creating omSYCL buffer size 206, 7, 7
creating omSYCL buffer size 206, 7, 7
creating omSYCL buffer size 206, 7, 7
creating omSYCL buffer size 206, 7, 7
creating omSYCL buffer size 206, 7, 7
creating omSYCL buffer size 206, 7, 7
creating omSYCL buffer size 206, 7, 7
creating omSYCL buffer size 206, 7, 7
creating omSYCL buffer size 206, 7, 7
creating omSYCL buffer size 206, 7, 7
 My upper type: 0 2 2
======================================================
 Writing info on... 
  ... Runge Kutta Stepping 
  ... value of cfl number 
  ... I/O of data 
  ... Energetics 
  ... divergence of B 
  ... Timing 
======================================================
 Using the HLLC solver 
calling init (type=99)...
 Shock Tube problem (HD) 1D 
199 0 0
all ICs set.
 Storing values for fixed boundaries 
------- Field ids-------------------------------------
Add0      ->  5
Add1      ->  6
Etherm    ->  4
rho       ->  0
v_x       ->  1
v_y       ->  2
v_z       ->  3
-------Fluctuations-----------------------------------
 E_kin:  0.000e+00 E_dyn:  0.000e+00
-------Energertics:-----------------------------------
 E_ges:  1.442e+03 E_th:   0.000e+00
-------Dynamics:--------------------------------------
 Vorti.: 0.000e+00 Enstr.: 0.000e+00 M_rms:       -nan
-------Conserved quantities:--------------------------
 Mass: 1.000e+00 err: 0.000e+00
 p_x:  -1.960e+01 err: 0.000e+00
 p_y:  0.000e+00 err: 0.000e+00
 p_z:  0.000e+00 err: 0.000e+00
 Eges: 1.442e+03 err: 0.000e+00
......................................................
    Movie Output triggered 
......................................................
......................................................
   Output (flt)  triggered at time: 0
......................................................
======================================================
Integrating: time = 0 with dt = 2e-06 at step 0
  RKSTEP = 1
  Using Reconst:  - rho - dir 0 - substep -1
  Using Reconst:  - v_x - dir 0 - substep -1
  Using Reconst:  - v_y - dir 0 - substep -1
  Using Reconst:  - v_z - dir 0 - substep -1
  Using Reconst:  - Etherm - dir 0 - substep -1
reach limit: 201.2.2
om_result: 11402.8
start integrator
  RKSTEP = 2
0_1_2500.000000_sycl 1_1_0.000000_sycl 2_1_0.000000_sycl 3_1_2500.000000_sycl 4_1_0.000000_sycl 5_1_0.000000_sycl
  Using Reconst:  - rho - dir 0 - substep -1
  Using Reconst:  - v_x - dir 0 - substep -1
  Using Reconst:  - v_y - dir 0 - substep -1
  Using Reconst:  - v_z - dir 0 - substep -1
  Using Reconst:  - Etherm - dir 0 - substep -1
reach limit: 201.2.2
om_result: 11402.8
start integrator
------------------------------------------------------
 Time needed for substeps:  1.00281 0.000118017
             for full step: 2.01595
-------Fluctuations-----------------------------------
 E_kin:  0.000e+00 E_dyn:  0.000e+00
-------Energertics:-----------------------------------
 E_ges:  1.442e+03 E_th:   0.000e+00
-------Dynamics:--------------------------------------
 Vorti.: 0.000e+00 Enstr.: 0.000e+00 M_rms:       -nan
-------Conserved quantities:--------------------------
 Mass: 1.000e+00 err: 0.000e+00
 p_x:  -1.960e+01 err: 1.021e-04
 p_y:  0.000e+00 err: 0.000e+00
 p_z:  0.000e+00 err: 0.000e+00
 Eges: 1.442e+03 err: -1.372e-01
......................................................
0_1_2500.000000_sycl 1_1_0.000000_sycl 2_1_0.000000_sycl 3_1_2500.000000_sycl 4_1_0.000000_sycl 5_1_0.000000_sycl
   Output (dbl)  triggered at time: 2e-06
......................................................
======================================================
Integrating: time = 2e-06 with dt = 3.50791e-05 at step 1
  RKSTEP = 1
  Using Reconst:  - rho - dir 0 - substep -1
  Using Reconst:  - v_x - dir 0 - substep -1
  Using Reconst:  - v_y - dir 0 - substep -1
  Using Reconst:  - v_z - dir 0 - substep -1
  Using Reconst:  - Etherm - dir 0 - substep -1
reach limit: 201.2.2
om_result: 11402.8
start integrator
  RKSTEP = 0_1_2500.000000_sycl 1_1_0.000000_sycl 2_1_0.000000_sycl 3_1_2500.000000_sycl 4_1_0.000000_sycl 5_1_0.000000_sycl
2
  Using Reconst:  - rho - dir 0 - substep -1
  Using Reconst:  - v_x - dir 0 - substep -1
  Using Reconst:  - v_y - dir 0 - substep -1
  Using Reconst:  - v_z - dir 0 - substep -1
  Using Reconst:  - Etherm - dir 0 - substep -1
reach limit: 201.2.2
om_result: 11402.8
start integrator
------------------------------------------------------
 Time needed for substeps:  1.00283 9.29832e-05
             for full step: 2.00961
-------Fluctuations-----------------------------------
 E_kin:  0.000e+00 E_dyn:  0.000e+00
-------Energertics:-----------------------------------
 E_ges:  1.439e+03 E_th:   0.000e+00
-------Dynamics:--------------------------------------
 Vorti.: 0.000e+00 Enstr.: 0.000e+00 M_rms:       -nan
-------Conserved quantities:--------------------------
 Mass: 1.000e+00 err: 0.000e+00
 p_x:  -1.956e+01 err: 1.895e-03
 p_y:  0.000e+00 err: 0.000e+00
 p_z:  0.000e+00 err: 0.000e+00
 Eges: 1.439e+03 err: -2.543e+00
======================================================
Integrating: time = 3.70791e-05 with dt = 3.50791e-05 at step 2
  RKSTEP = 1
0_1_2500.000000_sycl 1_1_0.000000_sycl 2_1_0.000000_sycl 3_1_2500.000000_sycl 4_1_0.000000_sycl 5_1_0.000000_sycl
  Using Reconst:  - rho - dir 0 - substep -1
  Using Reconst:  - v_x - dir 0 - substep -1
  Using Reconst:  - v_y - dir 0 - substep -1
  Using Reconst:  - v_z - dir 0 - substep -1
  Using Reconst:  - Etherm - dir 0 - substep -1
reach limit: 201.2.2
om_result: 11402.8
start integrator
  RKSTEP = 2
0_1_2500.000000_sycl 1_1_0.000000_sycl 2_1_0.000000_sycl 3_1_2500.000000_sycl 4_1_0.000000_sycl 5_1_0.000000_sycl
  Using Reconst:  - rho - dir 0 - substep -1
  Using Reconst:  - v_x - dir 0 - substep -1
  Using Reconst:  - v_y - dir 0 - substep -1
  Using Reconst:  - v_z - dir 0 - substep -1
  Using Reconst:  - Etherm - dir 0 - substep -1
reach limit: 201.2.2
om_result: 11402.8
start integrator
======================================================
Integrating: time = 0_1_2500.000000_sycl 1_1_0.000000_sycl 2_1_0.000000_sycl 3_1_2500.000000_sycl 4_1_0.000000_sycl 5_1_0.000000_sycl
7.21582e-05 with dt = 3.50791e-05 at step 3
  RKSTEP = 1
  Using Reconst:  - rho - dir 0 - substep -1
  Using Reconst:  - v_x - dir 0 - substep -1
  Using Reconst:  - v_y - dir 0 - substep -1
  Using Reconst:  - v_z - dir 0 - substep -1
  Using Reconst:  - Etherm - dir 0 - substep -1
reach limit: 201.2.2
om_result: 11402.8
start integrator
  RKSTEP = 2
0_1_2500.000000_sycl 1_1_0.000000_sycl 2_1_0.000000_sycl 3_1_2500.000000_sycl 4_1_0.000000_sycl 5_1_0.000000_sycl
  Using Reconst:  - rho - dir 0 - substep -1
  Using Reconst:  - v_x - dir 0 - substep -1
  Using Reconst:  - v_y - dir 0 - substep -1
  Using Reconst:  - v_z - dir 0 - substep -1
  Using Reconst:  - Etherm - dir 0 - substep -1
reach limit: 201.2.2
om_result: 11402.8
start integrator
======================================================
Integrating: time = 0_1_2500.000000_sycl 1_1_0.000000_sycl 2_1_0.000000_sycl 3_1_2500.000000_sycl 4_1_0.000000_sycl 5_1_0.000000_sycl
0.000107237 with dt = 3.50791e-05 at step 4
  RKSTEP = 1
  Using Reconst:  - rho - dir 0 - substep -1
  Using Reconst:  - v_x - dir 0 - substep -1
  Using Reconst:  - v_y - dir 0 - substep -1
  Using Reconst:  - v_z - dir 0 - substep -1
  Using Reconst:  - Etherm - dir 0 - substep -1
reach limit: 201.2.2
om_result: 11402.8
start integrator
  RKSTEP = 2
0_1_2500.000000_sycl 1_1_0.000000_sycl 2_1_0.000000_sycl 3_1_2500.000000_sycl 4_1_0.000000_sycl 5_1_0.000000_sycl
  Using Reconst:  - rho - dir 0 - substep -1
  Using Reconst:  - v_x - dir 0 - substep -1
  Using Reconst:  - v_y - dir 0 - substep -1
  Using Reconst:  - v_z - dir 0 - substep -1
  Using Reconst:  - Etherm - dir 0 - substep -1
reach limit: 201.2.2
om_result: 11402.8
start integrator
======================================================
Integrating: time = 0_1_2500.000000_sycl 1_1_0.000000_sycl 2_1_0.000000_sycl 3_1_2500.000000_sycl 4_1_0.000000_sycl 5_1_0.000000_sycl
0.000142316 with dt = 3.50791e-05 at step 5
  RKSTEP = 1
  Using Reconst:  - rho - dir 0 - substep -1
  Using Reconst:  - v_x - dir 0 - substep -1
  Using Reconst:  - v_y - dir 0 - substep -1
  Using Reconst:  - v_z - dir 0 - substep -1
  Using Reconst:  - Etherm - dir 0 - substep -1
reach limit: 201.2.2
om_result: 11402.8
start integrator
  RKSTEP = 2
0_1_2500.000000_sycl 1_1_0.000000_sycl 2_1_0.000000_sycl 3_1_2500.000000_sycl 4_1_0.000000_sycl 5_1_0.000000_sycl
  Using Reconst:  - rho - dir 0 - substep -1
  Using Reconst:  - v_x - dir 0 - substep -1
  Using Reconst:  - v_y - dir 0 - substep -1
  Using Reconst:  - v_z - dir 0 - substep -1
  Using Reconst:  - Etherm - dir 0 - substep -1
reach limit: 201.2.2
om_result: 11402.8
start integrator
======================================================
Integrating: time = 0_1_2500.000000_sycl 1_1_0.000000_sycl 2_1_0.000000_sycl 0.0001773953_1_2500.000000_sycl 4_1_0.000000_sycl 5_1_0.000000_sycl
 with dt = 3.50791e-05 at step 6
  RKSTEP = 1
  Using Reconst:  - rho - dir 0 - substep -1
  Using Reconst:  - v_x - dir 0 - substep -1
  Using Reconst:  - v_y - dir 0 - substep -1
  Using Reconst:  - v_z - dir 0 - substep -1
  Using Reconst:  - Etherm - dir 0 - substep -1
reach limit: 201.2.2
om_result: 11402.8
start integrator
  RKSTEP = 2
0_1_2500.000000_sycl 1_1_0.000000_sycl 2_1_0.000000_sycl 3_1_2500.000000_sycl 4_1_0.000000_sycl 5_1_0.000000_sycl
  Using Reconst:  - rho - dir 0 - substep -1
  Using Reconst:  - v_x - dir 0 - substep -1
  Using Reconst:  - v_y - dir 0 - substep -1
  Using Reconst:  - v_z - dir 0 - substep -1
  Using Reconst:  - Etherm - dir 0 - substep -1
reach limit: 201.2.2
om_result: 11402.8
start integrator
======================================================
Integrating: time = 0_1_2500.000000_sycl 1_1_0.000000_sycl 2_1_0.000000_sycl 0.000212475 with dt = 3_1_2500.000000_sycl 3.50791e-054_1_0.000000_sycl 5_1_0.000000_sycl
 at step 7
  RKSTEP = 1
  Using Reconst:  - rho - dir 0 - substep -1
  Using Reconst:  - v_x - dir 0 - substep -1
  Using Reconst:  - v_y - dir 0 - substep -1
  Using Reconst:  - v_z - dir 0 - substep -1
  Using Reconst:  - Etherm - dir 0 - substep -1
reach limit: 201.2.2
om_result: 11402.8
start integrator
  RKSTEP = 2
0_1_2500.000000_sycl 1_1_0.000000_sycl 2_1_0.000000_sycl 3_1_2500.000000_sycl 4_1_0.000000_sycl 5_1_0.000000_sycl
  Using Reconst:  - rho - dir 0 - substep -1
  Using Reconst:  - v_x - dir 0 - substep -1
  Using Reconst:  - v_y - dir 0 - substep -1
  Using Reconst:  - v_z - dir 0 - substep -1
  Using Reconst:  - Etherm - dir 0 - substep -1
reach limit: 201.2.2
om_result: 11402.8
start integrator
======================================================
Integrating: time = 0_1_2500.000000_sycl 1_1_0.000000_sycl 2_1_0.000000_sycl 3_1_2500.000000_sycl 4_1_0.000000_sycl 5_1_0.000000_sycl
0.000247554 with dt = 3.50791e-05 at step 8
  RKSTEP = 1
  Using Reconst:  - rho - dir 0 - substep -1
  Using Reconst:  - v_x - dir 0 - substep -1
  Using Reconst:  - v_y - dir 0 - substep -1
  Using Reconst:  - v_z - dir 0 - substep -1
  Using Reconst:  - Etherm - dir 0 - substep -1
reach limit: 201.2.2
om_result: 11402.8
start integrator
  RKSTEP = 2
0_1_2500.000000_sycl 1_1_0.000000_sycl 2_1_0.000000_sycl 3_1_2500.000000_sycl 4_1_0.000000_sycl 5_1_0.000000_sycl
  Using Reconst:  - rho - dir 0 - substep -1
  Using Reconst:  - v_x - dir 0 - substep -1
  Using Reconst:  - v_y - dir 0 - substep -1
  Using Reconst:  - v_z - dir 0 - substep -1
  Using Reconst:  - Etherm - dir 0 - substep -1
reach limit: 201.2.2
om_result: 11402.8
start integrator
======================================================
Integrating: time = 0_1_2500.000000_sycl 1_1_0.000000_sycl 2_1_0.000000_sycl 0.0002826333_1_2500.000000_sycl 4_1_0.000000_sycl 5_1_0.000000_sycl
 with dt = 3.50791e-05 at step 9
  RKSTEP = 1
  Using Reconst:  - rho - dir 0 - substep -1
  Using Reconst:  - v_x - dir 0 - substep -1
  Using Reconst:  - v_y - dir 0 - substep -1
  Using Reconst:  - v_z - dir 0 - substep -1
  Using Reconst:  - Etherm - dir 0 - substep -1
reach limit: 201.2.2
om_result: 11402.8
start integrator
  RKSTEP = 2
0_1_2500.000000_sycl 1_1_0.000000_sycl 2_1_0.000000_sycl 3_1_2500.000000_sycl 4_1_0.000000_sycl 5_1_0.000000_sycl
  Using Reconst:  - rho - dir 0 - substep -1
  Using Reconst:  - v_x - dir 0 - substep -1
  Using Reconst:  - v_y - dir 0 - substep -1
  Using Reconst:  - v_z - dir 0 - substep -1
  Using Reconst:  - Etherm - dir 0 - substep -1
reach limit: 201.2.2
om_result: 11402.8
start integrator
======================================================
Integrating: time = 0_1_2500.000000_sycl 0.000317712 with dt = 1_1_0.000000_sycl 2_1_0.000000_sycl 3_1_2500.000000_sycl 4_1_0.000000_sycl 5_1_0.000000_sycl
3.50791e-05 at step 10
  RKSTEP = 1
  Using Reconst:  - rho - dir 0 - substep -1
  Using Reconst:  - v_x - dir 0 - substep -1
  Using Reconst:  - v_y - dir 0 - substep -1
  Using Reconst:  - v_z - dir 0 - substep -1
  Using Reconst:  - Etherm - dir 0 - substep -1
reach limit: 201.2.2
om_result: 11402.8
start integrator
  RKSTEP = 2
0_1_2500.000000_sycl 1_1_0.000000_sycl 2_1_0.000000_sycl 3_1_2500.000000_sycl 4_1_0.000000_sycl 5_1_0.000000_sycl
  Using Reconst:  - rho - dir 0 - substep -1
  Using Reconst:  - v_x - dir 0 - substep -1
  Using Reconst:  - v_y - dir 0 - substep -1
  Using Reconst:  - v_z - dir 0 - substep -1
  Using Reconst:  - Etherm - dir 0 - substep -1
reach limit: 201.2.2
om_result: 11402.8
start integrator
------------------------------------------------------
 Time needed for substeps:  1.0028 0.000115871
             for full step: 2.00991
-------Fluctuations-----------------------------------
 E_kin:  0.000e+00 E_dyn:  0.000e+00
-------Energertics:-----------------------------------
 E_ges:  1.418e+03 E_th:   0.000e+00
-------Dynamics:--------------------------------------
 Vorti.: 0.000e+00 Enstr.: 0.000e+00 M_rms:       -nan
-------Conserved quantities:--------------------------
 Mass: 1.000e+00 err: -2.220e-16
 p_x:  -1.924e+01 err: 1.822e-02
 p_y:  0.000e+00 err: 0.000e+00
 p_z:  0.000e+00 err: 0.000e+00
 Eges: 1.418e+03 err: -2.420e+01
======================================================
Integrating: time = 0.000352791 with dt = 0_1_2500.000000_sycl 1_1_0.000000_sycl 2_1_0.000000_sycl 3_1_2500.000000_sycl 4_1_0.000000_sycl 5_1_0.000000_sycl
3.50791e-05 at step 11
  RKSTEP = 1
  Using Reconst:  - rho - dir 0 - substep -1
  Using Reconst:  - v_x - dir 0 - substep -1
  Using Reconst:  - v_y - dir 0 - substep -1
  Using Reconst:  - v_z - dir 0 - substep -1
  Using Reconst:  - Etherm - dir 0 - substep -1
reach limit: 201.2.2
om_result: 11402.8
start integrator
  RKSTEP = 2
0_1_2500.000000_sycl 1_1_0.000000_sycl 2_1_0.000000_sycl 3_1_2500.000000_sycl 4_1_0.000000_sycl 5_1_0.000000_sycl
  Using Reconst:  - rho - dir 0 - substep -1
  Using Reconst:  - v_x - dir 0 - substep -1
  Using Reconst:  - v_y - dir 0 - substep -1
  Using Reconst:  - v_z - dir 0 - substep -1
  Using Reconst:  - Etherm - dir 0 - substep -1
reach limit: 201.2.2
om_result: 11402.8
start integrator
======================================================
Integrating: time = 0_1_2500.000000_sycl 1_1_0.000000_sycl 2_1_0.000000_sycl 3_1_2500.000000_sycl 4_1_0.000000_sycl 0.000387875_1_0.000000_sycl
 with dt = 3.50791e-05 at step 12
  RKSTEP = 1
  Using Reconst:  - rho - dir 0 - substep -1
  Using Reconst:  - v_x - dir 0 - substep -1
  Using Reconst:  - v_y - dir 0 - substep -1
  Using Reconst:  - v_z - dir 0 - substep -1
  Using Reconst:  - Etherm - dir 0 - substep -1
reach limit: 201.2.2
om_result: 11402.8
start integrator
  RKSTEP = 2
0_1_2500.000000_sycl 1_1_0.000000_sycl 2_1_0.000000_sycl 3_1_2500.000000_sycl 4_1_0.000000_sycl 5_1_0.000000_sycl
  Using Reconst:  - rho - dir 0 - substep -1
  Using Reconst:  - v_x - dir 0 - substep -1
  Using Reconst:  - v_y - dir 0 - substep -1
  Using Reconst:  - v_z - dir 0 - substep -1
  Using Reconst:  - Etherm - dir 0 - substep -1
reach limit: 201.2.2
om_result: 11402.8
start integrator
======================================================
Integrating: time = 0_1_2500.000000_sycl 1_1_0.000000_sycl 2_1_0.000000_sycl 3_1_2500.000000_sycl 4_1_0.000000_sycl 5_1_0.000000_sycl
0.000422949 with dt = 3.50791e-05 at step 13
  RKSTEP = 1
  Using Reconst:  - rho - dir 0 - substep -1
  Using Reconst:  - v_x - dir 0 - substep -1
  Using Reconst:  - v_y - dir 0 - substep -1
  Using Reconst:  - v_z - dir 0 - substep -1
  Using Reconst:  - Etherm - dir 0 - substep -1
reach limit: 201.2.2
om_result: 11402.8
start integrator
  RKSTEP = 2
0_1_2500.000000_sycl 1_1_0.000000_sycl 2_1_0.000000_sycl 3_1_2500.000000_sycl 4_1_0.000000_sycl 5_1_0.000000_sycl
  Using Reconst:  - rho - dir 0 - substep -1
  Using Reconst:  - v_x - dir 0 - substep -1
  Using Reconst:  - v_y - dir 0 - substep -1
  Using Reconst:  - v_z - dir 0 - substep -1
  Using Reconst:  - Etherm - dir 0 - substep -1
reach limit: 201.2.2
om_result: 11402.8
start integrator
======================================================
Integrating: time = 0.000458028 with dt = 3.50791e-05 at step 14
  RKSTEP = 1
0_1_2500.000000_sycl 1_1_0.000000_sycl 2_1_0.000000_sycl 3_1_2500.000000_sycl 4_1_0.000000_sycl 5_1_0.000000_sycl
  Using Reconst:  - rho - dir 0 - substep -1
  Using Reconst:  - v_x - dir 0 - substep -1
  Using Reconst:  - v_y - dir 0 - substep -1
  Using Reconst:  - v_z - dir 0 - substep -1
  Using Reconst:  - Etherm - dir 0 - substep -1
reach limit: 201.2.2
om_result: 11402.8
start integrator
  RKSTEP = 2
0_1_2500.000000_sycl 1_1_0.000000_sycl 2_1_0.000000_sycl 3_1_2500.000000_sycl 4_1_0.000000_sycl 5_1_0.000000_sycl
  Using Reconst:  - rho - dir 0 - substep -1
  Using Reconst:  - v_x - dir 0 - substep -1
  Using Reconst:  - v_y - dir 0 - substep -1
  Using Reconst:  - v_z - dir 0 - substep -1
  Using Reconst:  - Etherm - dir 0 - substep -1
reach limit: 201.2.2
om_result: 11402.8
start integrator
======================================================
Integrating: time = 0_1_2500.000000_sycl 0.000493107 with dt = 1_1_0.000000_sycl 3.50791e-052_1_0.000000_sycl 3_1_2500.000000_sycl 4_1_0.000000_sycl 5_1_0.000000_sycl
 at step 15
  RKSTEP = 1
  Using Reconst:  - rho - dir 0 - substep -1
  Using Reconst:  - v_x - dir 0 - substep -1
  Using Reconst:  - v_y - dir 0 - substep -1
  Using Reconst:  - v_z - dir 0 - substep -1
  Using Reconst:  - Etherm - dir 0 - substep -1
reach limit: 201.2.2
om_result: 11402.8
start integrator
  RKSTEP = 2
0_1_2500.000000_sycl 1_1_0.000000_sycl 2_1_0.000000_sycl 3_1_2500.000000_sycl 4_1_0.000000_sycl 5_1_0.000000_sycl
  Using Reconst:  - rho - dir 0 - substep -1
  Using Reconst:  - v_x - dir 0 - substep -1
  Using Reconst:  - v_y - dir 0 - substep -1
  Using Reconst:  - v_z - dir 0 - substep -1
  Using Reconst:  - Etherm - dir 0 - substep -1
reach limit: 201.2.2
om_result: 11402.8
start integrator
Hit Completed
 Program exiting normally: 
 ------ Time integration completed ------ 
......................................................
   Output (flt)  triggered at time: 0_1_2500.000000_sycl 1_1_0.000000_sycl 2_1_0.000000_sycl 3_1_2500.000000_sycl 0.0005281864_1_0.000000_sycl 
5_1_0.000000_sycl
......................................................
======================================================
 Total run time               32.1592s
 Average time step duration   2.00995s
======================================================
<end of output>
Test time =  32.77 sec
----------------------------------------------------------
Test Passed.
"small_run" end time: Dec 17 22:21 CET
"small_run" time elapsed: 00:00:32
----------------------------------------------------------

4/4 Testing: small_compare
4/4 Test: small_compare
Command: "/usr/bin/h5diff" "--exclude-path" "/Data/version" "/home/dproksch/master_thesis/CronosCelerityBlock/build/tests/SodToro5HllcRef_small/SodToro5HllcRef_float/SodToro5HllcRef_flt_step16.h5" "/home/dproksch/master_thesis/CronosCelerityBlock/tests/SodToro5HllcRef_small/SodToro5HllcRef_float/SodToro5HllcRef_flt_step16.h5"
Directory: /home/dproksch/master_thesis/CronosCelerityBlock/build
"small_compare" start time: Dec 17 22:21 CET
Output:
----------------------------------------------------------
<end of output>
Test time =   0.00 sec
----------------------------------------------------------
Test Passed.
"small_compare" end time: Dec 17 22:21 CET
"small_compare" time elapsed: 00:00:00
----------------------------------------------------------

End testing: Dec 17 22:21 CET
