Start testing: Feb 26 13:11 CET
----------------------------------------------------------
Unable to find executable: /home/dproksch/master_thesis/CronosCelerityBlock/proj
1/6 Testing: tiny_run
1/6 Test: tiny_run
Command: "" "/home/dproksch/master_thesis/CronosCelerityBlock/tests/SodToro5HllcRef_tiny" "SodToro5HllcRef"
Directory: /home/dproksch/master_thesis/CronosCelerityBlock
"tiny_run" start time: 
Output:
----------------------------------------------------------
<end of output>
Test time =   0.00 sec
----------------------------------------------------------
Test Passed.
"tiny_run" end time: Feb 26 13:11 CET
"tiny_run" time elapsed: 00:00:00
----------------------------------------------------------

Failed test dependencies: tiny_run
2/6 Testing: tiny_compare
2/6 Test: tiny_compare
Command: ""
Directory: /home/dproksch/master_thesis/CronosCelerityBlock
"tiny_compare" start time: 
Output:
----------------------------------------------------------
<end of output>
Test time =   0.00 sec
----------------------------------------------------------
Test Passed.
"tiny_compare" end time: Feb 26 13:11 CET
"tiny_compare" time elapsed: 00:00:00
----------------------------------------------------------

Unable to find executable: /home/dproksch/master_thesis/CronosCelerityBlock/proj
3/6 Testing: small_run
3/6 Test: small_run
Command: "" "/home/dproksch/master_thesis/CronosCelerityBlock/tests/SodToro5HllcRef_small" "SodToro5HllcRef"
Directory: /home/dproksch/master_thesis/CronosCelerityBlock
"small_run" start time: 
Output:
----------------------------------------------------------
<end of output>
Test time =   0.00 sec
----------------------------------------------------------
Test Passed.
"small_run" end time: Feb 26 13:11 CET
"small_run" time elapsed: 00:00:00
----------------------------------------------------------

Failed test dependencies: small_run
4/6 Testing: small_compare
4/6 Test: small_compare
Command: ""
Directory: /home/dproksch/master_thesis/CronosCelerityBlock
"small_compare" start time: 
Output:
----------------------------------------------------------
<end of output>
Test time =   0.00 sec
----------------------------------------------------------
Test Passed.
"small_compare" end time: Feb 26 13:11 CET
"small_compare" time elapsed: 00:00:00
----------------------------------------------------------

Unable to find executable: /home/dproksch/master_thesis/CronosCelerityBlock/proj
5/6 Testing: medium_run
5/6 Test: medium_run
Command: "" "/home/dproksch/master_thesis/CronosCelerityBlock/tests/SodToro5HllcRef_medium" "SodToro5HllcRef"
Directory: /home/dproksch/master_thesis/CronosCelerityBlock
"medium_run" start time: 
Output:
----------------------------------------------------------
<end of output>
Test time =   0.00 sec
----------------------------------------------------------
Test Passed.
"medium_run" end time: Feb 26 13:11 CET
"medium_run" time elapsed: 00:00:00
----------------------------------------------------------

Failed test dependencies: medium_run
6/6 Testing: medium_compare
6/6 Test: medium_compare
Command: ""
Directory: /home/dproksch/master_thesis/CronosCelerityBlock
"medium_compare" start time: 
Output:
----------------------------------------------------------
<end of output>
Test time =   0.00 sec
----------------------------------------------------------
Test Passed.
"medium_compare" end time: Feb 26 13:11 CET
"medium_compare" time elapsed: 00:00:00
----------------------------------------------------------

End testing: Feb 26 13:11 CET
