Start testing: Jun 23 18:44 CEST
----------------------------------------------------------
Unable to find executable: /home/dproksch/master_thesis/CronosCelerityBlock/proj
1/4 Testing: small_run
1/4 Test: small_run
Command: "" "/home/dproksch/master_thesis/CronosCelerityBlock/tests/SedovExplosionHllcRef_small" "SedovCartesian_hllc"
Directory: /home/dproksch/master_thesis/CronosCelerityBlock
"small_run" start time: 
Output:
----------------------------------------------------------
<end of output>
Test time =   0.00 sec
----------------------------------------------------------
Test Passed.
"small_run" end time: Jun 23 18:44 CEST
"small_run" time elapsed: 00:00:00
----------------------------------------------------------

Unable to find executable: /home/dproksch/master_thesis/CronosCelerityBlock/proj
3/4 Testing: medium_run
3/4 Test: medium_run
Command: "" "/home/dproksch/master_thesis/CronosCelerityBlock/tests/SedovExplosionHllcRef_medium" "SedovCartesian_hllc"
Directory: /home/dproksch/master_thesis/CronosCelerityBlock
"medium_run" start time: 
Output:
----------------------------------------------------------
<end of output>
Test time =   0.00 sec
----------------------------------------------------------
Test Passed.
"medium_run" end time: Jun 23 18:44 CEST
"medium_run" time elapsed: 00:00:00
----------------------------------------------------------

Failed test dependencies: medium_run small_run
2/4 Testing: small_compare
2/4 Test: small_compare
Command: ""
Directory: /home/dproksch/master_thesis/CronosCelerityBlock
"small_compare" start time: 
Output:
----------------------------------------------------------
<end of output>
Test time =   0.00 sec
----------------------------------------------------------
Test Passed.
"small_compare" end time: Jun 23 18:44 CEST
"small_compare" time elapsed: 00:00:00
----------------------------------------------------------

Failed test dependencies: medium_run
4/4 Testing: small_compare
4/4 Test: small_compare
Command: ""
Directory: /home/dproksch/master_thesis/CronosCelerityBlock
"small_compare" start time: 
Output:
----------------------------------------------------------
<end of output>
Test time =   0.00 sec
----------------------------------------------------------
Test Passed.
"small_compare" end time: Jun 23 18:44 CEST
"small_compare" time elapsed: 00:00:00
----------------------------------------------------------

End testing: Jun 23 18:44 CEST
