Start testing: Sep 06 11:09 CEST
----------------------------------------------------------
1/6 Testing: tiny_run
1/6 Test: tiny_run
Command: "/home/dproksch/Documents/master/master_thesis/repos/CronosCelerity/proj" "/home/dproksch/Documents/master/master_thesis/repos/CronosCelerity/tests/SodToro5HllcRef_tiny" "SodToro5HllcRef"
Directory: /home/dproksch/Documents/master/master_thesis/repos/CronosCelerity
"tiny_run" start time: Sep 06 11:09 CEST
Output:
----------------------------------------------------------
 Writing Lines: /Lx
 Writing Nodes: /Xn
 Writing Cells: /Xc
 Writing Multi /Tx
 Done 
 Writing Lines: /Ly
 Writing Nodes: /Yn
 Writing Cells: /Yc
 Writing Multi /Ty
 Done 
 Writing Lines: /Lz
 Writing Nodes: /Zn
 Writing Cells: /Zc
 Writing Multi /Tz
 Done 
creating omSYCL buffer size 205, 6, 6
creating omSYCL buffer size 205, 6, 6
creating omSYCL buffer size 205, 6, 6
creating omSYCL buffer size 205, 6, 6
creating omSYCL buffer size 205, 6, 6
creating omSYCL buffer size 205, 6, 6
creating omSYCL buffer size 205, 6, 6
creating omSYCL buffer size 205, 6, 6
creating omSYCL buffer size 205, 6, 6
creating omSYCL buffer size 205, 6, 6
creating omSYCL buffer size 205, 6, 6
creating omSYCL buffer size 205, 6, 6
 My upper type: 0 2 2
======================================================
 Writing info on... 
  ... Runge Kutta Stepping 
  ... value of cfl number 
  ... I/O of data 
  ... Energetics 
  ... divergence of B 
  ... Timing 
======================================================
 Using the HLLC solver 
  Using Reconst:  - rho - dir 0 - substep 0
  Using Reconst:  - v_x - dir 0 - substep 0
  Using Reconst:  - v_y - dir 0 - substep 0
  Using Reconst:  - v_z - dir 0 - substep 0
  Using Reconst:  - Etherm - dir 0 - substep 0
  Using Reconst:  - rho - dir 1 - substep 0
  Using Reconst:  - v_x - dir 1 - substep 0
  Using Reconst:  - v_y - dir 1 - substep 0
  Using Reconst:  - v_z - dir 1 - substep 0
  Using Reconst:  - Etherm - dir 1 - substep 0
  Using Reconst:  - rho - dir 2 - substep 0
  Using Reconst:  - v_x - dir 2 - substep 0
  Using Reconst:  - v_y - dir 2 - substep 0
  Using Reconst:  - v_z - dir 2 - substep 0
  Using Reconst:  - Etherm - dir 2 - substep 0
  Using Reconst:  - rho - dir 0 - substep 1
  Using Reconst:  - v_x - dir 0 - substep 1
  Using Reconst:  - v_y - dir 0 - substep 1
  Using Reconst:  - v_z - dir 0 - substep 1
  Using Reconst:  - Etherm - dir 0 - substep 1
  Using Reconst:  - rho - dir 1 - substep 1
  Using Reconst:  - v_x - dir 1 - substep 1
  Using Reconst:  - v_y - dir 1 - substep 1
  Using Reconst:  - v_z - dir 1 - substep 1
  Using Reconst:  - Etherm - dir 1 - substep 1
  Using Reconst:  - rho - dir 2 - substep 1
  Using Reconst:  - v_x - dir 2 - substep 1
  Using Reconst:  - v_y - dir 2 - substep 1
  Using Reconst:  - v_z - dir 2 - substep 1
  Using Reconst:  - Etherm - dir 2 - substep 1
calling init (type=99)...
 Shock Tube problem (HD) 1D 
199 0 0
all ICs set.
 Storing values for fixed boundaries 
------- Field ids-------------------------------------
Add0      ->  5
Add1      ->  6
Etherm    ->  4
rho       ->  0
v_x       ->  1
v_y       ->  2
v_z       ->  3
-------Fluctuations-----------------------------------
 E_kin:  0.000e+00 E_dyn:  0.000e+00
-------Energertics:-----------------------------------
 E_ges:  1.442e+03 E_th:   0.000e+00
-------Dynamics:--------------------------------------
 Vorti.: 0.000e+00 Enstr.: 0.000e+00 M_rms:       -nan
-------Conserved quantities:--------------------------
 Mass: 1.000e+00 err: 0.000e+00
 p_x:  -1.960e+01 err: 0.000e+00
 p_y:  0.000e+00 err: 0.000e+00
 p_z:  0.000e+00 err: 0.000e+00
 Eges: 1.442e+03 err: 0.000e+00
......................................................
    Movie Output triggered 
......................................................
......................................................
   Output (flt)  triggered at time: 0
......................................................
Running on hipSYCL OpenMP host device
======================================================
Integrating: time = 0 with dt = 2e-06 at step 0
  RKSTEP = 1
  Using Reconst:  - rho - dir 0 - substep -1
  Using Reconst:  - v_x - dir 0 - substep -1
  Using Reconst:  - v_y - dir 0 - substep -1
  Using Reconst:  - v_z - dir 0 - substep -1
  Using Reconst:  - Etherm - dir 0 - substep -1
  RKSTEP = 2
  Using Reconst:  - rho - dir 0 - substep -1
  Using Reconst:  - v_x - dir 0 - substep -1
  Using Reconst:  - v_y - dir 0 - substep -1
  Using Reconst:  - v_z - dir 0 - substep -1
  Using Reconst:  - Etherm - dir 0 - substep -1
------------------------------------------------------
 Time needed for substeps:  0.0399389 0.0112011
             for full step: 0.155065
-------Fluctuations-----------------------------------
 E_kin:  0.000e+00 E_dyn:  0.000e+00
-------Energertics:-----------------------------------
 E_ges:  1.442e+03 E_th:   0.000e+00
-------Dynamics:--------------------------------------
 Vorti.: 0.000e+00 Enstr.: 0.000e+00 M_rms:       -nan
-------Conserved quantities:--------------------------
 Mass: 1.000e+00 err: 0.000e+00
 p_x:  -1.960e+01 err: 1.021e-04
 p_y:  0.000e+00 err: 0.000e+00
 p_z:  0.000e+00 err: 0.000e+00
 Eges: 1.442e+03 err: -1.372e-01
......................................................
   Output (dbl)  triggered at time: 2e-06
......................................................
======================================================
Integrating: time = 2e-06 with dt = 3.50791e-05 at step 1
  RKSTEP = 1
  Using Reconst:  - rho - dir 0 - substep -1
  Using Reconst:  - v_x - dir 0 - substep -1
  Using Reconst:  - v_y - dir 0 - substep -1
  Using Reconst:  - v_z - dir 0 - substep -1
  Using Reconst:  - Etherm - dir 0 - substep -1
  RKSTEP = 2
  Using Reconst:  - rho - dir 0 - substep -1
  Using Reconst:  - v_x - dir 0 - substep -1
  Using Reconst:  - v_y - dir 0 - substep -1
  Using Reconst:  - v_z - dir 0 - substep -1
  Using Reconst:  - Etherm - dir 0 - substep -1
------------------------------------------------------
 Time needed for substeps:  0.0363419 0.009624
             for full step: 0.109217
-------Fluctuations-----------------------------------
 E_kin:  0.000e+00 E_dyn:  0.000e+00
-------Energertics:-----------------------------------
 E_ges:  1.439e+03 E_th:   0.000e+00
-------Dynamics:--------------------------------------
 Vorti.: 0.000e+00 Enstr.: 0.000e+00 M_rms:       -nan
-------Conserved quantities:--------------------------
 Mass: 1.000e+00 err: 0.000e+00
 p_x:  -1.956e+01 err: 1.895e-03
 p_y:  0.000e+00 err: 0.000e+00
 p_z:  0.000e+00 err: 0.000e+00
 Eges: 1.439e+03 err: -2.543e+00
======================================================
Integrating: time = 3.70791e-05 with dt = 3.50791e-05 at step 2
  RKSTEP = 1
  Using Reconst:  - rho - dir 0 - substep -1
  Using Reconst:  - v_x - dir 0 - substep -1
  Using Reconst:  - v_y - dir 0 - substep -1
  Using Reconst:  - v_z - dir 0 - substep -1
  Using Reconst:  - Etherm - dir 0 - substep -1
  RKSTEP = 2
  Using Reconst:  - rho - dir 0 - substep -1
  Using Reconst:  - v_x - dir 0 - substep -1
  Using Reconst:  - v_y - dir 0 - substep -1
  Using Reconst:  - v_z - dir 0 - substep -1
  Using Reconst:  - Etherm - dir 0 - substep -1
 Program exiting normally: 
 ------ Time integration completed ------ 
......................................................
   Output (flt)  triggered at time: 7.21582e-05
......................................................
finished finalizing, still inside SYCL scope
======================================================
 Total run time               0.386836s
 Average time step duration   0.128945s
======================================================
finished finalizing, outside SYCL scope, exit code 1
<end of output>
Test time =   0.45 sec
----------------------------------------------------------
Test Passed.
"tiny_run" end time: Sep 06 11:09 CEST
"tiny_run" time elapsed: 00:00:00
----------------------------------------------------------

2/6 Testing: tiny_compare
2/6 Test: tiny_compare
Command: "/usr/bin/h5diff" "--exclude-path" "/Data/version" "/home/dproksch/Documents/master/master_thesis/repos/CronosCelerity/tests/SodToro5HllcRef_tiny/SodToro5HllcRef_float/SodToro5HllcRef_flt_step3.h5" "/home/dproksch/Documents/master/master_thesis/repos/CronosCelerity/tests/SodToro5HllcRef_tiny/SodToro5HllcRef_float/SodToro5HllcRef_flt_step3.h5"
Directory: /home/dproksch/Documents/master/master_thesis/repos/CronosCelerity
"tiny_compare" start time: Sep 06 11:09 CEST
Output:
----------------------------------------------------------
<end of output>
Test time =   0.01 sec
----------------------------------------------------------
Test Passed.
"tiny_compare" end time: Sep 06 11:09 CEST
"tiny_compare" time elapsed: 00:00:00
----------------------------------------------------------

3/6 Testing: small_run
3/6 Test: small_run
Command: "/home/dproksch/Documents/master/master_thesis/repos/CronosCelerity/proj" "/home/dproksch/Documents/master/master_thesis/repos/CronosCelerity/tests/SodToro5HllcRef_small" "SodToro5HllcRef"
Directory: /home/dproksch/Documents/master/master_thesis/repos/CronosCelerity
"small_run" start time: Sep 06 11:09 CEST
Output:
----------------------------------------------------------
 Writing Lines: /Lx
 Writing Nodes: /Xn
 Writing Cells: /Xc
 Writing Multi /Tx
 Done 
 Writing Lines: /Ly
 Writing Nodes: /Yn
 Writing Cells: /Yc
 Writing Multi /Ty
 Done 
 Writing Lines: /Lz
 Writing Nodes: /Zn
 Writing Cells: /Zc
 Writing Multi /Tz
 Done 
creating omSYCL buffer size 205, 6, 6
creating omSYCL buffer size 205, 6, 6
creating omSYCL buffer size 205, 6, 6
creating omSYCL buffer size 205, 6, 6
creating omSYCL buffer size 205, 6, 6
creating omSYCL buffer size 205, 6, 6
creating omSYCL buffer size 205, 6, 6
creating omSYCL buffer size 205, 6, 6
creating omSYCL buffer size 205, 6, 6
creating omSYCL buffer size 205, 6, 6
creating omSYCL buffer size 205, 6, 6
creating omSYCL buffer size 205, 6, 6
 My upper type: 0 2 2
======================================================
 Writing info on... 
  ... Runge Kutta Stepping 
  ... value of cfl number 
  ... I/O of data 
  ... Energetics 
  ... divergence of B 
  ... Timing 
======================================================
 Using the HLLC solver 
  Using Reconst:  - rho - dir 0 - substep 0
  Using Reconst:  - v_x - dir 0 - substep 0
  Using Reconst:  - v_y - dir 0 - substep 0
  Using Reconst:  - v_z - dir 0 - substep 0
  Using Reconst:  - Etherm - dir 0 - substep 0
  Using Reconst:  - rho - dir 1 - substep 0
  Using Reconst:  - v_x - dir 1 - substep 0
  Using Reconst:  - v_y - dir 1 - substep 0
  Using Reconst:  - v_z - dir 1 - substep 0
  Using Reconst:  - Etherm - dir 1 - substep 0
  Using Reconst:  - rho - dir 2 - substep 0
  Using Reconst:  - v_x - dir 2 - substep 0
  Using Reconst:  - v_y - dir 2 - substep 0
  Using Reconst:  - v_z - dir 2 - substep 0
  Using Reconst:  - Etherm - dir 2 - substep 0
  Using Reconst:  - rho - dir 0 - substep 1
  Using Reconst:  - v_x - dir 0 - substep 1
  Using Reconst:  - v_y - dir 0 - substep 1
  Using Reconst:  - v_z - dir 0 - substep 1
  Using Reconst:  - Etherm - dir 0 - substep 1
  Using Reconst:  - rho - dir 1 - substep 1
  Using Reconst:  - v_x - dir 1 - substep 1
  Using Reconst:  - v_y - dir 1 - substep 1
  Using Reconst:  - v_z - dir 1 - substep 1
  Using Reconst:  - Etherm - dir 1 - substep 1
  Using Reconst:  - rho - dir 2 - substep 1
  Using Reconst:  - v_x - dir 2 - substep 1
  Using Reconst:  - v_y - dir 2 - substep 1
  Using Reconst:  - v_z - dir 2 - substep 1
  Using Reconst:  - Etherm - dir 2 - substep 1
calling init (type=99)...
 Shock Tube problem (HD) 1D 
199 0 0
all ICs set.
 Storing values for fixed boundaries 
------- Field ids-------------------------------------
Add0      ->  5
Add1      ->  6
Etherm    ->  4
rho       ->  0
v_x       ->  1
v_y       ->  2
v_z       ->  3
-------Fluctuations-----------------------------------
 E_kin:  0.000e+00 E_dyn:  0.000e+00
-------Energertics:-----------------------------------
 E_ges:  1.442e+03 E_th:   0.000e+00
-------Dynamics:--------------------------------------
 Vorti.: 0.000e+00 Enstr.: 0.000e+00 M_rms:       -nan
-------Conserved quantities:--------------------------
 Mass: 1.000e+00 err: 0.000e+00
 p_x:  -1.960e+01 err: 0.000e+00
 p_y:  0.000e+00 err: 0.000e+00
 p_z:  0.000e+00 err: 0.000e+00
 Eges: 1.442e+03 err: 0.000e+00
......................................................
    Movie Output triggered 
......................................................
......................................................
   Output (flt)  triggered at time: 0
......................................................
Running on hipSYCL OpenMP host device
======================================================
Integrating: time = 0 with dt = 2e-06 at step 0
  RKSTEP = 1
  Using Reconst:  - rho - dir 0 - substep -1
  Using Reconst:  - v_x - dir 0 - substep -1
  Using Reconst:  - v_y - dir 0 - substep -1
  Using Reconst:  - v_z - dir 0 - substep -1
  Using Reconst:  - Etherm - dir 0 - substep -1
  RKSTEP = 2
  Using Reconst:  - rho - dir 0 - substep -1
  Using Reconst:  - v_x - dir 0 - substep -1
  Using Reconst:  - v_y - dir 0 - substep -1
  Using Reconst:  - v_z - dir 0 - substep -1
  Using Reconst:  - Etherm - dir 0 - substep -1
------------------------------------------------------
 Time needed for substeps:  0.037957 0.00989509
             for full step: 0.157327
-------Fluctuations-----------------------------------
 E_kin:  0.000e+00 E_dyn:  0.000e+00
-------Energertics:-----------------------------------
 E_ges:  1.442e+03 E_th:   0.000e+00
-------Dynamics:--------------------------------------
 Vorti.: 0.000e+00 Enstr.: 0.000e+00 M_rms:       -nan
-------Conserved quantities:--------------------------
 Mass: 1.000e+00 err: 0.000e+00
 p_x:  -1.960e+01 err: 1.021e-04
 p_y:  0.000e+00 err: 0.000e+00
 p_z:  0.000e+00 err: 0.000e+00
 Eges: 1.442e+03 err: -1.372e-01
......................................................
   Output (dbl)  triggered at time: 2e-06
......................................................
======================================================
Integrating: time = 2e-06 with dt = 3.50791e-05 at step 1
  RKSTEP = 1
  Using Reconst:  - rho - dir 0 - substep -1
  Using Reconst:  - v_x - dir 0 - substep -1
  Using Reconst:  - v_y - dir 0 - substep -1
  Using Reconst:  - v_z - dir 0 - substep -1
  Using Reconst:  - Etherm - dir 0 - substep -1
  RKSTEP = 2
  Using Reconst:  - rho - dir 0 - substep -1
  Using Reconst:  - v_x - dir 0 - substep -1
  Using Reconst:  - v_y - dir 0 - substep -1
  Using Reconst:  - v_z - dir 0 - substep -1
  Using Reconst:  - Etherm - dir 0 - substep -1
------------------------------------------------------
 Time needed for substeps:  0.0374558 0.010659
             for full step: 0.116182
-------Fluctuations-----------------------------------
 E_kin:  0.000e+00 E_dyn:  0.000e+00
-------Energertics:-----------------------------------
 E_ges:  1.439e+03 E_th:   0.000e+00
-------Dynamics:--------------------------------------
 Vorti.: 0.000e+00 Enstr.: 0.000e+00 M_rms:       -nan
-------Conserved quantities:--------------------------
 Mass: 1.000e+00 err: 0.000e+00
 p_x:  -1.956e+01 err: 1.895e-03
 p_y:  0.000e+00 err: 0.000e+00
 p_z:  0.000e+00 err: 0.000e+00
 Eges: 1.439e+03 err: -2.543e+00
======================================================
Integrating: time = 3.70791e-05 with dt = 3.50791e-05 at step 2
  RKSTEP = 1
  Using Reconst:  - rho - dir 0 - substep -1
  Using Reconst:  - v_x - dir 0 - substep -1
  Using Reconst:  - v_y - dir 0 - substep -1
  Using Reconst:  - v_z - dir 0 - substep -1
  Using Reconst:  - Etherm - dir 0 - substep -1
  RKSTEP = 2
  Using Reconst:  - rho - dir 0 - substep -1
  Using Reconst:  - v_x - dir 0 - substep -1
  Using Reconst:  - v_y - dir 0 - substep -1
  Using Reconst:  - v_z - dir 0 - substep -1
  Using Reconst:  - Etherm - dir 0 - substep -1
======================================================
Integrating: time = 7.21582e-05 with dt = 3.50791e-05 at step 3
  RKSTEP = 1
  Using Reconst:  - rho - dir 0 - substep -1
  Using Reconst:  - v_x - dir 0 - substep -1
  Using Reconst:  - v_y - dir 0 - substep -1
  Using Reconst:  - v_z - dir 0 - substep -1
  Using Reconst:  - Etherm - dir 0 - substep -1
  RKSTEP = 2
  Using Reconst:  - rho - dir 0 - substep -1
  Using Reconst:  - v_x - dir 0 - substep -1
  Using Reconst:  - v_y - dir 0 - substep -1
  Using Reconst:  - v_z - dir 0 - substep -1
  Using Reconst:  - Etherm - dir 0 - substep -1
======================================================
Integrating: time = 0.000107237 with dt = 3.50791e-05 at step 4
  RKSTEP = 1
  Using Reconst:  - rho - dir 0 - substep -1
  Using Reconst:  - v_x - dir 0 - substep -1
  Using Reconst:  - v_y - dir 0 - substep -1
  Using Reconst:  - v_z - dir 0 - substep -1
  Using Reconst:  - Etherm - dir 0 - substep -1
  RKSTEP = 2
  Using Reconst:  - rho - dir 0 - substep -1
  Using Reconst:  - v_x - dir 0 - substep -1
  Using Reconst:  - v_y - dir 0 - substep -1
  Using Reconst:  - v_z - dir 0 - substep -1
  Using Reconst:  - Etherm - dir 0 - substep -1
======================================================
Integrating: time = 0.000142316 with dt = 3.50791e-05 at step 5
  RKSTEP = 1
  Using Reconst:  - rho - dir 0 - substep -1
  Using Reconst:  - v_x - dir 0 - substep -1
  Using Reconst:  - v_y - dir 0 - substep -1
  Using Reconst:  - v_z - dir 0 - substep -1
  Using Reconst:  - Etherm - dir 0 - substep -1
  RKSTEP = 2
  Using Reconst:  - rho - dir 0 - substep -1
  Using Reconst:  - v_x - dir 0 - substep -1
  Using Reconst:  - v_y - dir 0 - substep -1
  Using Reconst:  - v_z - dir 0 - substep -1
  Using Reconst:  - Etherm - dir 0 - substep -1
======================================================
Integrating: time = 0.000177395 with dt = 3.50791e-05 at step 6
  RKSTEP = 1
  Using Reconst:  - rho - dir 0 - substep -1
  Using Reconst:  - v_x - dir 0 - substep -1
  Using Reconst:  - v_y - dir 0 - substep -1
  Using Reconst:  - v_z - dir 0 - substep -1
  Using Reconst:  - Etherm - dir 0 - substep -1
  RKSTEP = 2
  Using Reconst:  - rho - dir 0 - substep -1
  Using Reconst:  - v_x - dir 0 - substep -1
  Using Reconst:  - v_y - dir 0 - substep -1
  Using Reconst:  - v_z - dir 0 - substep -1
  Using Reconst:  - Etherm - dir 0 - substep -1
======================================================
Integrating: time = 0.000212475 with dt = 3.50791e-05 at step 7
  RKSTEP = 1
  Using Reconst:  - rho - dir 0 - substep -1
  Using Reconst:  - v_x - dir 0 - substep -1
  Using Reconst:  - v_y - dir 0 - substep -1
  Using Reconst:  - v_z - dir 0 - substep -1
  Using Reconst:  - Etherm - dir 0 - substep -1
  RKSTEP = 2
  Using Reconst:  - rho - dir 0 - substep -1
  Using Reconst:  - v_x - dir 0 - substep -1
  Using Reconst:  - v_y - dir 0 - substep -1
  Using Reconst:  - v_z - dir 0 - substep -1
  Using Reconst:  - Etherm - dir 0 - substep -1
======================================================
Integrating: time = 0.000247554 with dt = 3.50791e-05 at step 8
  RKSTEP = 1
  Using Reconst:  - rho - dir 0 - substep -1
  Using Reconst:  - v_x - dir 0 - substep -1
  Using Reconst:  - v_y - dir 0 - substep -1
  Using Reconst:  - v_z - dir 0 - substep -1
  Using Reconst:  - Etherm - dir 0 - substep -1
  RKSTEP = 2
  Using Reconst:  - rho - dir 0 - substep -1
  Using Reconst:  - v_x - dir 0 - substep -1
  Using Reconst:  - v_y - dir 0 - substep -1
  Using Reconst:  - v_z - dir 0 - substep -1
  Using Reconst:  - Etherm - dir 0 - substep -1
======================================================
Integrating: time = 0.000282633 with dt = 3.50791e-05 at step 9
  RKSTEP = 1
  Using Reconst:  - rho - dir 0 - substep -1
  Using Reconst:  - v_x - dir 0 - substep -1
  Using Reconst:  - v_y - dir 0 - substep -1
  Using Reconst:  - v_z - dir 0 - substep -1
  Using Reconst:  - Etherm - dir 0 - substep -1
  RKSTEP = 2
  Using Reconst:  - rho - dir 0 - substep -1
  Using Reconst:  - v_x - dir 0 - substep -1
  Using Reconst:  - v_y - dir 0 - substep -1
  Using Reconst:  - v_z - dir 0 - substep -1
  Using Reconst:  - Etherm - dir 0 - substep -1
======================================================
Integrating: time = 0.000317712 with dt = 3.50791e-05 at step 10
  RKSTEP = 1
  Using Reconst:  - rho - dir 0 - substep -1
  Using Reconst:  - v_x - dir 0 - substep -1
  Using Reconst:  - v_y - dir 0 - substep -1
  Using Reconst:  - v_z - dir 0 - substep -1
  Using Reconst:  - Etherm - dir 0 - substep -1
  RKSTEP = 2
  Using Reconst:  - rho - dir 0 - substep -1
  Using Reconst:  - v_x - dir 0 - substep -1
  Using Reconst:  - v_y - dir 0 - substep -1
  Using Reconst:  - v_z - dir 0 - substep -1
  Using Reconst:  - Etherm - dir 0 - substep -1
------------------------------------------------------
 Time needed for substeps:  0.0341728 0.00960422
             for full step: 0.097014
-------Fluctuations-----------------------------------
 E_kin:  0.000e+00 E_dyn:  0.000e+00
-------Energertics:-----------------------------------
 E_ges:  1.418e+03 E_th:   0.000e+00
-------Dynamics:--------------------------------------
 Vorti.: 0.000e+00 Enstr.: 0.000e+00 M_rms:       -nan
-------Conserved quantities:--------------------------
 Mass: 1.000e+00 err: -2.220e-16
 p_x:  -1.924e+01 err: 1.822e-02
 p_y:  0.000e+00 err: 0.000e+00
 p_z:  0.000e+00 err: 0.000e+00
 Eges: 1.418e+03 err: -2.420e+01
======================================================
Integrating: time = 0.000352791 with dt = 3.50791e-05 at step 11
  RKSTEP = 1
  Using Reconst:  - rho - dir 0 - substep -1
  Using Reconst:  - v_x - dir 0 - substep -1
  Using Reconst:  - v_y - dir 0 - substep -1
  Using Reconst:  - v_z - dir 0 - substep -1
  Using Reconst:  - Etherm - dir 0 - substep -1
  RKSTEP = 2
  Using Reconst:  - rho - dir 0 - substep -1
  Using Reconst:  - v_x - dir 0 - substep -1
  Using Reconst:  - v_y - dir 0 - substep -1
  Using Reconst:  - v_z - dir 0 - substep -1
  Using Reconst:  - Etherm - dir 0 - substep -1
======================================================
Integrating: time = 0.00038787 with dt = 3.50791e-05 at step 12
  RKSTEP = 1
  Using Reconst:  - rho - dir 0 - substep -1
  Using Reconst:  - v_x - dir 0 - substep -1
  Using Reconst:  - v_y - dir 0 - substep -1
  Using Reconst:  - v_z - dir 0 - substep -1
  Using Reconst:  - Etherm - dir 0 - substep -1
  RKSTEP = 2
  Using Reconst:  - rho - dir 0 - substep -1
  Using Reconst:  - v_x - dir 0 - substep -1
  Using Reconst:  - v_y - dir 0 - substep -1
  Using Reconst:  - v_z - dir 0 - substep -1
  Using Reconst:  - Etherm - dir 0 - substep -1
======================================================
Integrating: time = 0.000422949 with dt = 3.50791e-05 at step 13
  RKSTEP = 1
  Using Reconst:  - rho - dir 0 - substep -1
  Using Reconst:  - v_x - dir 0 - substep -1
  Using Reconst:  - v_y - dir 0 - substep -1
  Using Reconst:  - v_z - dir 0 - substep -1
  Using Reconst:  - Etherm - dir 0 - substep -1
  RKSTEP = 2
  Using Reconst:  - rho - dir 0 - substep -1
  Using Reconst:  - v_x - dir 0 - substep -1
  Using Reconst:  - v_y - dir 0 - substep -1
  Using Reconst:  - v_z - dir 0 - substep -1
  Using Reconst:  - Etherm - dir 0 - substep -1
======================================================
Integrating: time = 0.000458028 with dt = 3.50791e-05 at step 14
  RKSTEP = 1
  Using Reconst:  - rho - dir 0 - substep -1
  Using Reconst:  - v_x - dir 0 - substep -1
  Using Reconst:  - v_y - dir 0 - substep -1
  Using Reconst:  - v_z - dir 0 - substep -1
  Using Reconst:  - Etherm - dir 0 - substep -1
  RKSTEP = 2
  Using Reconst:  - rho - dir 0 - substep -1
  Using Reconst:  - v_x - dir 0 - substep -1
  Using Reconst:  - v_y - dir 0 - substep -1
  Using Reconst:  - v_z - dir 0 - substep -1
  Using Reconst:  - Etherm - dir 0 - substep -1
======================================================
Integrating: time = 0.000493107 with dt = 3.50791e-05 at step 15
  RKSTEP = 1
  Using Reconst:  - rho - dir 0 - substep -1
  Using Reconst:  - v_x - dir 0 - substep -1
  Using Reconst:  - v_y - dir 0 - substep -1
  Using Reconst:  - v_z - dir 0 - substep -1
  Using Reconst:  - Etherm - dir 0 - substep -1
  RKSTEP = 2
  Using Reconst:  - rho - dir 0 - substep -1
  Using Reconst:  - v_x - dir 0 - substep -1
  Using Reconst:  - v_y - dir 0 - substep -1
  Using Reconst:  - v_z - dir 0 - substep -1
  Using Reconst:  - Etherm - dir 0 - substep -1
 Program exiting normally: 
 ------ Time integration completed ------ 
......................................................
   Output (flt)  triggered at time: 0.000528186
......................................................
finished finalizing, still inside SYCL scope
======================================================
 Total run time               1.75612s
 Average time step duration   0.109758s
======================================================
finished finalizing, outside SYCL scope, exit code 1
<end of output>
Test time =   1.78 sec
----------------------------------------------------------
Test Passed.
"small_run" end time: Sep 06 11:09 CEST
"small_run" time elapsed: 00:00:01
----------------------------------------------------------

4/6 Testing: small_compare
4/6 Test: small_compare
Command: "/usr/bin/h5diff" "--exclude-path" "/Data/version" "/home/dproksch/Documents/master/master_thesis/repos/CronosCelerity/tests/SodToro5HllcRef_small/SodToro5HllcRef_float/SodToro5HllcRef_flt_step16.h5" "/home/dproksch/Documents/master/master_thesis/repos/CronosCelerity/tests/SodToro5HllcRef_small/SodToro5HllcRef_float/SodToro5HllcRef_flt_step16.h5"
Directory: /home/dproksch/Documents/master/master_thesis/repos/CronosCelerity
"small_compare" start time: Sep 06 11:09 CEST
Output:
----------------------------------------------------------
<end of output>
Test time =   0.00 sec
----------------------------------------------------------
Test Passed.
"small_compare" end time: Sep 06 11:09 CEST
"small_compare" time elapsed: 00:00:00
----------------------------------------------------------

5/6 Testing: medium_run
5/6 Test: medium_run
Command: "/home/dproksch/Documents/master/master_thesis/repos/CronosCelerity/proj" "/home/dproksch/Documents/master/master_thesis/repos/CronosCelerity/tests/SodToro5HllcRef_medium" "SodToro5HllcRef"
Directory: /home/dproksch/Documents/master/master_thesis/repos/CronosCelerity
"medium_run" start time: Sep 06 11:09 CEST
Output:
----------------------------------------------------------
 Writing Lines: /Lx
 Writing Nodes: /Xn
 Writing Cells: /Xc
 Writing Multi /Tx
 Done 
 Writing Lines: /Ly
 Writing Nodes: /Yn
 Writing Cells: /Yc
 Writing Multi /Ty
 Done 
 Writing Lines: /Lz
 Writing Nodes: /Zn
 Writing Cells: /Zc
 Writing Multi /Tz
 Done 
creating omSYCL buffer size 205, 6, 6
creating omSYCL buffer size 205, 6, 6
creating omSYCL buffer size 205, 6, 6
creating omSYCL buffer size 205, 6, 6
creating omSYCL buffer size 205, 6, 6
creating omSYCL buffer size 205, 6, 6
creating omSYCL buffer size 205, 6, 6
creating omSYCL buffer size 205, 6, 6
creating omSYCL buffer size 205, 6, 6
creating omSYCL buffer size 205, 6, 6
creating omSYCL buffer size 205, 6, 6
creating omSYCL buffer size 205, 6, 6
 My upper type: 0 2 2
======================================================
 Writing info on... 
  ... Runge Kutta Stepping 
  ... value of cfl number 
  ... I/O of data 
  ... Energetics 
  ... divergence of B 
  ... Timing 
======================================================
 Using the HLLC solver 
  Using Reconst:  - rho - dir 0 - substep 0
  Using Reconst:  - v_x - dir 0 - substep 0
  Using Reconst:  - v_y - dir 0 - substep 0
  Using Reconst:  - v_z - dir 0 - substep 0
  Using Reconst:  - Etherm - dir 0 - substep 0
  Using Reconst:  - rho - dir 1 - substep 0
  Using Reconst:  - v_x - dir 1 - substep 0
  Using Reconst:  - v_y - dir 1 - substep 0
  Using Reconst:  - v_z - dir 1 - substep 0
  Using Reconst:  - Etherm - dir 1 - substep 0
  Using Reconst:  - rho - dir 2 - substep 0
  Using Reconst:  - v_x - dir 2 - substep 0
  Using Reconst:  - v_y - dir 2 - substep 0
  Using Reconst:  - v_z - dir 2 - substep 0
  Using Reconst:  - Etherm - dir 2 - substep 0
  Using Reconst:  - rho - dir 0 - substep 1
  Using Reconst:  - v_x - dir 0 - substep 1
  Using Reconst:  - v_y - dir 0 - substep 1
  Using Reconst:  - v_z - dir 0 - substep 1
  Using Reconst:  - Etherm - dir 0 - substep 1
  Using Reconst:  - rho - dir 1 - substep 1
  Using Reconst:  - v_x - dir 1 - substep 1
  Using Reconst:  - v_y - dir 1 - substep 1
  Using Reconst:  - v_z - dir 1 - substep 1
  Using Reconst:  - Etherm - dir 1 - substep 1
  Using Reconst:  - rho - dir 2 - substep 1
  Using Reconst:  - v_x - dir 2 - substep 1
  Using Reconst:  - v_y - dir 2 - substep 1
  Using Reconst:  - v_z - dir 2 - substep 1
  Using Reconst:  - Etherm - dir 2 - substep 1
calling init (type=99)...
 Shock Tube problem (HD) 1D 
199 0 0
all ICs set.
 Storing values for fixed boundaries 
------- Field ids-------------------------------------
Add0      ->  5
Add1      ->  6
Etherm    ->  4
rho       ->  0
v_x       ->  1
v_y       ->  2
v_z       ->  3
-------Fluctuations-----------------------------------
 E_kin:  0.000e+00 E_dyn:  0.000e+00
-------Energertics:-----------------------------------
 E_ges:  1.442e+03 E_th:   0.000e+00
-------Dynamics:--------------------------------------
 Vorti.: 0.000e+00 Enstr.: 0.000e+00 M_rms:       -nan
-------Conserved quantities:--------------------------
 Mass: 1.000e+00 err: 0.000e+00
 p_x:  -1.960e+01 err: 0.000e+00
 p_y:  0.000e+00 err: 0.000e+00
 p_z:  0.000e+00 err: 0.000e+00
 Eges: 1.442e+03 err: 0.000e+00
......................................................
    Movie Output triggered 
......................................................
......................................................
   Output (flt)  triggered at time: 0
......................................................
Running on hipSYCL OpenMP host device
======================================================
Integrating: time = 0 with dt = 2e-06 at step 0
  RKSTEP = 1
  Using Reconst:  - rho - dir 0 - substep -1
  Using Reconst:  - v_x - dir 0 - substep -1
  Using Reconst:  - v_y - dir 0 - substep -1
  Using Reconst:  - v_z - dir 0 - substep -1
  Using Reconst:  - Etherm - dir 0 - substep -1
  RKSTEP = 2
  Using Reconst:  - rho - dir 0 - substep -1
  Using Reconst:  - v_x - dir 0 - substep -1
  Using Reconst:  - v_y - dir 0 - substep -1
  Using Reconst:  - v_z - dir 0 - substep -1
  Using Reconst:  - Etherm - dir 0 - substep -1
------------------------------------------------------
 Time needed for substeps:  0.0476382 0.0149209
             for full step: 0.179243
-------Fluctuations-----------------------------------
 E_kin:  0.000e+00 E_dyn:  0.000e+00
-------Energertics:-----------------------------------
 E_ges:  1.442e+03 E_th:   0.000e+00
-------Dynamics:--------------------------------------
 Vorti.: 0.000e+00 Enstr.: 0.000e+00 M_rms:       -nan
-------Conserved quantities:--------------------------
 Mass: 1.000e+00 err: 0.000e+00
 p_x:  -1.960e+01 err: 1.021e-04
 p_y:  0.000e+00 err: 0.000e+00
 p_z:  0.000e+00 err: 0.000e+00
 Eges: 1.442e+03 err: -1.372e-01
......................................................
   Output (dbl)  triggered at time: 2e-06
......................................................
======================================================
Integrating: time = 2e-06 with dt = 3.50791e-05 at step 1
  RKSTEP = 1
  Using Reconst:  - rho - dir 0 - substep -1
  Using Reconst:  - v_x - dir 0 - substep -1
  Using Reconst:  - v_y - dir 0 - substep -1
  Using Reconst:  - v_z - dir 0 - substep -1
  Using Reconst:  - Etherm - dir 0 - substep -1
  RKSTEP = 2
  Using Reconst:  - rho - dir 0 - substep -1
  Using Reconst:  - v_x - dir 0 - substep -1
  Using Reconst:  - v_y - dir 0 - substep -1
  Using Reconst:  - v_z - dir 0 - substep -1
  Using Reconst:  - Etherm - dir 0 - substep -1
------------------------------------------------------
 Time needed for substeps:  0.043046 0.00960088
             for full step: 0.130401
-------Fluctuations-----------------------------------
 E_kin:  0.000e+00 E_dyn:  0.000e+00
-------Energertics:-----------------------------------
 E_ges:  1.439e+03 E_th:   0.000e+00
-------Dynamics:--------------------------------------
 Vorti.: 0.000e+00 Enstr.: 0.000e+00 M_rms:       -nan
-------Conserved quantities:--------------------------
 Mass: 1.000e+00 err: 0.000e+00
 p_x:  -1.956e+01 err: 1.895e-03
 p_y:  0.000e+00 err: 0.000e+00
 p_z:  0.000e+00 err: 0.000e+00
 Eges: 1.439e+03 err: -2.543e+00
======================================================
Integrating: time = 3.70791e-05 with dt = 3.50791e-05 at step 2
  RKSTEP = 1
  Using Reconst:  - rho - dir 0 - substep -1
  Using Reconst:  - v_x - dir 0 - substep -1
  Using Reconst:  - v_y - dir 0 - substep -1
  Using Reconst:  - v_z - dir 0 - substep -1
  Using Reconst:  - Etherm - dir 0 - substep -1
  RKSTEP = 2
  Using Reconst:  - rho - dir 0 - substep -1
  Using Reconst:  - v_x - dir 0 - substep -1
  Using Reconst:  - v_y - dir 0 - substep -1
  Using Reconst:  - v_z - dir 0 - substep -1
  Using Reconst:  - Etherm - dir 0 - substep -1
======================================================
Integrating: time = 7.21582e-05 with dt = 3.50791e-05 at step 3
  RKSTEP = 1
  Using Reconst:  - rho - dir 0 - substep -1
  Using Reconst:  - v_x - dir 0 - substep -1
  Using Reconst:  - v_y - dir 0 - substep -1
  Using Reconst:  - v_z - dir 0 - substep -1
  Using Reconst:  - Etherm - dir 0 - substep -1
  RKSTEP = 2
  Using Reconst:  - rho - dir 0 - substep -1
  Using Reconst:  - v_x - dir 0 - substep -1
  Using Reconst:  - v_y - dir 0 - substep -1
  Using Reconst:  - v_z - dir 0 - substep -1
  Using Reconst:  - Etherm - dir 0 - substep -1
======================================================
Integrating: time = 0.000107237 with dt = 3.50791e-05 at step 4
  RKSTEP = 1
  Using Reconst:  - rho - dir 0 - substep -1
  Using Reconst:  - v_x - dir 0 - substep -1
  Using Reconst:  - v_y - dir 0 - substep -1
  Using Reconst:  - v_z - dir 0 - substep -1
  Using Reconst:  - Etherm - dir 0 - substep -1
  RKSTEP = 2
  Using Reconst:  - rho - dir 0 - substep -1
  Using Reconst:  - v_x - dir 0 - substep -1
  Using Reconst:  - v_y - dir 0 - substep -1
  Using Reconst:  - v_z - dir 0 - substep -1
  Using Reconst:  - Etherm - dir 0 - substep -1
======================================================
Integrating: time = 0.000142316 with dt = 3.50791e-05 at step 5
  RKSTEP = 1
  Using Reconst:  - rho - dir 0 - substep -1
  Using Reconst:  - v_x - dir 0 - substep -1
  Using Reconst:  - v_y - dir 0 - substep -1
  Using Reconst:  - v_z - dir 0 - substep -1
  Using Reconst:  - Etherm - dir 0 - substep -1
  RKSTEP = 2
  Using Reconst:  - rho - dir 0 - substep -1
  Using Reconst:  - v_x - dir 0 - substep -1
  Using Reconst:  - v_y - dir 0 - substep -1
  Using Reconst:  - v_z - dir 0 - substep -1
  Using Reconst:  - Etherm - dir 0 - substep -1
======================================================
Integrating: time = 0.000177395 with dt = 3.50791e-05 at step 6
  RKSTEP = 1
  Using Reconst:  - rho - dir 0 - substep -1
  Using Reconst:  - v_x - dir 0 - substep -1
  Using Reconst:  - v_y - dir 0 - substep -1
  Using Reconst:  - v_z - dir 0 - substep -1
  Using Reconst:  - Etherm - dir 0 - substep -1
  RKSTEP = 2
  Using Reconst:  - rho - dir 0 - substep -1
  Using Reconst:  - v_x - dir 0 - substep -1
  Using Reconst:  - v_y - dir 0 - substep -1
  Using Reconst:  - v_z - dir 0 - substep -1
  Using Reconst:  - Etherm - dir 0 - substep -1
======================================================
Integrating: time = 0.000212475 with dt = 3.50791e-05 at step 7
  RKSTEP = 1
  Using Reconst:  - rho - dir 0 - substep -1
  Using Reconst:  - v_x - dir 0 - substep -1
  Using Reconst:  - v_y - dir 0 - substep -1
  Using Reconst:  - v_z - dir 0 - substep -1
  Using Reconst:  - Etherm - dir 0 - substep -1
  RKSTEP = 2
  Using Reconst:  - rho - dir 0 - substep -1
  Using Reconst:  - v_x - dir 0 - substep -1
  Using Reconst:  - v_y - dir 0 - substep -1
  Using Reconst:  - v_z - dir 0 - substep -1
  Using Reconst:  - Etherm - dir 0 - substep -1
======================================================
Integrating: time = 0.000247554 with dt = 3.50791e-05 at step 8
  RKSTEP = 1
  Using Reconst:  - rho - dir 0 - substep -1
  Using Reconst:  - v_x - dir 0 - substep -1
  Using Reconst:  - v_y - dir 0 - substep -1
  Using Reconst:  - v_z - dir 0 - substep -1
  Using Reconst:  - Etherm - dir 0 - substep -1
  RKSTEP = 2
  Using Reconst:  - rho - dir 0 - substep -1
  Using Reconst:  - v_x - dir 0 - substep -1
  Using Reconst:  - v_y - dir 0 - substep -1
  Using Reconst:  - v_z - dir 0 - substep -1
  Using Reconst:  - Etherm - dir 0 - substep -1
======================================================
Integrating: time = 0.000282633 with dt = 3.50791e-05 at step 9
  RKSTEP = 1
  Using Reconst:  - rho - dir 0 - substep -1
  Using Reconst:  - v_x - dir 0 - substep -1
  Using Reconst:  - v_y - dir 0 - substep -1
  Using Reconst:  - v_z - dir 0 - substep -1
  Using Reconst:  - Etherm - dir 0 - substep -1
  RKSTEP = 2
  Using Reconst:  - rho - dir 0 - substep -1
  Using Reconst:  - v_x - dir 0 - substep -1
  Using Reconst:  - v_y - dir 0 - substep -1
  Using Reconst:  - v_z - dir 0 - substep -1
  Using Reconst:  - Etherm - dir 0 - substep -1
======================================================
Integrating: time = 0.000317712 with dt = 3.50791e-05 at step 10
  RKSTEP = 1
  Using Reconst:  - rho - dir 0 - substep -1
  Using Reconst:  - v_x - dir 0 - substep -1
  Using Reconst:  - v_y - dir 0 - substep -1
  Using Reconst:  - v_z - dir 0 - substep -1
  Using Reconst:  - Etherm - dir 0 - substep -1
  RKSTEP = 2
  Using Reconst:  - rho - dir 0 - substep -1
  Using Reconst:  - v_x - dir 0 - substep -1
  Using Reconst:  - v_y - dir 0 - substep -1
  Using Reconst:  - v_z - dir 0 - substep -1
  Using Reconst:  - Etherm - dir 0 - substep -1
------------------------------------------------------
 Time needed for substeps:  0.031749 0.010181
             for full step: 0.092845
-------Fluctuations-----------------------------------
 E_kin:  0.000e+00 E_dyn:  0.000e+00
-------Energertics:-----------------------------------
 E_ges:  1.418e+03 E_th:   0.000e+00
-------Dynamics:--------------------------------------
 Vorti.: 0.000e+00 Enstr.: 0.000e+00 M_rms:       -nan
-------Conserved quantities:--------------------------
 Mass: 1.000e+00 err: -2.220e-16
 p_x:  -1.924e+01 err: 1.822e-02
 p_y:  0.000e+00 err: 0.000e+00
 p_z:  0.000e+00 err: 0.000e+00
 Eges: 1.418e+03 err: -2.420e+01
======================================================
Integrating: time = 0.000352791 with dt = 3.50791e-05 at step 11
  RKSTEP = 1
  Using Reconst:  - rho - dir 0 - substep -1
  Using Reconst:  - v_x - dir 0 - substep -1
  Using Reconst:  - v_y - dir 0 - substep -1
  Using Reconst:  - v_z - dir 0 - substep -1
  Using Reconst:  - Etherm - dir 0 - substep -1
  RKSTEP = 2
  Using Reconst:  - rho - dir 0 - substep -1
  Using Reconst:  - v_x - dir 0 - substep -1
  Using Reconst:  - v_y - dir 0 - substep -1
  Using Reconst:  - v_z - dir 0 - substep -1
  Using Reconst:  - Etherm - dir 0 - substep -1
======================================================
Integrating: time = 0.00038787 with dt = 3.50791e-05 at step 12
  RKSTEP = 1
  Using Reconst:  - rho - dir 0 - substep -1
  Using Reconst:  - v_x - dir 0 - substep -1
  Using Reconst:  - v_y - dir 0 - substep -1
  Using Reconst:  - v_z - dir 0 - substep -1
  Using Reconst:  - Etherm - dir 0 - substep -1
  RKSTEP = 2
  Using Reconst:  - rho - dir 0 - substep -1
  Using Reconst:  - v_x - dir 0 - substep -1
  Using Reconst:  - v_y - dir 0 - substep -1
  Using Reconst:  - v_z - dir 0 - substep -1
  Using Reconst:  - Etherm - dir 0 - substep -1
======================================================
Integrating: time = 0.000422949 with dt = 3.50791e-05 at step 13
  RKSTEP = 1
  Using Reconst:  - rho - dir 0 - substep -1
  Using Reconst:  - v_x - dir 0 - substep -1
  Using Reconst:  - v_y - dir 0 - substep -1
  Using Reconst:  - v_z - dir 0 - substep -1
  Using Reconst:  - Etherm - dir 0 - substep -1
  RKSTEP = 2
  Using Reconst:  - rho - dir 0 - substep -1
  Using Reconst:  - v_x - dir 0 - substep -1
  Using Reconst:  - v_y - dir 0 - substep -1
  Using Reconst:  - v_z - dir 0 - substep -1
  Using Reconst:  - Etherm - dir 0 - substep -1
======================================================
Integrating: time = 0.000458028 with dt = 3.50791e-05 at step 14
  RKSTEP = 1
  Using Reconst:  - rho - dir 0 - substep -1
  Using Reconst:  - v_x - dir 0 - substep -1
  Using Reconst:  - v_y - dir 0 - substep -1
  Using Reconst:  - v_z - dir 0 - substep -1
  Using Reconst:  - Etherm - dir 0 - substep -1
  RKSTEP = 2
  Using Reconst:  - rho - dir 0 - substep -1
  Using Reconst:  - v_x - dir 0 - substep -1
  Using Reconst:  - v_y - dir 0 - substep -1
  Using Reconst:  - v_z - dir 0 - substep -1
  Using Reconst:  - Etherm - dir 0 - substep -1
======================================================
Integrating: time = 0.000493107 with dt = 3.50791e-05 at step 15
  RKSTEP = 1
  Using Reconst:  - rho - dir 0 - substep -1
  Using Reconst:  - v_x - dir 0 - substep -1
  Using Reconst:  - v_y - dir 0 - substep -1
  Using Reconst:  - v_z - dir 0 - substep -1
  Using Reconst:  - Etherm - dir 0 - substep -1
  RKSTEP = 2
  Using Reconst:  - rho - dir 0 - substep -1
  Using Reconst:  - v_x - dir 0 - substep -1
  Using Reconst:  - v_y - dir 0 - substep -1
  Using Reconst:  - v_z - dir 0 - substep -1
  Using Reconst:  - Etherm - dir 0 - substep -1
======================================================
Integrating: time = 0.000528186 with dt = 3.50791e-05 at step 16
  RKSTEP = 1
  Using Reconst:  - rho - dir 0 - substep -1
  Using Reconst:  - v_x - dir 0 - substep -1
  Using Reconst:  - v_y - dir 0 - substep -1
  Using Reconst:  - v_z - dir 0 - substep -1
  Using Reconst:  - Etherm - dir 0 - substep -1
  RKSTEP = 2
  Using Reconst:  - rho - dir 0 - substep -1
  Using Reconst:  - v_x - dir 0 - substep -1
  Using Reconst:  - v_y - dir 0 - substep -1
  Using Reconst:  - v_z - dir 0 - substep -1
  Using Reconst:  - Etherm - dir 0 - substep -1
======================================================
Integrating: time = 0.000563265 with dt = 3.50791e-05 at step 17
  RKSTEP = 1
  Using Reconst:  - rho - dir 0 - substep -1
  Using Reconst:  - v_x - dir 0 - substep -1
  Using Reconst:  - v_y - dir 0 - substep -1
  Using Reconst:  - v_z - dir 0 - substep -1
  Using Reconst:  - Etherm - dir 0 - substep -1
  RKSTEP = 2
  Using Reconst:  - rho - dir 0 - substep -1
  Using Reconst:  - v_x - dir 0 - substep -1
  Using Reconst:  - v_y - dir 0 - substep -1
  Using Reconst:  - v_z - dir 0 - substep -1
  Using Reconst:  - Etherm - dir 0 - substep -1
======================================================
Integrating: time = 0.000598345 with dt = 3.50791e-05 at step 18
  RKSTEP = 1
  Using Reconst:  - rho - dir 0 - substep -1
  Using Reconst:  - v_x - dir 0 - substep -1
  Using Reconst:  - v_y - dir 0 - substep -1
  Using Reconst:  - v_z - dir 0 - substep -1
  Using Reconst:  - Etherm - dir 0 - substep -1
  RKSTEP = 2
  Using Reconst:  - rho - dir 0 - substep -1
  Using Reconst:  - v_x - dir 0 - substep -1
  Using Reconst:  - v_y - dir 0 - substep -1
  Using Reconst:  - v_z - dir 0 - substep -1
  Using Reconst:  - Etherm - dir 0 - substep -1
======================================================
Integrating: time = 0.000633424 with dt = 3.50791e-05 at step 19
  RKSTEP = 1
  Using Reconst:  - rho - dir 0 - substep -1
  Using Reconst:  - v_x - dir 0 - substep -1
  Using Reconst:  - v_y - dir 0 - substep -1
  Using Reconst:  - v_z - dir 0 - substep -1
  Using Reconst:  - Etherm - dir 0 - substep -1
  RKSTEP = 2
  Using Reconst:  - rho - dir 0 - substep -1
  Using Reconst:  - v_x - dir 0 - substep -1
  Using Reconst:  - v_y - dir 0 - substep -1
  Using Reconst:  - v_z - dir 0 - substep -1
  Using Reconst:  - Etherm - dir 0 - substep -1
------------------------------------------------------
 Time needed for substeps:  0.0320799 0.00952411
             for full step: 0.094672
-------Fluctuations-----------------------------------
 E_kin:  0.000e+00 E_dyn:  0.000e+00
-------Energertics:-----------------------------------
 E_ges:  1.396e+03 E_th:   0.000e+00
-------Dynamics:--------------------------------------
 Vorti.: 0.000e+00 Enstr.: 0.000e+00 M_rms:       -nan
-------Conserved quantities:--------------------------
 Mass: 1.000e+00 err: 0.000e+00
 p_x:  -1.893e+01 err: 3.484e-02
 p_y:  0.000e+00 err: 0.000e+00
 p_z:  0.000e+00 err: 0.000e+00
 Eges: 1.396e+03 err: -4.585e+01
======================================================
Integrating: time = 0.000668503 with dt = 3.50791e-05 at step 20
  RKSTEP = 1
  Using Reconst:  - rho - dir 0 - substep -1
  Using Reconst:  - v_x - dir 0 - substep -1
  Using Reconst:  - v_y - dir 0 - substep -1
  Using Reconst:  - v_z - dir 0 - substep -1
  Using Reconst:  - Etherm - dir 0 - substep -1
  RKSTEP = 2
  Using Reconst:  - rho - dir 0 - substep -1
  Using Reconst:  - v_x - dir 0 - substep -1
  Using Reconst:  - v_y - dir 0 - substep -1
  Using Reconst:  - v_z - dir 0 - substep -1
  Using Reconst:  - Etherm - dir 0 - substep -1
======================================================
Integrating: time = 0.000703582 with dt = 3.50791e-05 at step 21
  RKSTEP = 1
  Using Reconst:  - rho - dir 0 - substep -1
  Using Reconst:  - v_x - dir 0 - substep -1
  Using Reconst:  - v_y - dir 0 - substep -1
  Using Reconst:  - v_z - dir 0 - substep -1
  Using Reconst:  - Etherm - dir 0 - substep -1
  RKSTEP = 2
  Using Reconst:  - rho - dir 0 - substep -1
  Using Reconst:  - v_x - dir 0 - substep -1
  Using Reconst:  - v_y - dir 0 - substep -1
  Using Reconst:  - v_z - dir 0 - substep -1
  Using Reconst:  - Etherm - dir 0 - substep -1
======================================================
Integrating: time = 0.000738661 with dt = 3.50791e-05 at step 22
  RKSTEP = 1
  Using Reconst:  - rho - dir 0 - substep -1
  Using Reconst:  - v_x - dir 0 - substep -1
  Using Reconst:  - v_y - dir 0 - substep -1
  Using Reconst:  - v_z - dir 0 - substep -1
  Using Reconst:  - Etherm - dir 0 - substep -1
  RKSTEP = 2
  Using Reconst:  - rho - dir 0 - substep -1
  Using Reconst:  - v_x - dir 0 - substep -1
  Using Reconst:  - v_y - dir 0 - substep -1
  Using Reconst:  - v_z - dir 0 - substep -1
  Using Reconst:  - Etherm - dir 0 - substep -1
======================================================
Integrating: time = 0.00077374 with dt = 3.50791e-05 at step 23
  RKSTEP = 1
  Using Reconst:  - rho - dir 0 - substep -1
  Using Reconst:  - v_x - dir 0 - substep -1
  Using Reconst:  - v_y - dir 0 - substep -1
  Using Reconst:  - v_z - dir 0 - substep -1
  Using Reconst:  - Etherm - dir 0 - substep -1
  RKSTEP = 2
  Using Reconst:  - rho - dir 0 - substep -1
  Using Reconst:  - v_x - dir 0 - substep -1
  Using Reconst:  - v_y - dir 0 - substep -1
  Using Reconst:  - v_z - dir 0 - substep -1
  Using Reconst:  - Etherm - dir 0 - substep -1
======================================================
Integrating: time = 0.000808819 with dt = 3.50791e-05 at step 24
  RKSTEP = 1
  Using Reconst:  - rho - dir 0 - substep -1
  Using Reconst:  - v_x - dir 0 - substep -1
  Using Reconst:  - v_y - dir 0 - substep -1
  Using Reconst:  - v_z - dir 0 - substep -1
  Using Reconst:  - Etherm - dir 0 - substep -1
  RKSTEP = 2
  Using Reconst:  - rho - dir 0 - substep -1
  Using Reconst:  - v_x - dir 0 - substep -1
  Using Reconst:  - v_y - dir 0 - substep -1
  Using Reconst:  - v_z - dir 0 - substep -1
  Using Reconst:  - Etherm - dir 0 - substep -1
======================================================
Integrating: time = 0.000843898 with dt = 3.50791e-05 at step 25
  RKSTEP = 1
  Using Reconst:  - rho - dir 0 - substep -1
  Using Reconst:  - v_x - dir 0 - substep -1
  Using Reconst:  - v_y - dir 0 - substep -1
  Using Reconst:  - v_z - dir 0 - substep -1
  Using Reconst:  - Etherm - dir 0 - substep -1
  RKSTEP = 2
  Using Reconst:  - rho - dir 0 - substep -1
  Using Reconst:  - v_x - dir 0 - substep -1
  Using Reconst:  - v_y - dir 0 - substep -1
  Using Reconst:  - v_z - dir 0 - substep -1
  Using Reconst:  - Etherm - dir 0 - substep -1
======================================================
Integrating: time = 0.000878977 with dt = 3.50791e-05 at step 26
  RKSTEP = 1
  Using Reconst:  - rho - dir 0 - substep -1
  Using Reconst:  - v_x - dir 0 - substep -1
  Using Reconst:  - v_y - dir 0 - substep -1
  Using Reconst:  - v_z - dir 0 - substep -1
  Using Reconst:  - Etherm - dir 0 - substep -1
  RKSTEP = 2
  Using Reconst:  - rho - dir 0 - substep -1
  Using Reconst:  - v_x - dir 0 - substep -1
  Using Reconst:  - v_y - dir 0 - substep -1
  Using Reconst:  - v_z - dir 0 - substep -1
  Using Reconst:  - Etherm - dir 0 - substep -1
======================================================
Integrating: time = 0.000914056 with dt = 3.50791e-05 at step 27
  RKSTEP = 1
  Using Reconst:  - rho - dir 0 - substep -1
  Using Reconst:  - v_x - dir 0 - substep -1
  Using Reconst:  - v_y - dir 0 - substep -1
  Using Reconst:  - v_z - dir 0 - substep -1
  Using Reconst:  - Etherm - dir 0 - substep -1
  RKSTEP = 2
  Using Reconst:  - rho - dir 0 - substep -1
  Using Reconst:  - v_x - dir 0 - substep -1
  Using Reconst:  - v_y - dir 0 - substep -1
  Using Reconst:  - v_z - dir 0 - substep -1
  Using Reconst:  - Etherm - dir 0 - substep -1
======================================================
Integrating: time = 0.000949135 with dt = 3.50791e-05 at step 28
  RKSTEP = 1
  Using Reconst:  - rho - dir 0 - substep -1
  Using Reconst:  - v_x - dir 0 - substep -1
  Using Reconst:  - v_y - dir 0 - substep -1
  Using Reconst:  - v_z - dir 0 - substep -1
  Using Reconst:  - Etherm - dir 0 - substep -1
  RKSTEP = 2
  Using Reconst:  - rho - dir 0 - substep -1
  Using Reconst:  - v_x - dir 0 - substep -1
  Using Reconst:  - v_y - dir 0 - substep -1
  Using Reconst:  - v_z - dir 0 - substep -1
  Using Reconst:  - Etherm - dir 0 - substep -1
------------------------------------------------------
 Time needed for substeps:  0.0319719 0.01033
             for full step: 0.094172
-------Fluctuations-----------------------------------
 E_kin:  0.000e+00 E_dyn:  0.000e+00
-------Energertics:-----------------------------------
 E_ges:  1.375e+03 E_th:   0.000e+00
-------Dynamics:--------------------------------------
 Vorti.: 0.000e+00 Enstr.: 0.000e+00 M_rms:       -nan
-------Conserved quantities:--------------------------
 Mass: 1.000e+00 err: 0.000e+00
 p_x:  -1.861e+01 err: 5.174e-02
 p_y:  0.000e+00 err: 0.000e+00
 p_z:  0.000e+00 err: 0.000e+00
 Eges: 1.375e+03 err: -6.751e+01
======================================================
Integrating: time = 0.000984214 with dt = 1.57855e-05 at step 29
  RKSTEP = 1
  Using Reconst:  - rho - dir 0 - substep -1
  Using Reconst:  - v_x - dir 0 - substep -1
  Using Reconst:  - v_y - dir 0 - substep -1
  Using Reconst:  - v_z - dir 0 - substep -1
  Using Reconst:  - Etherm - dir 0 - substep -1
  RKSTEP = 2
  Using Reconst:  - rho - dir 0 - substep -1
  Using Reconst:  - v_x - dir 0 - substep -1
  Using Reconst:  - v_y - dir 0 - substep -1
  Using Reconst:  - v_z - dir 0 - substep -1
  Using Reconst:  - Etherm - dir 0 - substep -1
......................................................
   Output (flt)  triggered at time: 0.001
......................................................
======================================================
Integrating: time = 0.001 with dt = 3.50791e-05 at step 30
  RKSTEP = 1
  Using Reconst:  - rho - dir 0 - substep -1
  Using Reconst:  - v_x - dir 0 - substep -1
  Using Reconst:  - v_y - dir 0 - substep -1
  Using Reconst:  - v_z - dir 0 - substep -1
  Using Reconst:  - Etherm - dir 0 - substep -1
  RKSTEP = 2
  Using Reconst:  - rho - dir 0 - substep -1
  Using Reconst:  - v_x - dir 0 - substep -1
  Using Reconst:  - v_y - dir 0 - substep -1
  Using Reconst:  - v_z - dir 0 - substep -1
  Using Reconst:  - Etherm - dir 0 - substep -1
======================================================
Integrating: time = 0.00103508 with dt = 3.50791e-05 at step 31
  RKSTEP = 1
  Using Reconst:  - rho - dir 0 - substep -1
  Using Reconst:  - v_x - dir 0 - substep -1
  Using Reconst:  - v_y - dir 0 - substep -1
  Using Reconst:  - v_z - dir 0 - substep -1
  Using Reconst:  - Etherm - dir 0 - substep -1
  RKSTEP = 2
  Using Reconst:  - rho - dir 0 - substep -1
  Using Reconst:  - v_x - dir 0 - substep -1
  Using Reconst:  - v_y - dir 0 - substep -1
  Using Reconst:  - v_z - dir 0 - substep -1
  Using Reconst:  - Etherm - dir 0 - substep -1
======================================================
Integrating: time = 0.00107016 with dt = 3.50791e-05 at step 32
  RKSTEP = 1
  Using Reconst:  - rho - dir 0 - substep -1
  Using Reconst:  - v_x - dir 0 - substep -1
  Using Reconst:  - v_y - dir 0 - substep -1
  Using Reconst:  - v_z - dir 0 - substep -1
  Using Reconst:  - Etherm - dir 0 - substep -1
  RKSTEP = 2
  Using Reconst:  - rho - dir 0 - substep -1
  Using Reconst:  - v_x - dir 0 - substep -1
  Using Reconst:  - v_y - dir 0 - substep -1
  Using Reconst:  - v_z - dir 0 - substep -1
  Using Reconst:  - Etherm - dir 0 - substep -1
======================================================
Integrating: time = 0.00110524 with dt = 3.50791e-05 at step 33
  RKSTEP = 1
  Using Reconst:  - rho - dir 0 - substep -1
  Using Reconst:  - v_x - dir 0 - substep -1
  Using Reconst:  - v_y - dir 0 - substep -1
  Using Reconst:  - v_z - dir 0 - substep -1
  Using Reconst:  - Etherm - dir 0 - substep -1
  RKSTEP = 2
  Using Reconst:  - rho - dir 0 - substep -1
  Using Reconst:  - v_x - dir 0 - substep -1
  Using Reconst:  - v_y - dir 0 - substep -1
  Using Reconst:  - v_z - dir 0 - substep -1
  Using Reconst:  - Etherm - dir 0 - substep -1
======================================================
Integrating: time = 0.00114032 with dt = 3.50791e-05 at step 34
  RKSTEP = 1
  Using Reconst:  - rho - dir 0 - substep -1
  Using Reconst:  - v_x - dir 0 - substep -1
  Using Reconst:  - v_y - dir 0 - substep -1
  Using Reconst:  - v_z - dir 0 - substep -1
  Using Reconst:  - Etherm - dir 0 - substep -1
  RKSTEP = 2
  Using Reconst:  - rho - dir 0 - substep -1
  Using Reconst:  - v_x - dir 0 - substep -1
  Using Reconst:  - v_y - dir 0 - substep -1
  Using Reconst:  - v_z - dir 0 - substep -1
  Using Reconst:  - Etherm - dir 0 - substep -1
======================================================
Integrating: time = 0.0011754 with dt = 3.50791e-05 at step 35
  RKSTEP = 1
  Using Reconst:  - rho - dir 0 - substep -1
  Using Reconst:  - v_x - dir 0 - substep -1
  Using Reconst:  - v_y - dir 0 - substep -1
  Using Reconst:  - v_z - dir 0 - substep -1
  Using Reconst:  - Etherm - dir 0 - substep -1
  RKSTEP = 2
  Using Reconst:  - rho - dir 0 - substep -1
  Using Reconst:  - v_x - dir 0 - substep -1
  Using Reconst:  - v_y - dir 0 - substep -1
  Using Reconst:  - v_z - dir 0 - substep -1
  Using Reconst:  - Etherm - dir 0 - substep -1
======================================================
Integrating: time = 0.00121047 with dt = 3.50791e-05 at step 36
  RKSTEP = 1
  Using Reconst:  - rho - dir 0 - substep -1
  Using Reconst:  - v_x - dir 0 - substep -1
  Using Reconst:  - v_y - dir 0 - substep -1
  Using Reconst:  - v_z - dir 0 - substep -1
  Using Reconst:  - Etherm - dir 0 - substep -1
  RKSTEP = 2
  Using Reconst:  - rho - dir 0 - substep -1
  Using Reconst:  - v_x - dir 0 - substep -1
  Using Reconst:  - v_y - dir 0 - substep -1
  Using Reconst:  - v_z - dir 0 - substep -1
  Using Reconst:  - Etherm - dir 0 - substep -1
======================================================
Integrating: time = 0.00124555 with dt = 3.50791e-05 at step 37
  RKSTEP = 1
  Using Reconst:  - rho - dir 0 - substep -1
  Using Reconst:  - v_x - dir 0 - substep -1
  Using Reconst:  - v_y - dir 0 - substep -1
  Using Reconst:  - v_z - dir 0 - substep -1
  Using Reconst:  - Etherm - dir 0 - substep -1
  RKSTEP = 2
  Using Reconst:  - rho - dir 0 - substep -1
  Using Reconst:  - v_x - dir 0 - substep -1
  Using Reconst:  - v_y - dir 0 - substep -1
  Using Reconst:  - v_z - dir 0 - substep -1
  Using Reconst:  - Etherm - dir 0 - substep -1
------------------------------------------------------
 Time needed for substeps:  0.0340221 0.00959897
             for full step: 0.0956481
-------Fluctuations-----------------------------------
 E_kin:  0.000e+00 E_dyn:  0.000e+00
-------Energertics:-----------------------------------
 E_ges:  1.354e+03 E_th:   0.000e+00
-------Dynamics:--------------------------------------
 Vorti.: 0.000e+00 Enstr.: 0.000e+00 M_rms:       -nan
-------Conserved quantities:--------------------------
 Mass: 1.000e+00 err: 0.000e+00
 p_x:  -1.832e+01 err: 6.784e-02
 p_y:  0.000e+00 err: 0.000e+00
 p_z:  0.000e+00 err: 0.000e+00
 Eges: 1.354e+03 err: -8.784e+01
======================================================
Integrating: time = 0.00128063 with dt = 3.50791e-05 at step 38
  RKSTEP = 1
  Using Reconst:  - rho - dir 0 - substep -1
  Using Reconst:  - v_x - dir 0 - substep -1
  Using Reconst:  - v_y - dir 0 - substep -1
  Using Reconst:  - v_z - dir 0 - substep -1
  Using Reconst:  - Etherm - dir 0 - substep -1
  RKSTEP = 2
  Using Reconst:  - rho - dir 0 - substep -1
  Using Reconst:  - v_x - dir 0 - substep -1
  Using Reconst:  - v_y - dir 0 - substep -1
  Using Reconst:  - v_z - dir 0 - substep -1
  Using Reconst:  - Etherm - dir 0 - substep -1
======================================================
Integrating: time = 0.00131571 with dt = 3.50791e-05 at step 39
  RKSTEP = 1
  Using Reconst:  - rho - dir 0 - substep -1
  Using Reconst:  - v_x - dir 0 - substep -1
  Using Reconst:  - v_y - dir 0 - substep -1
  Using Reconst:  - v_z - dir 0 - substep -1
  Using Reconst:  - Etherm - dir 0 - substep -1
  RKSTEP = 2
  Using Reconst:  - rho - dir 0 - substep -1
  Using Reconst:  - v_x - dir 0 - substep -1
  Using Reconst:  - v_y - dir 0 - substep -1
  Using Reconst:  - v_z - dir 0 - substep -1
  Using Reconst:  - Etherm - dir 0 - substep -1
======================================================
Integrating: time = 0.00135079 with dt = 3.50791e-05 at step 40
  RKSTEP = 1
  Using Reconst:  - rho - dir 0 - substep -1
  Using Reconst:  - v_x - dir 0 - substep -1
  Using Reconst:  - v_y - dir 0 - substep -1
  Using Reconst:  - v_z - dir 0 - substep -1
  Using Reconst:  - Etherm - dir 0 - substep -1
  RKSTEP = 2
  Using Reconst:  - rho - dir 0 - substep -1
  Using Reconst:  - v_x - dir 0 - substep -1
  Using Reconst:  - v_y - dir 0 - substep -1
  Using Reconst:  - v_z - dir 0 - substep -1
  Using Reconst:  - Etherm - dir 0 - substep -1
======================================================
Integrating: time = 0.00138587 with dt = 3.50791e-05 at step 41
  RKSTEP = 1
  Using Reconst:  - rho - dir 0 - substep -1
  Using Reconst:  - v_x - dir 0 - substep -1
  Using Reconst:  - v_y - dir 0 - substep -1
  Using Reconst:  - v_z - dir 0 - substep -1
  Using Reconst:  - Etherm - dir 0 - substep -1
  RKSTEP = 2
  Using Reconst:  - rho - dir 0 - substep -1
  Using Reconst:  - v_x - dir 0 - substep -1
  Using Reconst:  - v_y - dir 0 - substep -1
  Using Reconst:  - v_z - dir 0 - substep -1
  Using Reconst:  - Etherm - dir 0 - substep -1
======================================================
Integrating: time = 0.00142095 with dt = 3.50791e-05 at step 42
  RKSTEP = 1
  Using Reconst:  - rho - dir 0 - substep -1
  Using Reconst:  - v_x - dir 0 - substep -1
  Using Reconst:  - v_y - dir 0 - substep -1
  Using Reconst:  - v_z - dir 0 - substep -1
  Using Reconst:  - Etherm - dir 0 - substep -1
  RKSTEP = 2
  Using Reconst:  - rho - dir 0 - substep -1
  Using Reconst:  - v_x - dir 0 - substep -1
  Using Reconst:  - v_y - dir 0 - substep -1
  Using Reconst:  - v_z - dir 0 - substep -1
  Using Reconst:  - Etherm - dir 0 - substep -1
======================================================
Integrating: time = 0.00145603 with dt = 3.50791e-05 at step 43
  RKSTEP = 1
  Using Reconst:  - rho - dir 0 - substep -1
  Using Reconst:  - v_x - dir 0 - substep -1
  Using Reconst:  - v_y - dir 0 - substep -1
  Using Reconst:  - v_z - dir 0 - substep -1
  Using Reconst:  - Etherm - dir 0 - substep -1
  RKSTEP = 2
  Using Reconst:  - rho - dir 0 - substep -1
  Using Reconst:  - v_x - dir 0 - substep -1
  Using Reconst:  - v_y - dir 0 - substep -1
  Using Reconst:  - v_z - dir 0 - substep -1
  Using Reconst:  - Etherm - dir 0 - substep -1
======================================================
Integrating: time = 0.00149111 with dt = 3.50791e-05 at step 44
  RKSTEP = 1
  Using Reconst:  - rho - dir 0 - substep -1
  Using Reconst:  - v_x - dir 0 - substep -1
  Using Reconst:  - v_y - dir 0 - substep -1
  Using Reconst:  - v_z - dir 0 - substep -1
  Using Reconst:  - Etherm - dir 0 - substep -1
  RKSTEP = 2
  Using Reconst:  - rho - dir 0 - substep -1
  Using Reconst:  - v_x - dir 0 - substep -1
  Using Reconst:  - v_y - dir 0 - substep -1
  Using Reconst:  - v_z - dir 0 - substep -1
  Using Reconst:  - Etherm - dir 0 - substep -1
======================================================
Integrating: time = 0.00152619 with dt = 3.50791e-05 at step 45
  RKSTEP = 1
  Using Reconst:  - rho - dir 0 - substep -1
  Using Reconst:  - v_x - dir 0 - substep -1
  Using Reconst:  - v_y - dir 0 - substep -1
  Using Reconst:  - v_z - dir 0 - substep -1
  Using Reconst:  - Etherm - dir 0 - substep -1
  RKSTEP = 2
  Using Reconst:  - rho - dir 0 - substep -1
  Using Reconst:  - v_x - dir 0 - substep -1
  Using Reconst:  - v_y - dir 0 - substep -1
  Using Reconst:  - v_z - dir 0 - substep -1
  Using Reconst:  - Etherm - dir 0 - substep -1
======================================================
Integrating: time = 0.00156127 with dt = 3.50791e-05 at step 46
  RKSTEP = 1
  Using Reconst:  - rho - dir 0 - substep -1
  Using Reconst:  - v_x - dir 0 - substep -1
  Using Reconst:  - v_y - dir 0 - substep -1
  Using Reconst:  - v_z - dir 0 - substep -1
  Using Reconst:  - Etherm - dir 0 - substep -1
  RKSTEP = 2
  Using Reconst:  - rho - dir 0 - substep -1
  Using Reconst:  - v_x - dir 0 - substep -1
  Using Reconst:  - v_y - dir 0 - substep -1
  Using Reconst:  - v_z - dir 0 - substep -1
  Using Reconst:  - Etherm - dir 0 - substep -1
------------------------------------------------------
 Time needed for substeps:  0.034647 0.00992894
             for full step: 0.100446
-------Fluctuations-----------------------------------
 E_kin:  0.000e+00 E_dyn:  0.000e+00
-------Energertics:-----------------------------------
 E_ges:  1.333e+03 E_th:   0.000e+00
-------Dynamics:--------------------------------------
 Vorti.: 0.000e+00 Enstr.: 0.000e+00 M_rms:       -nan
-------Conserved quantities:--------------------------
 Mass: 1.000e+00 err: 0.000e+00
 p_x:  -1.800e+01 err: 8.537e-02
 p_y:  0.000e+00 err: 0.000e+00
 p_z:  0.000e+00 err: 0.000e+00
 Eges: 1.333e+03 err: -1.095e+02
======================================================
Integrating: time = 0.00159634 with dt = 3.50791e-05 at step 47
  RKSTEP = 1
  Using Reconst:  - rho - dir 0 - substep -1
  Using Reconst:  - v_x - dir 0 - substep -1
  Using Reconst:  - v_y - dir 0 - substep -1
  Using Reconst:  - v_z - dir 0 - substep -1
  Using Reconst:  - Etherm - dir 0 - substep -1
  RKSTEP = 2
  Using Reconst:  - rho - dir 0 - substep -1
  Using Reconst:  - v_x - dir 0 - substep -1
  Using Reconst:  - v_y - dir 0 - substep -1
  Using Reconst:  - v_z - dir 0 - substep -1
  Using Reconst:  - Etherm - dir 0 - substep -1
======================================================
Integrating: time = 0.00163142 with dt = 3.50791e-05 at step 48
  RKSTEP = 1
  Using Reconst:  - rho - dir 0 - substep -1
  Using Reconst:  - v_x - dir 0 - substep -1
  Using Reconst:  - v_y - dir 0 - substep -1
  Using Reconst:  - v_z - dir 0 - substep -1
  Using Reconst:  - Etherm - dir 0 - substep -1
  RKSTEP = 2
  Using Reconst:  - rho - dir 0 - substep -1
  Using Reconst:  - v_x - dir 0 - substep -1
  Using Reconst:  - v_y - dir 0 - substep -1
  Using Reconst:  - v_z - dir 0 - substep -1
  Using Reconst:  - Etherm - dir 0 - substep -1
======================================================
Integrating: time = 0.0016665 with dt = 3.50791e-05 at step 49
  RKSTEP = 1
  Using Reconst:  - rho - dir 0 - substep -1
  Using Reconst:  - v_x - dir 0 - substep -1
  Using Reconst:  - v_y - dir 0 - substep -1
  Using Reconst:  - v_z - dir 0 - substep -1
  Using Reconst:  - Etherm - dir 0 - substep -1
  RKSTEP = 2
  Using Reconst:  - rho - dir 0 - substep -1
  Using Reconst:  - v_x - dir 0 - substep -1
  Using Reconst:  - v_y - dir 0 - substep -1
  Using Reconst:  - v_z - dir 0 - substep -1
  Using Reconst:  - Etherm - dir 0 - substep -1
======================================================
Integrating: time = 0.00170158 with dt = 3.50791e-05 at step 50
  RKSTEP = 1
  Using Reconst:  - rho - dir 0 - substep -1
  Using Reconst:  - v_x - dir 0 - substep -1
  Using Reconst:  - v_y - dir 0 - substep -1
  Using Reconst:  - v_z - dir 0 - substep -1
  Using Reconst:  - Etherm - dir 0 - substep -1
  RKSTEP = 2
  Using Reconst:  - rho - dir 0 - substep -1
  Using Reconst:  - v_x - dir 0 - substep -1
  Using Reconst:  - v_y - dir 0 - substep -1
  Using Reconst:  - v_z - dir 0 - substep -1
  Using Reconst:  - Etherm - dir 0 - substep -1
======================================================
Integrating: time = 0.00173666 with dt = 3.50791e-05 at step 51
  RKSTEP = 1
  Using Reconst:  - rho - dir 0 - substep -1
  Using Reconst:  - v_x - dir 0 - substep -1
  Using Reconst:  - v_y - dir 0 - substep -1
  Using Reconst:  - v_z - dir 0 - substep -1
  Using Reconst:  - Etherm - dir 0 - substep -1
  RKSTEP = 2
  Using Reconst:  - rho - dir 0 - substep -1
  Using Reconst:  - v_x - dir 0 - substep -1
  Using Reconst:  - v_y - dir 0 - substep -1
  Using Reconst:  - v_z - dir 0 - substep -1
  Using Reconst:  - Etherm - dir 0 - substep -1
======================================================
Integrating: time = 0.00177174 with dt = 3.50791e-05 at step 52
  RKSTEP = 1
  Using Reconst:  - rho - dir 0 - substep -1
  Using Reconst:  - v_x - dir 0 - substep -1
  Using Reconst:  - v_y - dir 0 - substep -1
  Using Reconst:  - v_z - dir 0 - substep -1
  Using Reconst:  - Etherm - dir 0 - substep -1
  RKSTEP = 2
  Using Reconst:  - rho - dir 0 - substep -1
  Using Reconst:  - v_x - dir 0 - substep -1
  Using Reconst:  - v_y - dir 0 - substep -1
  Using Reconst:  - v_z - dir 0 - substep -1
  Using Reconst:  - Etherm - dir 0 - substep -1
======================================================
Integrating: time = 0.00180682 with dt = 3.50791e-05 at step 53
  RKSTEP = 1
  Using Reconst:  - rho - dir 0 - substep -1
  Using Reconst:  - v_x - dir 0 - substep -1
  Using Reconst:  - v_y - dir 0 - substep -1
  Using Reconst:  - v_z - dir 0 - substep -1
  Using Reconst:  - Etherm - dir 0 - substep -1
  RKSTEP = 2
  Using Reconst:  - rho - dir 0 - substep -1
  Using Reconst:  - v_x - dir 0 - substep -1
  Using Reconst:  - v_y - dir 0 - substep -1
  Using Reconst:  - v_z - dir 0 - substep -1
  Using Reconst:  - Etherm - dir 0 - substep -1
======================================================
Integrating: time = 0.0018419 with dt = 3.50791e-05 at step 54
  RKSTEP = 1
  Using Reconst:  - rho - dir 0 - substep -1
  Using Reconst:  - v_x - dir 0 - substep -1
  Using Reconst:  - v_y - dir 0 - substep -1
  Using Reconst:  - v_z - dir 0 - substep -1
  Using Reconst:  - Etherm - dir 0 - substep -1
  RKSTEP = 2
  Using Reconst:  - rho - dir 0 - substep -1
  Using Reconst:  - v_x - dir 0 - substep -1
  Using Reconst:  - v_y - dir 0 - substep -1
  Using Reconst:  - v_z - dir 0 - substep -1
  Using Reconst:  - Etherm - dir 0 - substep -1
======================================================
Integrating: time = 0.00187698 with dt = 3.50791e-05 at step 55
  RKSTEP = 1
  Using Reconst:  - rho - dir 0 - substep -1
  Using Reconst:  - v_x - dir 0 - substep -1
  Using Reconst:  - v_y - dir 0 - substep -1
  Using Reconst:  - v_z - dir 0 - substep -1
  Using Reconst:  - Etherm - dir 0 - substep -1
  RKSTEP = 2
  Using Reconst:  - rho - dir 0 - substep -1
  Using Reconst:  - v_x - dir 0 - substep -1
  Using Reconst:  - v_y - dir 0 - substep -1
  Using Reconst:  - v_z - dir 0 - substep -1
  Using Reconst:  - Etherm - dir 0 - substep -1
------------------------------------------------------
 Time needed for substeps:  0.0440331 0.0115969
             for full step: 0.123566
-------Fluctuations-----------------------------------
 E_kin:  0.000e+00 E_dyn:  0.000e+00
-------Energertics:-----------------------------------
 E_ges:  1.311e+03 E_th:   0.000e+00
-------Dynamics:--------------------------------------
 Vorti.: 0.000e+00 Enstr.: 0.000e+00 M_rms:       -nan
-------Conserved quantities:--------------------------
 Mass: 1.000e+00 err: -2.220e-16
 p_x:  -1.769e+01 err: 1.033e-01
 p_y:  0.000e+00 err: 0.000e+00
 p_z:  0.000e+00 err: 0.000e+00
 Eges: 1.311e+03 err: -1.311e+02
======================================================
Integrating: time = 0.00191206 with dt = 3.50791e-05 at step 56
  RKSTEP = 1
  Using Reconst:  - rho - dir 0 - substep -1
  Using Reconst:  - v_x - dir 0 - substep -1
  Using Reconst:  - v_y - dir 0 - substep -1
  Using Reconst:  - v_z - dir 0 - substep -1
  Using Reconst:  - Etherm - dir 0 - substep -1
  RKSTEP = 2
  Using Reconst:  - rho - dir 0 - substep -1
  Using Reconst:  - v_x - dir 0 - substep -1
  Using Reconst:  - v_y - dir 0 - substep -1
  Using Reconst:  - v_z - dir 0 - substep -1
  Using Reconst:  - Etherm - dir 0 - substep -1
======================================================
Integrating: time = 0.00194714 with dt = 3.50791e-05 at step 57
  RKSTEP = 1
  Using Reconst:  - rho - dir 0 - substep -1
  Using Reconst:  - v_x - dir 0 - substep -1
  Using Reconst:  - v_y - dir 0 - substep -1
  Using Reconst:  - v_z - dir 0 - substep -1
  Using Reconst:  - Etherm - dir 0 - substep -1
  RKSTEP = 2
  Using Reconst:  - rho - dir 0 - substep -1
  Using Reconst:  - v_x - dir 0 - substep -1
  Using Reconst:  - v_y - dir 0 - substep -1
  Using Reconst:  - v_z - dir 0 - substep -1
  Using Reconst:  - Etherm - dir 0 - substep -1
======================================================
Integrating: time = 0.00198221 with dt = 1.77855e-05 at step 58
  RKSTEP = 1
  Using Reconst:  - rho - dir 0 - substep -1
  Using Reconst:  - v_x - dir 0 - substep -1
  Using Reconst:  - v_y - dir 0 - substep -1
  Using Reconst:  - v_z - dir 0 - substep -1
  Using Reconst:  - Etherm - dir 0 - substep -1
  RKSTEP = 2
  Using Reconst:  - rho - dir 0 - substep -1
  Using Reconst:  - v_x - dir 0 - substep -1
  Using Reconst:  - v_y - dir 0 - substep -1
  Using Reconst:  - v_z - dir 0 - substep -1
  Using Reconst:  - Etherm - dir 0 - substep -1
......................................................
   Output (flt)  triggered at time: 0.002
......................................................
======================================================
Integrating: time = 0.002 with dt = 3.50791e-05 at step 59
  RKSTEP = 1
  Using Reconst:  - rho - dir 0 - substep -1
  Using Reconst:  - v_x - dir 0 - substep -1
  Using Reconst:  - v_y - dir 0 - substep -1
  Using Reconst:  - v_z - dir 0 - substep -1
  Using Reconst:  - Etherm - dir 0 - substep -1
  RKSTEP = 2
  Using Reconst:  - rho - dir 0 - substep -1
  Using Reconst:  - v_x - dir 0 - substep -1
  Using Reconst:  - v_y - dir 0 - substep -1
  Using Reconst:  - v_z - dir 0 - substep -1
  Using Reconst:  - Etherm - dir 0 - substep -1
======================================================
Integrating: time = 0.00203508 with dt = 3.50791e-05 at step 60
  RKSTEP = 1
  Using Reconst:  - rho - dir 0 - substep -1
  Using Reconst:  - v_x - dir 0 - substep -1
  Using Reconst:  - v_y - dir 0 - substep -1
  Using Reconst:  - v_z - dir 0 - substep -1
  Using Reconst:  - Etherm - dir 0 - substep -1
  RKSTEP = 2
  Using Reconst:  - rho - dir 0 - substep -1
  Using Reconst:  - v_x - dir 0 - substep -1
  Using Reconst:  - v_y - dir 0 - substep -1
  Using Reconst:  - v_z - dir 0 - substep -1
  Using Reconst:  - Etherm - dir 0 - substep -1
======================================================
Integrating: time = 0.00207016 with dt = 3.50791e-05 at step 61
  RKSTEP = 1
  Using Reconst:  - rho - dir 0 - substep -1
  Using Reconst:  - v_x - dir 0 - substep -1
  Using Reconst:  - v_y - dir 0 - substep -1
  Using Reconst:  - v_z - dir 0 - substep -1
  Using Reconst:  - Etherm - dir 0 - substep -1
  RKSTEP = 2
  Using Reconst:  - rho - dir 0 - substep -1
  Using Reconst:  - v_x - dir 0 - substep -1
  Using Reconst:  - v_y - dir 0 - substep -1
  Using Reconst:  - v_z - dir 0 - substep -1
  Using Reconst:  - Etherm - dir 0 - substep -1
======================================================
Integrating: time = 0.00210524 with dt = 3.50791e-05 at step 62
  RKSTEP = 1
  Using Reconst:  - rho - dir 0 - substep -1
  Using Reconst:  - v_x - dir 0 - substep -1
  Using Reconst:  - v_y - dir 0 - substep -1
  Using Reconst:  - v_z - dir 0 - substep -1
  Using Reconst:  - Etherm - dir 0 - substep -1
  RKSTEP = 2
  Using Reconst:  - rho - dir 0 - substep -1
  Using Reconst:  - v_x - dir 0 - substep -1
  Using Reconst:  - v_y - dir 0 - substep -1
  Using Reconst:  - v_z - dir 0 - substep -1
  Using Reconst:  - Etherm - dir 0 - substep -1
======================================================
Integrating: time = 0.00214032 with dt = 3.50791e-05 at step 63
  RKSTEP = 1
  Using Reconst:  - rho - dir 0 - substep -1
  Using Reconst:  - v_x - dir 0 - substep -1
  Using Reconst:  - v_y - dir 0 - substep -1
  Using Reconst:  - v_z - dir 0 - substep -1
  Using Reconst:  - Etherm - dir 0 - substep -1
  RKSTEP = 2
  Using Reconst:  - rho - dir 0 - substep -1
  Using Reconst:  - v_x - dir 0 - substep -1
  Using Reconst:  - v_y - dir 0 - substep -1
  Using Reconst:  - v_z - dir 0 - substep -1
  Using Reconst:  - Etherm - dir 0 - substep -1
======================================================
Integrating: time = 0.0021754 with dt = 3.50791e-05 at step 64
  RKSTEP = 1
  Using Reconst:  - rho - dir 0 - substep -1
  Using Reconst:  - v_x - dir 0 - substep -1
  Using Reconst:  - v_y - dir 0 - substep -1
  Using Reconst:  - v_z - dir 0 - substep -1
  Using Reconst:  - Etherm - dir 0 - substep -1
  RKSTEP = 2
  Using Reconst:  - rho - dir 0 - substep -1
  Using Reconst:  - v_x - dir 0 - substep -1
  Using Reconst:  - v_y - dir 0 - substep -1
  Using Reconst:  - v_z - dir 0 - substep -1
  Using Reconst:  - Etherm - dir 0 - substep -1
------------------------------------------------------
 Time needed for substeps:  0.0411751 0.010572
             for full step: 0.103634
-------Fluctuations-----------------------------------
 E_kin:  0.000e+00 E_dyn:  0.000e+00
-------Energertics:-----------------------------------
 E_ges:  1.290e+03 E_th:   0.000e+00
-------Dynamics:--------------------------------------
 Vorti.: 0.000e+00 Enstr.: 0.000e+00 M_rms:       -nan
-------Conserved quantities:--------------------------
 Mass: 1.000e+00 err: -2.220e-16
 p_x:  -1.739e+01 err: 1.206e-01
 p_y:  0.000e+00 err: 0.000e+00
 p_z:  0.000e+00 err: 0.000e+00
 Eges: 1.290e+03 err: -1.516e+02
======================================================
Integrating: time = 0.00221047 with dt = 3.50791e-05 at step 65
  RKSTEP = 1
  Using Reconst:  - rho - dir 0 - substep -1
  Using Reconst:  - v_x - dir 0 - substep -1
  Using Reconst:  - v_y - dir 0 - substep -1
  Using Reconst:  - v_z - dir 0 - substep -1
  Using Reconst:  - Etherm - dir 0 - substep -1
  RKSTEP = 2
  Using Reconst:  - rho - dir 0 - substep -1
  Using Reconst:  - v_x - dir 0 - substep -1
  Using Reconst:  - v_y - dir 0 - substep -1
  Using Reconst:  - v_z - dir 0 - substep -1
  Using Reconst:  - Etherm - dir 0 - substep -1
======================================================
Integrating: time = 0.00224555 with dt = 3.50791e-05 at step 66
  RKSTEP = 1
  Using Reconst:  - rho - dir 0 - substep -1
  Using Reconst:  - v_x - dir 0 - substep -1
  Using Reconst:  - v_y - dir 0 - substep -1
  Using Reconst:  - v_z - dir 0 - substep -1
  Using Reconst:  - Etherm - dir 0 - substep -1
  RKSTEP = 2
  Using Reconst:  - rho - dir 0 - substep -1
  Using Reconst:  - v_x - dir 0 - substep -1
  Using Reconst:  - v_y - dir 0 - substep -1
  Using Reconst:  - v_z - dir 0 - substep -1
  Using Reconst:  - Etherm - dir 0 - substep -1
======================================================
Integrating: time = 0.00228063 with dt = 3.50791e-05 at step 67
  RKSTEP = 1
  Using Reconst:  - rho - dir 0 - substep -1
  Using Reconst:  - v_x - dir 0 - substep -1
  Using Reconst:  - v_y - dir 0 - substep -1
  Using Reconst:  - v_z - dir 0 - substep -1
  Using Reconst:  - Etherm - dir 0 - substep -1
  RKSTEP = 2
  Using Reconst:  - rho - dir 0 - substep -1
  Using Reconst:  - v_x - dir 0 - substep -1
  Using Reconst:  - v_y - dir 0 - substep -1
  Using Reconst:  - v_z - dir 0 - substep -1
  Using Reconst:  - Etherm - dir 0 - substep -1
======================================================
Integrating: time = 0.00231571 with dt = 3.50791e-05 at step 68
  RKSTEP = 1
  Using Reconst:  - rho - dir 0 - substep -1
  Using Reconst:  - v_x - dir 0 - substep -1
  Using Reconst:  - v_y - dir 0 - substep -1
  Using Reconst:  - v_z - dir 0 - substep -1
  Using Reconst:  - Etherm - dir 0 - substep -1
  RKSTEP = 2
  Using Reconst:  - rho - dir 0 - substep -1
  Using Reconst:  - v_x - dir 0 - substep -1
  Using Reconst:  - v_y - dir 0 - substep -1
  Using Reconst:  - v_z - dir 0 - substep -1
  Using Reconst:  - Etherm - dir 0 - substep -1
======================================================
Integrating: time = 0.00235079 with dt = 3.50791e-05 at step 69
  RKSTEP = 1
  Using Reconst:  - rho - dir 0 - substep -1
  Using Reconst:  - v_x - dir 0 - substep -1
  Using Reconst:  - v_y - dir 0 - substep -1
  Using Reconst:  - v_z - dir 0 - substep -1
  Using Reconst:  - Etherm - dir 0 - substep -1
  RKSTEP = 2
  Using Reconst:  - rho - dir 0 - substep -1
  Using Reconst:  - v_x - dir 0 - substep -1
  Using Reconst:  - v_y - dir 0 - substep -1
  Using Reconst:  - v_z - dir 0 - substep -1
  Using Reconst:  - Etherm - dir 0 - substep -1
======================================================
Integrating: time = 0.00238587 with dt = 3.50791e-05 at step 70
  RKSTEP = 1
  Using Reconst:  - rho - dir 0 - substep -1
  Using Reconst:  - v_x - dir 0 - substep -1
  Using Reconst:  - v_y - dir 0 - substep -1
  Using Reconst:  - v_z - dir 0 - substep -1
  Using Reconst:  - Etherm - dir 0 - substep -1
  RKSTEP = 2
  Using Reconst:  - rho - dir 0 - substep -1
  Using Reconst:  - v_x - dir 0 - substep -1
  Using Reconst:  - v_y - dir 0 - substep -1
  Using Reconst:  - v_z - dir 0 - substep -1
  Using Reconst:  - Etherm - dir 0 - substep -1
======================================================
Integrating: time = 0.00242095 with dt = 3.50791e-05 at step 71
  RKSTEP = 1
  Using Reconst:  - rho - dir 0 - substep -1
  Using Reconst:  - v_x - dir 0 - substep -1
  Using Reconst:  - v_y - dir 0 - substep -1
  Using Reconst:  - v_z - dir 0 - substep -1
  Using Reconst:  - Etherm - dir 0 - substep -1
  RKSTEP = 2
  Using Reconst:  - rho - dir 0 - substep -1
  Using Reconst:  - v_x - dir 0 - substep -1
  Using Reconst:  - v_y - dir 0 - substep -1
  Using Reconst:  - v_z - dir 0 - substep -1
  Using Reconst:  - Etherm - dir 0 - substep -1
======================================================
Integrating: time = 0.00245603 with dt = 3.50791e-05 at step 72
  RKSTEP = 1
  Using Reconst:  - rho - dir 0 - substep -1
  Using Reconst:  - v_x - dir 0 - substep -1
  Using Reconst:  - v_y - dir 0 - substep -1
  Using Reconst:  - v_z - dir 0 - substep -1
  Using Reconst:  - Etherm - dir 0 - substep -1
  RKSTEP = 2
  Using Reconst:  - rho - dir 0 - substep -1
  Using Reconst:  - v_x - dir 0 - substep -1
[...]
  Using Reconst:  - rho - dir 0 - substep -1
  Using Reconst:  - v_x - dir 0 - substep -1
  Using Reconst:  - v_y - dir 0 - substep -1
  Using Reconst:  - v_z - dir 0 - substep -1
  Using Reconst:  - Etherm - dir 0 - substep -1
  RKSTEP = 2
  Using Reconst:  - rho - dir 0 - substep -1
  Using Reconst:  - v_x - dir 0 - substep -1
  Using Reconst:  - v_y - dir 0 - substep -1
  Using Reconst:  - v_z - dir 0 - substep -1
  Using Reconst:  - Etherm - dir 0 - substep -1
======================================================
Integrating: time = 0.0485333 with dt = 5.92527e-05 at step 964
  RKSTEP = 1
  Using Reconst:  - rho - dir 0 - substep -1
  Using Reconst:  - v_x - dir 0 - substep -1
  Using Reconst:  - v_y - dir 0 - substep -1
  Using Reconst:  - v_z - dir 0 - substep -1
  Using Reconst:  - Etherm - dir 0 - substep -1
  RKSTEP = 2
  Using Reconst:  - rho - dir 0 - substep -1
  Using Reconst:  - v_x - dir 0 - substep -1
  Using Reconst:  - v_y - dir 0 - substep -1
  Using Reconst:  - v_z - dir 0 - substep -1
  Using Reconst:  - Etherm - dir 0 - substep -1
------------------------------------------------------
 Time needed for substeps:  0.0328951 0.00964308
             for full step: 0.107912
-------Fluctuations-----------------------------------
 E_kin:  0.000e+00 E_dyn:  0.000e+00
-------Energertics:-----------------------------------
 E_ges:  8.570e+02 E_th:   0.000e+00
-------Dynamics:--------------------------------------
 Vorti.: 0.000e+00 Enstr.: 0.000e+00 M_rms:       -nan
-------Conserved quantities:--------------------------
 Mass: 1.740e+00 err: 7.401e-01
 p_x:  -6.071e+00 err: 1.239e+00
 p_y:  0.000e+00 err: 0.000e+00
 p_z:  0.000e+00 err: 0.000e+00
 Eges: 8.570e+02 err: -5.850e+02
======================================================
Integrating: time = 0.0485925 with dt = 5.92527e-05 at step 965
  RKSTEP = 1
  Using Reconst:  - rho - dir 0 - substep -1
  Using Reconst:  - v_x - dir 0 - substep -1
  Using Reconst:  - v_y - dir 0 - substep -1
  Using Reconst:  - v_z - dir 0 - substep -1
  Using Reconst:  - Etherm - dir 0 - substep -1
  RKSTEP = 2
  Using Reconst:  - rho - dir 0 - substep -1
  Using Reconst:  - v_x - dir 0 - substep -1
  Using Reconst:  - v_y - dir 0 - substep -1
  Using Reconst:  - v_z - dir 0 - substep -1
  Using Reconst:  - Etherm - dir 0 - substep -1
======================================================
Integrating: time = 0.0486518 with dt = 5.92527e-05 at step 966
  RKSTEP = 1
  Using Reconst:  - rho - dir 0 - substep -1
  Using Reconst:  - v_x - dir 0 - substep -1
  Using Reconst:  - v_y - dir 0 - substep -1
  Using Reconst:  - v_z - dir 0 - substep -1
  Using Reconst:  - Etherm - dir 0 - substep -1
  RKSTEP = 2
  Using Reconst:  - rho - dir 0 - substep -1
  Using Reconst:  - v_x - dir 0 - substep -1
  Using Reconst:  - v_y - dir 0 - substep -1
  Using Reconst:  - v_z - dir 0 - substep -1
  Using Reconst:  - Etherm - dir 0 - substep -1
======================================================
Integrating: time = 0.048711 with dt = 5.92527e-05 at step 967
  RKSTEP = 1
  Using Reconst:  - rho - dir 0 - substep -1
  Using Reconst:  - v_x - dir 0 - substep -1
  Using Reconst:  - v_y - dir 0 - substep -1
  Using Reconst:  - v_z - dir 0 - substep -1
  Using Reconst:  - Etherm - dir 0 - substep -1
  RKSTEP = 2
  Using Reconst:  - rho - dir 0 - substep -1
  Using Reconst:  - v_x - dir 0 - substep -1
  Using Reconst:  - v_y - dir 0 - substep -1
  Using Reconst:  - v_z - dir 0 - substep -1
  Using Reconst:  - Etherm - dir 0 - substep -1
======================================================
Integrating: time = 0.0487703 with dt = 5.92527e-05 at step 968
  RKSTEP = 1
  Using Reconst:  - rho - dir 0 - substep -1
  Using Reconst:  - v_x - dir 0 - substep -1
  Using Reconst:  - v_y - dir 0 - substep -1
  Using Reconst:  - v_z - dir 0 - substep -1
  Using Reconst:  - Etherm - dir 0 - substep -1
  RKSTEP = 2
  Using Reconst:  - rho - dir 0 - substep -1
  Using Reconst:  - v_x - dir 0 - substep -1
  Using Reconst:  - v_y - dir 0 - substep -1
  Using Reconst:  - v_z - dir 0 - substep -1
  Using Reconst:  - Etherm - dir 0 - substep -1
======================================================
Integrating: time = 0.0488295 with dt = 5.92527e-05 at step 969
  RKSTEP = 1
  Using Reconst:  - rho - dir 0 - substep -1
  Using Reconst:  - v_x - dir 0 - substep -1
  Using Reconst:  - v_y - dir 0 - substep -1
  Using Reconst:  - v_z - dir 0 - substep -1
  Using Reconst:  - Etherm - dir 0 - substep -1
  RKSTEP = 2
  Using Reconst:  - rho - dir 0 - substep -1
  Using Reconst:  - v_x - dir 0 - substep -1
  Using Reconst:  - v_y - dir 0 - substep -1
  Using Reconst:  - v_z - dir 0 - substep -1
  Using Reconst:  - Etherm - dir 0 - substep -1
======================================================
Integrating: time = 0.0488888 with dt = 5.92527e-05 at step 970
  RKSTEP = 1
  Using Reconst:  - rho - dir 0 - substep -1
  Using Reconst:  - v_x - dir 0 - substep -1
  Using Reconst:  - v_y - dir 0 - substep -1
  Using Reconst:  - v_z - dir 0 - substep -1
  Using Reconst:  - Etherm - dir 0 - substep -1
  RKSTEP = 2
  Using Reconst:  - rho - dir 0 - substep -1
  Using Reconst:  - v_x - dir 0 - substep -1
  Using Reconst:  - v_y - dir 0 - substep -1
  Using Reconst:  - v_z - dir 0 - substep -1
  Using Reconst:  - Etherm - dir 0 - substep -1
======================================================
Integrating: time = 0.048948 with dt = 5.19569e-05 at step 971
  RKSTEP = 1
  Using Reconst:  - rho - dir 0 - substep -1
  Using Reconst:  - v_x - dir 0 - substep -1
  Using Reconst:  - v_y - dir 0 - substep -1
  Using Reconst:  - v_z - dir 0 - substep -1
  Using Reconst:  - Etherm - dir 0 - substep -1
  RKSTEP = 2
  Using Reconst:  - rho - dir 0 - substep -1
  Using Reconst:  - v_x - dir 0 - substep -1
  Using Reconst:  - v_y - dir 0 - substep -1
  Using Reconst:  - v_z - dir 0 - substep -1
  Using Reconst:  - Etherm - dir 0 - substep -1
......................................................
   Output (flt)  triggered at time: 0.049
......................................................
======================================================
Integrating: time = 0.049 with dt = 5.92527e-05 at step 972
  RKSTEP = 1
  Using Reconst:  - rho - dir 0 - substep -1
  Using Reconst:  - v_x - dir 0 - substep -1
  Using Reconst:  - v_y - dir 0 - substep -1
  Using Reconst:  - v_z - dir 0 - substep -1
  Using Reconst:  - Etherm - dir 0 - substep -1
  RKSTEP = 2
  Using Reconst:  - rho - dir 0 - substep -1
  Using Reconst:  - v_x - dir 0 - substep -1
  Using Reconst:  - v_y - dir 0 - substep -1
  Using Reconst:  - v_z - dir 0 - substep -1
  Using Reconst:  - Etherm - dir 0 - substep -1
======================================================
Integrating: time = 0.0490593 with dt = 5.92527e-05 at step 973
  RKSTEP = 1
  Using Reconst:  - rho - dir 0 - substep -1
  Using Reconst:  - v_x - dir 0 - substep -1
  Using Reconst:  - v_y - dir 0 - substep -1
  Using Reconst:  - v_z - dir 0 - substep -1
  Using Reconst:  - Etherm - dir 0 - substep -1
  RKSTEP = 2
  Using Reconst:  - rho - dir 0 - substep -1
  Using Reconst:  - v_x - dir 0 - substep -1
  Using Reconst:  - v_y - dir 0 - substep -1
  Using Reconst:  - v_z - dir 0 - substep -1
  Using Reconst:  - Etherm - dir 0 - substep -1
------------------------------------------------------
 Time needed for substeps:  0.0355701 0.00959587
             for full step: 0.101379
-------Fluctuations-----------------------------------
 E_kin:  0.000e+00 E_dyn:  0.000e+00
-------Energertics:-----------------------------------
 E_ges:  8.590e+02 E_th:   0.000e+00
-------Dynamics:--------------------------------------
 Vorti.: 0.000e+00 Enstr.: 0.000e+00 M_rms:       -nan
-------Conserved quantities:--------------------------
 Mass: 1.750e+00 err: 7.504e-01
 p_x:  -6.030e+00 err: 1.249e+00
 p_y:  0.000e+00 err: 0.000e+00
 p_z:  0.000e+00 err: 0.000e+00
 Eges: 8.590e+02 err: -5.830e+02
======================================================
Integrating: time = 0.0491185 with dt = 5.92527e-05 at step 974
  RKSTEP = 1
  Using Reconst:  - rho - dir 0 - substep -1
  Using Reconst:  - v_x - dir 0 - substep -1
  Using Reconst:  - v_y - dir 0 - substep -1
  Using Reconst:  - v_z - dir 0 - substep -1
  Using Reconst:  - Etherm - dir 0 - substep -1
  RKSTEP = 2
  Using Reconst:  - rho - dir 0 - substep -1
  Using Reconst:  - v_x - dir 0 - substep -1
  Using Reconst:  - v_y - dir 0 - substep -1
  Using Reconst:  - v_z - dir 0 - substep -1
  Using Reconst:  - Etherm - dir 0 - substep -1
======================================================
Integrating: time = 0.0491778 with dt = 5.92527e-05 at step 975
  RKSTEP = 1
  Using Reconst:  - rho - dir 0 - substep -1
  Using Reconst:  - v_x - dir 0 - substep -1
  Using Reconst:  - v_y - dir 0 - substep -1
  Using Reconst:  - v_z - dir 0 - substep -1
  Using Reconst:  - Etherm - dir 0 - substep -1
  RKSTEP = 2
  Using Reconst:  - rho - dir 0 - substep -1
  Using Reconst:  - v_x - dir 0 - substep -1
  Using Reconst:  - v_y - dir 0 - substep -1
  Using Reconst:  - v_z - dir 0 - substep -1
  Using Reconst:  - Etherm - dir 0 - substep -1
======================================================
Integrating: time = 0.049237 with dt = 5.92527e-05 at step 976
  RKSTEP = 1
  Using Reconst:  - rho - dir 0 - substep -1
  Using Reconst:  - v_x - dir 0 - substep -1
  Using Reconst:  - v_y - dir 0 - substep -1
  Using Reconst:  - v_z - dir 0 - substep -1
  Using Reconst:  - Etherm - dir 0 - substep -1
  RKSTEP = 2
  Using Reconst:  - rho - dir 0 - substep -1
  Using Reconst:  - v_x - dir 0 - substep -1
  Using Reconst:  - v_y - dir 0 - substep -1
  Using Reconst:  - v_z - dir 0 - substep -1
  Using Reconst:  - Etherm - dir 0 - substep -1
======================================================
Integrating: time = 0.0492963 with dt = 5.92527e-05 at step 977
  RKSTEP = 1
  Using Reconst:  - rho - dir 0 - substep -1
  Using Reconst:  - v_x - dir 0 - substep -1
  Using Reconst:  - v_y - dir 0 - substep -1
  Using Reconst:  - v_z - dir 0 - substep -1
  Using Reconst:  - Etherm - dir 0 - substep -1
  RKSTEP = 2
  Using Reconst:  - rho - dir 0 - substep -1
  Using Reconst:  - v_x - dir 0 - substep -1
  Using Reconst:  - v_y - dir 0 - substep -1
  Using Reconst:  - v_z - dir 0 - substep -1
  Using Reconst:  - Etherm - dir 0 - substep -1
======================================================
Integrating: time = 0.0493555 with dt = 5.92527e-05 at step 978
  RKSTEP = 1
  Using Reconst:  - rho - dir 0 - substep -1
  Using Reconst:  - v_x - dir 0 - substep -1
  Using Reconst:  - v_y - dir 0 - substep -1
  Using Reconst:  - v_z - dir 0 - substep -1
  Using Reconst:  - Etherm - dir 0 - substep -1
  RKSTEP = 2
  Using Reconst:  - rho - dir 0 - substep -1
  Using Reconst:  - v_x - dir 0 - substep -1
  Using Reconst:  - v_y - dir 0 - substep -1
  Using Reconst:  - v_z - dir 0 - substep -1
  Using Reconst:  - Etherm - dir 0 - substep -1
======================================================
Integrating: time = 0.0494148 with dt = 5.92527e-05 at step 979
  RKSTEP = 1
  Using Reconst:  - rho - dir 0 - substep -1
  Using Reconst:  - v_x - dir 0 - substep -1
  Using Reconst:  - v_y - dir 0 - substep -1
  Using Reconst:  - v_z - dir 0 - substep -1
  Using Reconst:  - Etherm - dir 0 - substep -1
  RKSTEP = 2
  Using Reconst:  - rho - dir 0 - substep -1
  Using Reconst:  - v_x - dir 0 - substep -1
  Using Reconst:  - v_y - dir 0 - substep -1
  Using Reconst:  - v_z - dir 0 - substep -1
  Using Reconst:  - Etherm - dir 0 - substep -1
======================================================
Integrating: time = 0.049474 with dt = 5.92527e-05 at step 980
  RKSTEP = 1
  Using Reconst:  - rho - dir 0 - substep -1
  Using Reconst:  - v_x - dir 0 - substep -1
  Using Reconst:  - v_y - dir 0 - substep -1
  Using Reconst:  - v_z - dir 0 - substep -1
  Using Reconst:  - Etherm - dir 0 - substep -1
  RKSTEP = 2
  Using Reconst:  - rho - dir 0 - substep -1
  Using Reconst:  - v_x - dir 0 - substep -1
  Using Reconst:  - v_y - dir 0 - substep -1
  Using Reconst:  - v_z - dir 0 - substep -1
  Using Reconst:  - Etherm - dir 0 - substep -1
======================================================
Integrating: time = 0.0495333 with dt = 5.92527e-05 at step 981
  RKSTEP = 1
  Using Reconst:  - rho - dir 0 - substep -1
  Using Reconst:  - v_x - dir 0 - substep -1
  Using Reconst:  - v_y - dir 0 - substep -1
  Using Reconst:  - v_z - dir 0 - substep -1
  Using Reconst:  - Etherm - dir 0 - substep -1
  RKSTEP = 2
  Using Reconst:  - rho - dir 0 - substep -1
  Using Reconst:  - v_x - dir 0 - substep -1
  Using Reconst:  - v_y - dir 0 - substep -1
  Using Reconst:  - v_z - dir 0 - substep -1
  Using Reconst:  - Etherm - dir 0 - substep -1
======================================================
Integrating: time = 0.0495925 with dt = 5.92526e-05 at step 982
  RKSTEP = 1
  Using Reconst:  - rho - dir 0 - substep -1
  Using Reconst:  - v_x - dir 0 - substep -1
  Using Reconst:  - v_y - dir 0 - substep -1
  Using Reconst:  - v_z - dir 0 - substep -1
  Using Reconst:  - Etherm - dir 0 - substep -1
  RKSTEP = 2
  Using Reconst:  - rho - dir 0 - substep -1
  Using Reconst:  - v_x - dir 0 - substep -1
  Using Reconst:  - v_y - dir 0 - substep -1
  Using Reconst:  - v_z - dir 0 - substep -1
  Using Reconst:  - Etherm - dir 0 - substep -1
------------------------------------------------------
 Time needed for substeps:  0.0321321 0.0105948
             for full step: 0.0953271
-------Fluctuations-----------------------------------
 E_kin:  0.000e+00 E_dyn:  0.000e+00
-------Energertics:-----------------------------------
 E_ges:  8.610e+02 E_th:   0.000e+00
-------Dynamics:--------------------------------------
 Vorti.: 0.000e+00 Enstr.: 0.000e+00 M_rms:       -nan
-------Conserved quantities:--------------------------
 Mass: 1.761e+00 err: 7.609e-01
 p_x:  -5.989e+00 err: 1.254e+00
 p_y:  0.000e+00 err: 0.000e+00
 p_z:  0.000e+00 err: 0.000e+00
 Eges: 8.610e+02 err: -5.810e+02
======================================================
Integrating: time = 0.0496518 with dt = 5.92526e-05 at step 983
  RKSTEP = 1
  Using Reconst:  - rho - dir 0 - substep -1
  Using Reconst:  - v_x - dir 0 - substep -1
  Using Reconst:  - v_y - dir 0 - substep -1
  Using Reconst:  - v_z - dir 0 - substep -1
  Using Reconst:  - Etherm - dir 0 - substep -1
  RKSTEP = 2
  Using Reconst:  - rho - dir 0 - substep -1
  Using Reconst:  - v_x - dir 0 - substep -1
  Using Reconst:  - v_y - dir 0 - substep -1
  Using Reconst:  - v_z - dir 0 - substep -1
  Using Reconst:  - Etherm - dir 0 - substep -1
======================================================
Integrating: time = 0.049711 with dt = 5.92526e-05 at step 984
  RKSTEP = 1
  Using Reconst:  - rho - dir 0 - substep -1
  Using Reconst:  - v_x - dir 0 - substep -1
  Using Reconst:  - v_y - dir 0 - substep -1
  Using Reconst:  - v_z - dir 0 - substep -1
  Using Reconst:  - Etherm - dir 0 - substep -1
  RKSTEP = 2
  Using Reconst:  - rho - dir 0 - substep -1
  Using Reconst:  - v_x - dir 0 - substep -1
  Using Reconst:  - v_y - dir 0 - substep -1
  Using Reconst:  - v_z - dir 0 - substep -1
  Using Reconst:  - Etherm - dir 0 - substep -1
======================================================
Integrating: time = 0.0497703 with dt = 5.92526e-05 at step 985
  RKSTEP = 1
  Using Reconst:  - rho - dir 0 - substep -1
  Using Reconst:  - v_x - dir 0 - substep -1
  Using Reconst:  - v_y - dir 0 - substep -1
  Using Reconst:  - v_z - dir 0 - substep -1
  Using Reconst:  - Etherm - dir 0 - substep -1
  RKSTEP = 2
  Using Reconst:  - rho - dir 0 - substep -1
  Using Reconst:  - v_x - dir 0 - substep -1
  Using Reconst:  - v_y - dir 0 - substep -1
  Using Reconst:  - v_z - dir 0 - substep -1
  Using Reconst:  - Etherm - dir 0 - substep -1
======================================================
Integrating: time = 0.0498295 with dt = 5.92526e-05 at step 986
  RKSTEP = 1
  Using Reconst:  - rho - dir 0 - substep -1
  Using Reconst:  - v_x - dir 0 - substep -1
  Using Reconst:  - v_y - dir 0 - substep -1
  Using Reconst:  - v_z - dir 0 - substep -1
  Using Reconst:  - Etherm - dir 0 - substep -1
  RKSTEP = 2
  Using Reconst:  - rho - dir 0 - substep -1
  Using Reconst:  - v_x - dir 0 - substep -1
  Using Reconst:  - v_y - dir 0 - substep -1
  Using Reconst:  - v_z - dir 0 - substep -1
  Using Reconst:  - Etherm - dir 0 - substep -1
======================================================
Integrating: time = 0.0498888 with dt = 5.92525e-05 at step 987
  RKSTEP = 1
  Using Reconst:  - rho - dir 0 - substep -1
  Using Reconst:  - v_x - dir 0 - substep -1
  Using Reconst:  - v_y - dir 0 - substep -1
  Using Reconst:  - v_z - dir 0 - substep -1
  Using Reconst:  - Etherm - dir 0 - substep -1
  RKSTEP = 2
  Using Reconst:  - rho - dir 0 - substep -1
  Using Reconst:  - v_x - dir 0 - substep -1
  Using Reconst:  - v_y - dir 0 - substep -1
  Using Reconst:  - v_z - dir 0 - substep -1
  Using Reconst:  - Etherm - dir 0 - substep -1
======================================================
Integrating: time = 0.049948 with dt = 5.19574e-05 at step 988
  RKSTEP = 1
  Using Reconst:  - rho - dir 0 - substep -1
  Using Reconst:  - v_x - dir 0 - substep -1
  Using Reconst:  - v_y - dir 0 - substep -1
  Using Reconst:  - v_z - dir 0 - substep -1
  Using Reconst:  - Etherm - dir 0 - substep -1
  RKSTEP = 2
  Using Reconst:  - rho - dir 0 - substep -1
  Using Reconst:  - v_x - dir 0 - substep -1
  Using Reconst:  - v_y - dir 0 - substep -1
  Using Reconst:  - v_z - dir 0 - substep -1
  Using Reconst:  - Etherm - dir 0 - substep -1
......................................................
   Output (flt)  triggered at time: 0.05
......................................................
======================================================
Integrating: time = 0.05 with dt = 5.92525e-05 at step 989
  RKSTEP = 1
  Using Reconst:  - rho - dir 0 - substep -1
  Using Reconst:  - v_x - dir 0 - substep -1
  Using Reconst:  - v_y - dir 0 - substep -1
  Using Reconst:  - v_z - dir 0 - substep -1
  Using Reconst:  - Etherm - dir 0 - substep -1
  RKSTEP = 2
  Using Reconst:  - rho - dir 0 - substep -1
  Using Reconst:  - v_x - dir 0 - substep -1
  Using Reconst:  - v_y - dir 0 - substep -1
  Using Reconst:  - v_z - dir 0 - substep -1
  Using Reconst:  - Etherm - dir 0 - substep -1
 Program exiting normally: 
 ------ Time integration completed ------ 
......................................................
   Output (flt)  triggered at time: 0.0500593
......................................................
finished finalizing, still inside SYCL scope
======================================================
 Total run time               1m:39.6969s
 Average time step duration   0.100704s
======================================================
finished finalizing, outside SYCL scope, exit code 1
<end of output>
Test time =  99.72 sec
----------------------------------------------------------
Test Passed.
"medium_run" end time: Sep 06 11:11 CEST
"medium_run" time elapsed: 00:01:39
----------------------------------------------------------

6/6 Testing: medium_compare
6/6 Test: medium_compare
Command: "/usr/bin/h5diff" "--exclude-path" "/Data/version" "/home/dproksch/Documents/master/master_thesis/repos/CronosCelerity/tests/SodToro5HllcRef_medium/SodToro5HllcRef_float/SodToro5HllcRef_flt_step990.h5" "/home/dproksch/Documents/master/master_thesis/repos/CronosCelerity/tests/SodToro5HllcRef_medium/SodToro5HllcRef_float/SodToro5HllcRef_flt_step990.h5"
Directory: /home/dproksch/Documents/master/master_thesis/repos/CronosCelerity
"medium_compare" start time: Sep 06 11:11 CEST
Output:
----------------------------------------------------------
<end of output>
Test time =   0.00 sec
----------------------------------------------------------
Test Passed.
"medium_compare" end time: Sep 06 11:11 CEST
"medium_compare" time elapsed: 00:00:00
----------------------------------------------------------

End testing: Sep 06 11:11 CEST
