Start testing: May 01 21:06 CEST
----------------------------------------------------------
Unable to find executable: /home/dproksch/master_thesis/CronosCelerityBlock/proj
1/1 Testing: small_run
1/1 Test: small_run
Command: "" "/home/dproksch/master_thesis/CronosCelerityBlock/tests/SedovExplosionHllcRef_small" "SedovCartesian_hllc"
Directory: /home/dproksch/master_thesis/CronosCelerityBlock
"small_run" start time: 
Output:
----------------------------------------------------------
<end of output>
Test time =   0.00 sec
----------------------------------------------------------
Test Passed.
"small_run" end time: May 01 21:06 CEST
"small_run" time elapsed: 00:00:00
----------------------------------------------------------

End testing: May 01 21:06 CEST
