Start testing: Nov 11 11:20 CET
----------------------------------------------------------
1/6 Testing: tiny_run
1/6 Test: tiny_run
Command: "/home/dproksch/Documents/master/master_thesis/repos/CronosCelerity/proj" "/home/dproksch/Documents/master/master_thesis/repos/CronosCelerity/tests/SodToro5HllcRef_tiny" "SodToro5HllcRef"
Directory: /home/dproksch/Documents/master/master_thesis/repos/CronosCelerity
"tiny_run" start time: Nov 11 11:20 CET
Output:
----------------------------------------------------------
/home/dproksch/Documents/master/master_thesis/repos/CronosCelerity/proj: error while loading shared libraries: libgsl.so.23: cannot open shared object file: No such file or directory
<end of output>
Test time =   0.00 sec
----------------------------------------------------------
Test Failed.
"tiny_run" end time: Nov 11 11:20 CET
"tiny_run" time elapsed: 00:00:00
----------------------------------------------------------

Failed test dependencies: tiny_run
2/6 Testing: tiny_compare
2/6 Test: tiny_compare
Command: ""
Directory: /home/dproksch/Documents/master/master_thesis/repos/CronosCelerity
"tiny_compare" start time: 
Output:
----------------------------------------------------------
<end of output>
Test time =   0.00 sec
----------------------------------------------------------
Test Passed.
"tiny_compare" end time: Nov 11 11:20 CET
"tiny_compare" time elapsed: 00:00:00
----------------------------------------------------------

3/6 Testing: small_run
3/6 Test: small_run
Command: "/home/dproksch/Documents/master/master_thesis/repos/CronosCelerity/proj" "/home/dproksch/Documents/master/master_thesis/repos/CronosCelerity/tests/SodToro5HllcRef_small" "SodToro5HllcRef"
Directory: /home/dproksch/Documents/master/master_thesis/repos/CronosCelerity
"small_run" start time: Nov 11 11:20 CET
Output:
----------------------------------------------------------
/home/dproksch/Documents/master/master_thesis/repos/CronosCelerity/proj: error while loading shared libraries: libgsl.so.23: cannot open shared object file: No such file or directory
<end of output>
Test time =   0.00 sec
----------------------------------------------------------
Test Fail Reason:
Error regular expression found in output. Regex=[error]
"small_run" end time: Nov 11 11:20 CET
"small_run" time elapsed: 00:00:00
----------------------------------------------------------

Failed test dependencies: small_run
4/6 Testing: small_compare
4/6 Test: small_compare
Command: ""
Directory: /home/dproksch/Documents/master/master_thesis/repos/CronosCelerity
"small_compare" start time: 
Output:
----------------------------------------------------------
<end of output>
Test time =   0.00 sec
----------------------------------------------------------
Test Passed.
"small_compare" end time: Nov 11 11:20 CET
"small_compare" time elapsed: 00:00:00
----------------------------------------------------------

5/6 Testing: medium_run
5/6 Test: medium_run
Command: "/home/dproksch/Documents/master/master_thesis/repos/CronosCelerity/proj" "/home/dproksch/Documents/master/master_thesis/repos/CronosCelerity/tests/SodToro5HllcRef_medium" "SodToro5HllcRef"
Directory: /home/dproksch/Documents/master/master_thesis/repos/CronosCelerity
"medium_run" start time: Nov 11 11:20 CET
Output:
----------------------------------------------------------
/home/dproksch/Documents/master/master_thesis/repos/CronosCelerity/proj: error while loading shared libraries: libgsl.so.23: cannot open shared object file: No such file or directory
<end of output>
Test time =   0.00 sec
----------------------------------------------------------
Test Failed.
"medium_run" end time: Nov 11 11:20 CET
"medium_run" time elapsed: 00:00:00
----------------------------------------------------------

Failed test dependencies: medium_run
6/6 Testing: medium_compare
6/6 Test: medium_compare
Command: ""
Directory: /home/dproksch/Documents/master/master_thesis/repos/CronosCelerity
"medium_compare" start time: 
Output:
----------------------------------------------------------
<end of output>
Test time =   0.00 sec
----------------------------------------------------------
Test Passed.
"medium_compare" end time: Nov 11 11:20 CET
"medium_compare" time elapsed: 00:00:00
----------------------------------------------------------

End testing: Nov 11 11:20 CET
